[0.148s] Invoking command in '/home/ml_nd/bumperbot_ws/build/bumperbot_controller': CMAKE_PREFIX_PATH=/opt/ros/humble /usr/bin/cmake --build /home/ml_nd/bumperbot_ws/build/bumperbot_controller -- -j4 -l4
[0.273s] [100%] Built target simple_controller
[0.280s] [100%] Built target ament_cmake_python_copy_bumperbot_controller
[0.859s] running egg_info
[0.861s] writing bumperbot_controller.egg-info/PKG-INFO
[0.861s] writing dependency_links to bumperbot_controller.egg-info/dependency_links.txt
[0.861s] writing top-level names to bumperbot_controller.egg-info/top_level.txt
[0.865s] reading manifest file 'bumperbot_controller.egg-info/SOURCES.txt'
[0.866s] writing manifest file 'bumperbot_controller.egg-info/SOURCES.txt'
[0.911s] [100%] Built target ament_cmake_python_build_bumperbot_controller_egg
[0.928s] Invoked command in '/home/ml_nd/bumperbot_ws/build/bumperbot_controller' returned '0': CMAKE_PREFIX_PATH=/opt/ros/humble /usr/bin/cmake --build /home/ml_nd/bumperbot_ws/build/bumperbot_controller -- -j4 -l4
[0.962s] Invoking command in '/home/ml_nd/bumperbot_ws/build/bumperbot_controller': CMAKE_PREFIX_PATH=/opt/ros/humble /usr/bin/cmake --install /home/ml_nd/bumperbot_ws/build/bumperbot_controller
[0.970s] -- Install configuration: ""
[0.971s] -- Up-to-date: /home/ml_nd/bumperbot_ws/install/bumperbot_controller/share/bumperbot_controller/environment/pythonpath.sh
[0.971s] -- Up-to-date: /home/ml_nd/bumperbot_ws/install/bumperbot_controller/share/bumperbot_controller/environment/pythonpath.dsv
[0.971s] -- Up-to-date: /home/ml_nd/bumperbot_ws/install/bumperbot_controller/local/lib/python3.10/dist-packages/bumperbot_controller-0.0.0-py3.10.egg-info
[0.972s] -- Installing: /home/ml_nd/bumperbot_ws/install/bumperbot_controller/local/lib/python3.10/dist-packages/bumperbot_controller-0.0.0-py3.10.egg-info/SOURCES.txt
[0.972s] -- Installing: /home/ml_nd/bumperbot_ws/install/bumperbot_controller/local/lib/python3.10/dist-packages/bumperbot_controller-0.0.0-py3.10.egg-info/dependency_links.txt
[0.972s] -- Installing: /home/ml_nd/bumperbot_ws/install/bumperbot_controller/local/lib/python3.10/dist-packages/bumperbot_controller-0.0.0-py3.10.egg-info/top_level.txt
[0.972s] -- Installing: /home/ml_nd/bumperbot_ws/install/bumperbot_controller/local/lib/python3.10/dist-packages/bumperbot_controller-0.0.0-py3.10.egg-info/PKG-INFO
[0.972s] -- Up-to-date: /home/ml_nd/bumperbot_ws/install/bumperbot_controller/local/lib/python3.10/dist-packages/bumperbot_controller
[0.972s] -- Up-to-date: /home/ml_nd/bumperbot_ws/install/bumperbot_controller/local/lib/python3.10/dist-packages/bumperbot_controller/simple_controller.py
[0.973s] -- Up-to-date: /home/ml_nd/bumperbot_ws/install/bumperbot_controller/local/lib/python3.10/dist-packages/bumperbot_controller/__init__.py
[1.014s] Listing '/home/ml_nd/bumperbot_ws/install/bumperbot_controller/local/lib/python3.10/dist-packages/bumperbot_controller'...
[1.033s] -- Up-to-date: /home/ml_nd/bumperbot_ws/install/bumperbot_controller/include/include
[1.034s] -- Up-to-date: /home/ml_nd/bumperbot_ws/install/bumperbot_controller/include/include/bumperbot_controller
[1.034s] -- Up-to-date: /home/ml_nd/bumperbot_ws/install/bumperbot_controller/include/include/bumperbot_controller/simple_controller.hpp
[1.034s] -- Up-to-date: /home/ml_nd/bumperbot_ws/install/bumperbot_controller/lib/bumperbot_controller/simple_controller
[1.034s] -- Up-to-date: /home/ml_nd/bumperbot_ws/install/bumperbot_controller/share/bumperbot_controller/launch
[1.036s] -- Up-to-date: /home/ml_nd/bumperbot_ws/install/bumperbot_controller/share/bumperbot_controller/launch/controller.launch.py
[1.037s] -- Up-to-date: /home/ml_nd/bumperbot_ws/install/bumperbot_controller/share/bumperbot_controller/launch/joystick_teleop.launch.py
[1.037s] -- Up-to-date: /home/ml_nd/bumperbot_ws/install/bumperbot_controller/share/bumperbot_controller/config
[1.037s] -- Up-to-date: /home/ml_nd/bumperbot_ws/install/bumperbot_controller/share/bumperbot_controller/config/joy_teleop.yaml
[1.038s] -- Up-to-date: /home/ml_nd/bumperbot_ws/install/bumperbot_controller/share/bumperbot_controller/config/joy_config.yaml
[1.038s] -- Up-to-date: /home/ml_nd/bumperbot_ws/install/bumperbot_controller/share/bumperbot_controller/config/bumperbot_controllers.yaml
[1.038s] -- Up-to-date: /home/ml_nd/bumperbot_ws/install/bumperbot_controller/lib/bumperbot_controller/simple_controller.py
[1.039s] -- Up-to-date: /home/ml_nd/bumperbot_ws/install/bumperbot_controller/share/ament_index/resource_index/package_run_dependencies/bumperbot_controller
[1.039s] -- Up-to-date: /home/ml_nd/bumperbot_ws/install/bumperbot_controller/share/ament_index/resource_index/parent_prefix_path/bumperbot_controller
[1.039s] -- Up-to-date: /home/ml_nd/bumperbot_ws/install/bumperbot_controller/share/bumperbot_controller/environment/ament_prefix_path.sh
[1.040s] -- Up-to-date: /home/ml_nd/bumperbot_ws/install/bumperbot_controller/share/bumperbot_controller/environment/ament_prefix_path.dsv
[1.040s] -- Up-to-date: /home/ml_nd/bumperbot_ws/install/bumperbot_controller/share/bumperbot_controller/environment/path.sh
[1.040s] -- Up-to-date: /home/ml_nd/bumperbot_ws/install/bumperbot_controller/share/bumperbot_controller/environment/path.dsv
[1.040s] -- Up-to-date: /home/ml_nd/bumperbot_ws/install/bumperbot_controller/share/bumperbot_controller/local_setup.bash
[1.041s] -- Up-to-date: /home/ml_nd/bumperbot_ws/install/bumperbot_controller/share/bumperbot_controller/local_setup.sh
[1.041s] -- Up-to-date: /home/ml_nd/bumperbot_ws/install/bumperbot_controller/share/bumperbot_controller/local_setup.zsh
[1.041s] -- Up-to-date: /home/ml_nd/bumperbot_ws/install/bumperbot_controller/share/bumperbot_controller/local_setup.dsv
[1.041s] -- Installing: /home/ml_nd/bumperbot_ws/install/bumperbot_controller/share/bumperbot_controller/package.dsv
[1.041s] -- Up-to-date: /home/ml_nd/bumperbot_ws/install/bumperbot_controller/share/ament_index/resource_index/packages/bumperbot_controller
[1.042s] -- Up-to-date: /home/ml_nd/bumperbot_ws/install/bumperbot_controller/share/bumperbot_controller/cmake/bumperbot_controllerConfig.cmake
[1.042s] -- Up-to-date: /home/ml_nd/bumperbot_ws/install/bumperbot_controller/share/bumperbot_controller/cmake/bumperbot_controllerConfig-version.cmake
[1.042s] -- Up-to-date: /home/ml_nd/bumperbot_ws/install/bumperbot_controller/share/bumperbot_controller/package.xml
[1.051s] Invoked command in '/home/ml_nd/bumperbot_ws/build/bumperbot_controller' returned '0': CMAKE_PREFIX_PATH=/opt/ros/humble /usr/bin/cmake --install /home/ml_nd/bumperbot_ws/build/bumperbot_controller
