[1.626s] Invoking command in '/home/ml_nd/bumperbot_ws/src/bumperbot_py_examples': PYTHONPATH=/home/ml_nd/bumperbot_ws/build/bumperbot_py_examples/prefix_override:/home/ml_nd/bumperbot_ws/install/bumperbot_py_examples/lib/python3.10/site-packages:${PYTHONPATH} /usr/bin/python3 setup.py egg_info --egg-base ../../build/bumperbot_py_examples build --build-base /home/ml_nd/bumperbot_ws/build/bumperbot_py_examples/build install --record /home/ml_nd/bumperbot_ws/build/bumperbot_py_examples/install.log --single-version-externally-managed
[2.098s] running egg_info
[2.101s] writing ../../build/bumperbot_py_examples/bumperbot_py_examples.egg-info/PKG-INFO
[2.102s] writing dependency_links to ../../build/bumperbot_py_examples/bumperbot_py_examples.egg-info/dependency_links.txt
[2.102s] writing entry points to ../../build/bumperbot_py_examples/bumperbot_py_examples.egg-info/entry_points.txt
[2.102s] writing requirements to ../../build/bumperbot_py_examples/bumperbot_py_examples.egg-info/requires.txt
[2.102s] writing top-level names to ../../build/bumperbot_py_examples/bumperbot_py_examples.egg-info/top_level.txt
[2.105s] reading manifest file '../../build/bumperbot_py_examples/bumperbot_py_examples.egg-info/SOURCES.txt'
[2.107s] writing manifest file '../../build/bumperbot_py_examples/bumperbot_py_examples.egg-info/SOURCES.txt'
[2.108s] running build
[2.108s] running build_py
[2.108s] copying bumperbot_py_examples/simple_suscriber.py -> /home/ml_nd/bumperbot_ws/build/bumperbot_py_examples/build/lib/bumperbot_py_examples
[2.111s] running install
[2.112s] running install_lib
[2.112s] /usr/lib/python3/dist-packages/setuptools/command/install.py:34: SetuptoolsDeprecationWarning: setup.py install is deprecated. Use build and pip and other standards-based tools.
[2.112s]   warnings.warn(
[2.113s] copying /home/ml_nd/bumperbot_ws/build/bumperbot_py_examples/build/lib/bumperbot_py_examples/simple_suscriber.py -> /home/ml_nd/bumperbot_ws/install/bumperbot_py_examples/lib/python3.10/site-packages/bumperbot_py_examples
[2.119s] byte-compiling /home/ml_nd/bumperbot_ws/install/bumperbot_py_examples/lib/python3.10/site-packages/bumperbot_py_examples/simple_suscriber.py to simple_suscriber.cpython-310.pyc
[2.119s] running install_data
[2.120s] running install_egg_info
[2.121s] removing '/home/ml_nd/bumperbot_ws/install/bumperbot_py_examples/lib/python3.10/site-packages/bumperbot_py_examples-0.0.0-py3.10.egg-info' (and everything under it)
[2.121s] Copying ../../build/bumperbot_py_examples/bumperbot_py_examples.egg-info to /home/ml_nd/bumperbot_ws/install/bumperbot_py_examples/lib/python3.10/site-packages/bumperbot_py_examples-0.0.0-py3.10.egg-info
[2.123s] running install_scripts
[2.165s] Installing simple_publisher script to /home/ml_nd/bumperbot_ws/install/bumperbot_py_examples/lib/bumperbot_py_examples
[2.166s] Installing simple_subscriber script to /home/ml_nd/bumperbot_ws/install/bumperbot_py_examples/lib/bumperbot_py_examples
[2.166s] writing list of installed files to '/home/ml_nd/bumperbot_ws/build/bumperbot_py_examples/install.log'
[2.205s] Invoked command in '/home/ml_nd/bumperbot_ws/src/bumperbot_py_examples' returned '0': PYTHONPATH=/home/ml_nd/bumperbot_ws/build/bumperbot_py_examples/prefix_override:/home/ml_nd/bumperbot_ws/install/bumperbot_py_examples/lib/python3.10/site-packages:${PYTHONPATH} /usr/bin/python3 setup.py egg_info --egg-base ../../build/bumperbot_py_examples build --build-base /home/ml_nd/bumperbot_ws/build/bumperbot_py_examples/build install --record /home/ml_nd/bumperbot_ws/build/bumperbot_py_examples/install.log --single-version-externally-managed
