[1.284s] Invoking command in '/home/ml_nd/bumperbot_ws/src/bumperbot_py_examples': PYTHONPATH=/home/ml_nd/bumperbot_ws/build/bumperbot_py_examples/prefix_override:/home/ml_nd/bumperbot_ws/install/bumperbot_py_examples/lib/python3.10/site-packages:${PYTHONPATH} /usr/bin/python3 setup.py egg_info --egg-base ../../build/bumperbot_py_examples build --build-base /home/ml_nd/bumperbot_ws/build/bumperbot_py_examples/build install --record /home/ml_nd/bumperbot_ws/build/bumperbot_py_examples/install.log --single-version-externally-managed
[1.645s] running egg_info
[1.646s] writing ../../build/bumperbot_py_examples/bumperbot_py_examples.egg-info/PKG-INFO
[1.647s] writing dependency_links to ../../build/bumperbot_py_examples/bumperbot_py_examples.egg-info/dependency_links.txt
[1.647s] writing entry points to ../../build/bumperbot_py_examples/bumperbot_py_examples.egg-info/entry_points.txt
[1.647s] writing requirements to ../../build/bumperbot_py_examples/bumperbot_py_examples.egg-info/requires.txt
[1.647s] writing top-level names to ../../build/bumperbot_py_examples/bumperbot_py_examples.egg-info/top_level.txt
[1.650s] reading manifest file '../../build/bumperbot_py_examples/bumperbot_py_examples.egg-info/SOURCES.txt'
[1.651s] writing manifest file '../../build/bumperbot_py_examples/bumperbot_py_examples.egg-info/SOURCES.txt'
[1.652s] running build
[1.652s] running build_py
[1.652s] copying bumperbot_py_examples/simple_tf_kinematics.py -> /home/ml_nd/bumperbot_ws/build/bumperbot_py_examples/build/lib/bumperbot_py_examples
[1.654s] running install
[1.654s] /usr/lib/python3/dist-packages/setuptools/command/install.py:34: SetuptoolsDeprecationWarning: setup.py install is deprecated. Use build and pip and other standards-based tools.
[1.655s]   warnings.warn(
[1.655s] running install_lib
[1.656s] copying /home/ml_nd/bumperbot_ws/build/bumperbot_py_examples/build/lib/bumperbot_py_examples/simple_tf_kinematics.py -> /home/ml_nd/bumperbot_ws/install/bumperbot_py_examples/lib/python3.10/site-packages/bumperbot_py_examples
[1.658s] byte-compiling /home/ml_nd/bumperbot_ws/install/bumperbot_py_examples/lib/python3.10/site-packages/bumperbot_py_examples/simple_tf_kinematics.py to simple_tf_kinematics.cpython-310.pyc
[1.659s] running install_data
[1.660s] copying package.xml -> /home/ml_nd/bumperbot_ws/install/bumperbot_py_examples/share/bumperbot_py_examples
[1.660s] running install_egg_info
[1.663s] removing '/home/ml_nd/bumperbot_ws/install/bumperbot_py_examples/lib/python3.10/site-packages/bumperbot_py_examples-0.0.0-py3.10.egg-info' (and everything under it)
[1.663s] Copying ../../build/bumperbot_py_examples/bumperbot_py_examples.egg-info to /home/ml_nd/bumperbot_ws/install/bumperbot_py_examples/lib/python3.10/site-packages/bumperbot_py_examples-0.0.0-py3.10.egg-info
[1.664s] running install_scripts
[1.686s] Installing simple_parameter script to /home/ml_nd/bumperbot_ws/install/bumperbot_py_examples/lib/bumperbot_py_examples
[1.686s] Installing simple_publisher script to /home/ml_nd/bumperbot_ws/install/bumperbot_py_examples/lib/bumperbot_py_examples
[1.686s] Installing simple_service_client script to /home/ml_nd/bumperbot_ws/install/bumperbot_py_examples/lib/bumperbot_py_examples
[1.686s] Installing simple_service_server script to /home/ml_nd/bumperbot_ws/install/bumperbot_py_examples/lib/bumperbot_py_examples
[1.686s] Installing simple_subscriber script to /home/ml_nd/bumperbot_ws/install/bumperbot_py_examples/lib/bumperbot_py_examples
[1.687s] Installing simple_tf_kinematics script to /home/ml_nd/bumperbot_ws/install/bumperbot_py_examples/lib/bumperbot_py_examples
[1.687s] Installing simple_turtlesim_kinematics script to /home/ml_nd/bumperbot_ws/install/bumperbot_py_examples/lib/bumperbot_py_examples
[1.687s] writing list of installed files to '/home/ml_nd/bumperbot_ws/build/bumperbot_py_examples/install.log'
[1.718s] Invoked command in '/home/ml_nd/bumperbot_ws/src/bumperbot_py_examples' returned '0': PYTHONPATH=/home/ml_nd/bumperbot_ws/build/bumperbot_py_examples/prefix_override:/home/ml_nd/bumperbot_ws/install/bumperbot_py_examples/lib/python3.10/site-packages:${PYTHONPATH} /usr/bin/python3 setup.py egg_info --egg-base ../../build/bumperbot_py_examples build --build-base /home/ml_nd/bumperbot_ws/build/bumperbot_py_examples/build install --record /home/ml_nd/bumperbot_ws/build/bumperbot_py_examples/install.log --single-version-externally-managed
