[0.877s] Invoking command in '/home/ml_nd/bumperbot_ws/src/bumperbot_py_examples': AMENT_PREFIX_PATH=/home/ml_nd/bumperbot_ws/install/bumperbot_msgs:${AMENT_PREFIX_PATH} CMAKE_PREFIX_PATH=/home/ml_nd/bumperbot_ws/install/bumperbot_msgs LD_LIBRARY_PATH=/home/ml_nd/bumperbot_ws/install/bumperbot_msgs/lib:${LD_LIBRARY_PATH} PYTHONPATH=/home/ml_nd/bumperbot_ws/build/bumperbot_py_examples/prefix_override:/home/ml_nd/bumperbot_ws/install/bumperbot_py_examples/lib/python3.10/site-packages:/home/ml_nd/bumperbot_ws/install/bumperbot_msgs/local/lib/python3.10/dist-packages:${PYTHONPATH} /usr/bin/python3 setup.py egg_info --egg-base ../../build/bumperbot_py_examples build --build-base /home/ml_nd/bumperbot_ws/build/bumperbot_py_examples/build install --record /home/ml_nd/bumperbot_ws/build/bumperbot_py_examples/install.log --single-version-externally-managed
[1.137s] running egg_info
[1.138s] writing ../../build/bumperbot_py_examples/bumperbot_py_examples.egg-info/PKG-INFO
[1.138s] writing dependency_links to ../../build/bumperbot_py_examples/bumperbot_py_examples.egg-info/dependency_links.txt
[1.139s] writing entry points to ../../build/bumperbot_py_examples/bumperbot_py_examples.egg-info/entry_points.txt
[1.139s] writing requirements to ../../build/bumperbot_py_examples/bumperbot_py_examples.egg-info/requires.txt
[1.139s] writing top-level names to ../../build/bumperbot_py_examples/bumperbot_py_examples.egg-info/top_level.txt
[1.142s] reading manifest file '../../build/bumperbot_py_examples/bumperbot_py_examples.egg-info/SOURCES.txt'
[1.143s] writing manifest file '../../build/bumperbot_py_examples/bumperbot_py_examples.egg-info/SOURCES.txt'
[1.143s] running build
[1.143s] running build_py
[1.144s] copying bumperbot_py_examples/simple_service_client.py -> /home/ml_nd/bumperbot_ws/build/bumperbot_py_examples/build/lib/bumperbot_py_examples
[1.145s] running install
[1.146s] /usr/lib/python3/dist-packages/setuptools/command/install.py:34: SetuptoolsDeprecationWarning: setup.py install is deprecated. Use build and pip and other standards-based tools.
[1.146s]   warnings.warn(
[1.146s] running install_lib
[1.147s] copying /home/ml_nd/bumperbot_ws/build/bumperbot_py_examples/build/lib/bumperbot_py_examples/simple_service_client.py -> /home/ml_nd/bumperbot_ws/install/bumperbot_py_examples/lib/python3.10/site-packages/bumperbot_py_examples
[1.148s] byte-compiling /home/ml_nd/bumperbot_ws/install/bumperbot_py_examples/lib/python3.10/site-packages/bumperbot_py_examples/simple_service_client.py to simple_service_client.cpython-310.pyc
[1.149s] running install_data
[1.150s] running install_egg_info
[1.152s] removing '/home/ml_nd/bumperbot_ws/install/bumperbot_py_examples/lib/python3.10/site-packages/bumperbot_py_examples-0.0.0-py3.10.egg-info' (and everything under it)
[1.153s] Copying ../../build/bumperbot_py_examples/bumperbot_py_examples.egg-info to /home/ml_nd/bumperbot_ws/install/bumperbot_py_examples/lib/python3.10/site-packages/bumperbot_py_examples-0.0.0-py3.10.egg-info
[1.154s] running install_scripts
[1.175s] Installing simple_parameter script to /home/ml_nd/bumperbot_ws/install/bumperbot_py_examples/lib/bumperbot_py_examples
[1.175s] Installing simple_publisher script to /home/ml_nd/bumperbot_ws/install/bumperbot_py_examples/lib/bumperbot_py_examples
[1.175s] Installing simple_service_client script to /home/ml_nd/bumperbot_ws/install/bumperbot_py_examples/lib/bumperbot_py_examples
[1.175s] Installing simple_service_server script to /home/ml_nd/bumperbot_ws/install/bumperbot_py_examples/lib/bumperbot_py_examples
[1.175s] Installing simple_subscriber script to /home/ml_nd/bumperbot_ws/install/bumperbot_py_examples/lib/bumperbot_py_examples
[1.175s] Installing simple_tf_kinematics script to /home/ml_nd/bumperbot_ws/install/bumperbot_py_examples/lib/bumperbot_py_examples
[1.176s] Installing simple_turtlesim_kinematics script to /home/ml_nd/bumperbot_ws/install/bumperbot_py_examples/lib/bumperbot_py_examples
[1.176s] writing list of installed files to '/home/ml_nd/bumperbot_ws/build/bumperbot_py_examples/install.log'
[1.201s] Invoked command in '/home/ml_nd/bumperbot_ws/src/bumperbot_py_examples' returned '0': AMENT_PREFIX_PATH=/home/ml_nd/bumperbot_ws/install/bumperbot_msgs:${AMENT_PREFIX_PATH} CMAKE_PREFIX_PATH=/home/ml_nd/bumperbot_ws/install/bumperbot_msgs LD_LIBRARY_PATH=/home/ml_nd/bumperbot_ws/install/bumperbot_msgs/lib:${LD_LIBRARY_PATH} PYTHONPATH=/home/ml_nd/bumperbot_ws/build/bumperbot_py_examples/prefix_override:/home/ml_nd/bumperbot_ws/install/bumperbot_py_examples/lib/python3.10/site-packages:/home/ml_nd/bumperbot_ws/install/bumperbot_msgs/local/lib/python3.10/dist-packages:${PYTHONPATH} /usr/bin/python3 setup.py egg_info --egg-base ../../build/bumperbot_py_examples build --build-base /home/ml_nd/bumperbot_ws/build/bumperbot_py_examples/build install --record /home/ml_nd/bumperbot_ws/build/bumperbot_py_examples/install.log --single-version-externally-managed
