[0.115s] Invoking command in '/home/ml_nd/bumperbot_ws/build/bumperbot_localization': CMAKE_PREFIX_PATH=/opt/ros/humble /usr/bin/cmake --build /home/ml_nd/bumperbot_ws/build/bumperbot_localization -- -j4 -l4
[0.253s] [35m[1mConsolidate compiler generated dependencies of target kalman_filter[0m
[0.268s] [35m[1mConsolidate compiler generated dependencies of target imu_republisher[0m
[0.330s] [ 50%] Built target kalman_filter
[0.335s] [100%] Built target imu_republisher
[0.350s] [100%] Built target ament_cmake_python_copy_bumperbot_localization
[0.939s] running egg_info
[0.939s] writing bumperbot_localization.egg-info/PKG-INFO
[0.939s] writing dependency_links to bumperbot_localization.egg-info/dependency_links.txt
[0.939s] writing top-level names to bumperbot_localization.egg-info/top_level.txt
[0.943s] reading manifest file 'bumperbot_localization.egg-info/SOURCES.txt'
[0.944s] writing manifest file 'bumperbot_localization.egg-info/SOURCES.txt'
[1.000s] [100%] Built target ament_cmake_python_build_bumperbot_localization_egg
[1.015s] Invoked command in '/home/ml_nd/bumperbot_ws/build/bumperbot_localization' returned '0': CMAKE_PREFIX_PATH=/opt/ros/humble /usr/bin/cmake --build /home/ml_nd/bumperbot_ws/build/bumperbot_localization -- -j4 -l4
[1.074s] Invoking command in '/home/ml_nd/bumperbot_ws/build/bumperbot_localization': CMAKE_PREFIX_PATH=/opt/ros/humble /usr/bin/cmake --install /home/ml_nd/bumperbot_ws/build/bumperbot_localization
[1.086s] -- Install configuration: ""
[1.086s] -- Up-to-date: /home/ml_nd/bumperbot_ws/install/bumperbot_localization/share/bumperbot_localization/environment/pythonpath.sh
[1.088s] -- Up-to-date: /home/ml_nd/bumperbot_ws/install/bumperbot_localization/share/bumperbot_localization/environment/pythonpath.dsv
[1.088s] -- Up-to-date: /home/ml_nd/bumperbot_ws/install/bumperbot_localization/local/lib/python3.10/dist-packages/bumperbot_localization-0.0.0-py3.10.egg-info
[1.089s] -- Installing: /home/ml_nd/bumperbot_ws/install/bumperbot_localization/local/lib/python3.10/dist-packages/bumperbot_localization-0.0.0-py3.10.egg-info/SOURCES.txt
[1.090s] -- Installing: /home/ml_nd/bumperbot_ws/install/bumperbot_localization/local/lib/python3.10/dist-packages/bumperbot_localization-0.0.0-py3.10.egg-info/dependency_links.txt
[1.091s] -- Installing: /home/ml_nd/bumperbot_ws/install/bumperbot_localization/local/lib/python3.10/dist-packages/bumperbot_localization-0.0.0-py3.10.egg-info/top_level.txt
[1.091s] -- Installing: /home/ml_nd/bumperbot_ws/install/bumperbot_localization/local/lib/python3.10/dist-packages/bumperbot_localization-0.0.0-py3.10.egg-info/PKG-INFO
[1.092s] -- Up-to-date: /home/ml_nd/bumperbot_ws/install/bumperbot_localization/local/lib/python3.10/dist-packages/bumperbot_localization
[1.093s] -- Up-to-date: /home/ml_nd/bumperbot_ws/install/bumperbot_localization/local/lib/python3.10/dist-packages/bumperbot_localization/imu_republisher.py
[1.094s] -- Up-to-date: /home/ml_nd/bumperbot_ws/install/bumperbot_localization/local/lib/python3.10/dist-packages/bumperbot_localization/kalman_filter.py
[1.094s] -- Up-to-date: /home/ml_nd/bumperbot_ws/install/bumperbot_localization/local/lib/python3.10/dist-packages/bumperbot_localization/__init__.py
[1.150s] Listing '/home/ml_nd/bumperbot_ws/install/bumperbot_localization/local/lib/python3.10/dist-packages/bumperbot_localization'...
[1.156s] -- Up-to-date: /home/ml_nd/bumperbot_ws/install/bumperbot_localization/include/include
[1.156s] -- Up-to-date: /home/ml_nd/bumperbot_ws/install/bumperbot_localization/include/include/bumperbot_localization
[1.156s] -- Up-to-date: /home/ml_nd/bumperbot_ws/install/bumperbot_localization/include/include/bumperbot_localization/kalman_filter.hpp
[1.157s] -- Up-to-date: /home/ml_nd/bumperbot_ws/install/bumperbot_localization/lib/bumperbot_localization/kalman_filter
[1.157s] -- Up-to-date: /home/ml_nd/bumperbot_ws/install/bumperbot_localization/lib/bumperbot_localization/imu_republisher
[1.157s] -- Installing: /home/ml_nd/bumperbot_ws/install/bumperbot_localization/share/bumperbot_localization/launch
[1.157s] -- Installing: /home/ml_nd/bumperbot_ws/install/bumperbot_localization/share/bumperbot_localization/launch/local_localization.launch.py
[1.158s] -- Installing: /home/ml_nd/bumperbot_ws/install/bumperbot_localization/share/bumperbot_localization/config
[1.158s] -- Installing: /home/ml_nd/bumperbot_ws/install/bumperbot_localization/share/bumperbot_localization/config/ekf.yaml
[1.159s] -- Installing: /home/ml_nd/bumperbot_ws/install/bumperbot_localization/lib/bumperbot_localization/kalman_filter.py
[1.159s] -- Installing: /home/ml_nd/bumperbot_ws/install/bumperbot_localization/lib/bumperbot_localization/imu_republisher.py
[1.159s] -- Installing: /home/ml_nd/bumperbot_ws/install/bumperbot_localization/share/ament_index/resource_index/package_run_dependencies/bumperbot_localization
[1.160s] -- Up-to-date: /home/ml_nd/bumperbot_ws/install/bumperbot_localization/share/ament_index/resource_index/parent_prefix_path/bumperbot_localization
[1.161s] -- Up-to-date: /home/ml_nd/bumperbot_ws/install/bumperbot_localization/share/bumperbot_localization/environment/ament_prefix_path.sh
[1.161s] -- Installing: /home/ml_nd/bumperbot_ws/install/bumperbot_localization/share/bumperbot_localization/environment/ament_prefix_path.dsv
[1.161s] -- Up-to-date: /home/ml_nd/bumperbot_ws/install/bumperbot_localization/share/bumperbot_localization/environment/path.sh
[1.162s] -- Installing: /home/ml_nd/bumperbot_ws/install/bumperbot_localization/share/bumperbot_localization/environment/path.dsv
[1.162s] -- Up-to-date: /home/ml_nd/bumperbot_ws/install/bumperbot_localization/share/bumperbot_localization/local_setup.bash
[1.162s] -- Installing: /home/ml_nd/bumperbot_ws/install/bumperbot_localization/share/bumperbot_localization/local_setup.sh
[1.162s] -- Up-to-date: /home/ml_nd/bumperbot_ws/install/bumperbot_localization/share/bumperbot_localization/local_setup.zsh
[1.163s] -- Installing: /home/ml_nd/bumperbot_ws/install/bumperbot_localization/share/bumperbot_localization/local_setup.dsv
[1.163s] -- Installing: /home/ml_nd/bumperbot_ws/install/bumperbot_localization/share/bumperbot_localization/package.dsv
[1.163s] -- Up-to-date: /home/ml_nd/bumperbot_ws/install/bumperbot_localization/share/ament_index/resource_index/packages/bumperbot_localization
[1.164s] -- Up-to-date: /home/ml_nd/bumperbot_ws/install/bumperbot_localization/share/bumperbot_localization/cmake/bumperbot_localizationConfig.cmake
[1.164s] -- Up-to-date: /home/ml_nd/bumperbot_ws/install/bumperbot_localization/share/bumperbot_localization/cmake/bumperbot_localizationConfig-version.cmake
[1.164s] -- Installing: /home/ml_nd/bumperbot_ws/install/bumperbot_localization/share/bumperbot_localization/package.xml
[1.199s] Invoked command in '/home/ml_nd/bumperbot_ws/build/bumperbot_localization' returned '0': CMAKE_PREFIX_PATH=/opt/ros/humble /usr/bin/cmake --install /home/ml_nd/bumperbot_ws/build/bumperbot_localization
