[0.083s] Invoking command in '/home/ml_nd/bumperbot_ws/build/bumperbot_localization': CMAKE_PREFIX_PATH=/opt/ros/humble /usr/bin/cmake --build /home/ml_nd/bumperbot_ws/build/bumperbot_localization -- -j4 -l4
[0.169s] Invoked command in '/home/ml_nd/bumperbot_ws/build/bumperbot_localization' returned '0': CMAKE_PREFIX_PATH=/opt/ros/humble /usr/bin/cmake --build /home/ml_nd/bumperbot_ws/build/bumperbot_localization -- -j4 -l4
[0.369s] Invoking command in '/home/ml_nd/bumperbot_ws/build/bumperbot_localization': CMAKE_PREFIX_PATH=/opt/ros/humble /usr/bin/cmake --install /home/ml_nd/bumperbot_ws/build/bumperbot_localization
[0.401s] -- Install configuration: ""
[0.417s] -- Up-to-date: /home/ml_nd/bumperbot_ws/install/bumperbot_localization/share/ament_index/resource_index/package_run_dependencies/bumperbot_localization
[0.417s] -- Up-to-date: /home/ml_nd/bumperbot_ws/install/bumperbot_localization/share/ament_index/resource_index/parent_prefix_path/bumperbot_localization
[0.418s] -- Up-to-date: /home/ml_nd/bumperbot_ws/install/bumperbot_localization/share/bumperbot_localization/environment/ament_prefix_path.sh
[0.418s] -- Up-to-date: /home/ml_nd/bumperbot_ws/install/bumperbot_localization/share/bumperbot_localization/environment/ament_prefix_path.dsv
[0.418s] -- Up-to-date: /home/ml_nd/bumperbot_ws/install/bumperbot_localization/share/bumperbot_localization/environment/path.sh
[0.418s] -- Up-to-date: /home/ml_nd/bumperbot_ws/install/bumperbot_localization/share/bumperbot_localization/environment/path.dsv
[0.418s] -- Up-to-date: /home/ml_nd/bumperbot_ws/install/bumperbot_localization/share/bumperbot_localization/local_setup.bash
[0.418s] -- Up-to-date: /home/ml_nd/bumperbot_ws/install/bumperbot_localization/share/bumperbot_localization/local_setup.sh
[0.418s] -- Up-to-date: /home/ml_nd/bumperbot_ws/install/bumperbot_localization/share/bumperbot_localization/local_setup.zsh
[0.418s] -- Up-to-date: /home/ml_nd/bumperbot_ws/install/bumperbot_localization/share/bumperbot_localization/local_setup.dsv
[0.418s] -- Installing: /home/ml_nd/bumperbot_ws/install/bumperbot_localization/share/bumperbot_localization/package.dsv
[0.419s] -- Up-to-date: /home/ml_nd/bumperbot_ws/install/bumperbot_localization/share/ament_index/resource_index/packages/bumperbot_localization
[0.419s] -- Up-to-date: /home/ml_nd/bumperbot_ws/install/bumperbot_localization/share/bumperbot_localization/cmake/bumperbot_localizationConfig.cmake
[0.419s] -- Up-to-date: /home/ml_nd/bumperbot_ws/install/bumperbot_localization/share/bumperbot_localization/cmake/bumperbot_localizationConfig-version.cmake
[0.419s] -- Up-to-date: /home/ml_nd/bumperbot_ws/install/bumperbot_localization/share/bumperbot_localization/package.xml
[0.593s] Invoked command in '/home/ml_nd/bumperbot_ws/build/bumperbot_localization' returned '0': CMAKE_PREFIX_PATH=/opt/ros/humble /usr/bin/cmake --install /home/ml_nd/bumperbot_ws/build/bumperbot_localization
