[0.162s] Invoking command in '/home/ml_nd/bumperbot_ws/build/bumperbot_msgs': CMAKE_PREFIX_PATH=/opt/ros/humble /usr/bin/cmake --build /home/ml_nd/bumperbot_ws/build/bumperbot_msgs -- -j4 -l4
[0.200s] -- Found ament_cmake: 1.3.7 (/opt/ros/humble/share/ament_cmake/cmake)
[0.406s] -- Found geometry_msgs: 4.2.3 (/opt/ros/humble/share/geometry_msgs/cmake)
[0.444s] -- Found rosidl_generator_c: 3.1.5 (/opt/ros/humble/share/rosidl_generator_c/cmake)
[0.448s] -- Found rosidl_adapter: 3.1.5 (/opt/ros/humble/share/rosidl_adapter/cmake)
[0.459s] -- Found rosidl_generator_cpp: 3.1.5 (/opt/ros/humble/share/rosidl_generator_cpp/cmake)
[0.487s] -- Using all available rosidl_typesupport_c: rosidl_typesupport_fastrtps_c;rosidl_typesupport_introspection_c
[0.531s] -- Using all available rosidl_typesupport_cpp: rosidl_typesupport_fastrtps_cpp;rosidl_typesupport_introspection_cpp
[0.668s] -- Found rosidl_default_generators: 1.2.0 (/opt/ros/humble/share/rosidl_default_generators/cmake)
[0.676s] [31mCMake Error at /opt/ros/humble/share/rosidl_cmake/cmake/rosidl_generate_interfaces.cmake:93 (message):
[0.676s]   rosidl_generate_interfaces() the passed file 'srv/AddTwoInts.srv' doesn't
[0.676s]   exist relative to the CMAKE_CURRENT_SOURCE_DIR
[0.676s]   '/home/ml_nd/bumperbot_ws/src/bumperbot_msgs'
[0.676s] Call Stack (most recent call first):
[0.676s]   CMakeLists.txt:12 (rosidl_generate_interfaces)
[0.676s] 
[0.677s] [0m
[0.677s] -- Configuring incomplete, errors occurred!
[0.677s] See also "/home/ml_nd/bumperbot_ws/build/bumperbot_msgs/CMakeFiles/CMakeOutput.log".
[0.682s] gmake: *** [Makefile:226: cmake_check_build_system] Error 1
[0.684s] Invoked command in '/home/ml_nd/bumperbot_ws/build/bumperbot_msgs' returned '2': CMAKE_PREFIX_PATH=/opt/ros/humble /usr/bin/cmake --build /home/ml_nd/bumperbot_ws/build/bumperbot_msgs -- -j4 -l4
