[0.068s] Invoking command in '/home/ml_nd/bumperbot_ws/build/bumperbot_description': CMAKE_PREFIX_PATH=/opt/ros/humble /usr/bin/cmake --build /home/ml_nd/bumperbot_ws/build/bumperbot_description -- -j4 -l4
[0.137s] Invoked command in '/home/ml_nd/bumperbot_ws/build/bumperbot_description' returned '0': CMAKE_PREFIX_PATH=/opt/ros/humble /usr/bin/cmake --build /home/ml_nd/bumperbot_ws/build/bumperbot_description -- -j4 -l4
[0.256s] Invoking command in '/home/ml_nd/bumperbot_ws/build/bumperbot_description': CMAKE_PREFIX_PATH=/opt/ros/humble /usr/bin/cmake --install /home/ml_nd/bumperbot_ws/build/bumperbot_description
[0.277s] -- Install configuration: ""
[0.277s] -- Up-to-date: /home/ml_nd/bumperbot_ws/install/bumperbot_description/share/bumperbot_description/launch
[0.279s] -- Up-to-date: /home/ml_nd/bumperbot_ws/install/bumperbot_description/share/bumperbot_description/launch/display.launch.py
[0.280s] -- Up-to-date: /home/ml_nd/bumperbot_ws/install/bumperbot_description/share/bumperbot_description/launch/gazebo.launch.py
[0.280s] -- Up-to-date: /home/ml_nd/bumperbot_ws/install/bumperbot_description/share/bumperbot_description/meshes
[0.281s] -- Up-to-date: /home/ml_nd/bumperbot_ws/install/bumperbot_description/share/bumperbot_description/meshes/wheel_left_link.STL
[0.282s] -- Up-to-date: /home/ml_nd/bumperbot_ws/install/bumperbot_description/share/bumperbot_description/meshes/wheel_right_link.STL
[0.283s] -- Up-to-date: /home/ml_nd/bumperbot_ws/install/bumperbot_description/share/bumperbot_description/meshes/imu_link.STL
[0.284s] -- Up-to-date: /home/ml_nd/bumperbot_ws/install/bumperbot_description/share/bumperbot_description/meshes/caster_front_link.STL
[0.285s] -- Up-to-date: /home/ml_nd/bumperbot_ws/install/bumperbot_description/share/bumperbot_description/meshes/caster_rear_link.STL
[0.286s] -- Up-to-date: /home/ml_nd/bumperbot_ws/install/bumperbot_description/share/bumperbot_description/meshes/base_link.STL
[0.287s] -- Up-to-date: /home/ml_nd/bumperbot_ws/install/bumperbot_description/share/bumperbot_description/meshes/can.STL
[0.287s] -- Up-to-date: /home/ml_nd/bumperbot_ws/install/bumperbot_description/share/bumperbot_description/models
[0.288s] -- Up-to-date: /home/ml_nd/bumperbot_ws/install/bumperbot_description/share/bumperbot_description/models/sun
[0.288s] -- Up-to-date: /home/ml_nd/bumperbot_ws/install/bumperbot_description/share/bumperbot_description/models/sun/model.config
[0.290s] -- Up-to-date: /home/ml_nd/bumperbot_ws/install/bumperbot_description/share/bumperbot_description/models/sun/model.sdf
[0.290s] -- Up-to-date: /home/ml_nd/bumperbot_ws/install/bumperbot_description/share/bumperbot_description/models/sun/model-1_4.sdf
[0.290s] -- Up-to-date: /home/ml_nd/bumperbot_ws/install/bumperbot_description/share/bumperbot_description/models/sun/model-1_3.sdf
[0.290s] -- Up-to-date: /home/ml_nd/bumperbot_ws/install/bumperbot_description/share/bumperbot_description/models/sun/model-1_2.sdf
[0.290s] -- Up-to-date: /home/ml_nd/bumperbot_ws/install/bumperbot_description/share/bumperbot_description/models/ground_plane
[0.290s] -- Up-to-date: /home/ml_nd/bumperbot_ws/install/bumperbot_description/share/bumperbot_description/models/ground_plane/model.config
[0.291s] -- Up-to-date: /home/ml_nd/bumperbot_ws/install/bumperbot_description/share/bumperbot_description/models/ground_plane/model.sdf
[0.291s] -- Up-to-date: /home/ml_nd/bumperbot_ws/install/bumperbot_description/share/bumperbot_description/models/ground_plane/model-1_4.sdf
[0.291s] -- Up-to-date: /home/ml_nd/bumperbot_ws/install/bumperbot_description/share/bumperbot_description/models/ground_plane/model-1_3.sdf
[0.291s] -- Up-to-date: /home/ml_nd/bumperbot_ws/install/bumperbot_description/share/bumperbot_description/models/ground_plane/model-1_2.sdf
[0.291s] -- Up-to-date: /home/ml_nd/bumperbot_ws/install/bumperbot_description/share/bumperbot_description/urdf
[0.296s] -- Up-to-date: /home/ml_nd/bumperbot_ws/install/bumperbot_description/share/bumperbot_description/urdf/bumperbot_gazebo.xacro
[0.296s] -- Up-to-date: /home/ml_nd/bumperbot_ws/install/bumperbot_description/share/bumperbot_description/urdf/bumperbot.urdf.xacro
[0.297s] -- Up-to-date: /home/ml_nd/bumperbot_ws/install/bumperbot_description/share/bumperbot_description/urdf/bumperbot_ros2_control.xacro
[0.297s] -- Up-to-date: /home/ml_nd/bumperbot_ws/install/bumperbot_description/share/bumperbot_description/rviz
[0.297s] -- Up-to-date: /home/ml_nd/bumperbot_ws/install/bumperbot_description/share/bumperbot_description/rviz/display.rviz
[0.297s] -- Up-to-date: /home/ml_nd/bumperbot_ws/install/bumperbot_description/share/ament_index/resource_index/package_run_dependencies/bumperbot_description
[0.297s] -- Up-to-date: /home/ml_nd/bumperbot_ws/install/bumperbot_description/share/ament_index/resource_index/parent_prefix_path/bumperbot_description
[0.297s] -- Up-to-date: /home/ml_nd/bumperbot_ws/install/bumperbot_description/share/bumperbot_description/environment/ament_prefix_path.sh
[0.298s] -- Up-to-date: /home/ml_nd/bumperbot_ws/install/bumperbot_description/share/bumperbot_description/environment/ament_prefix_path.dsv
[0.298s] -- Up-to-date: /home/ml_nd/bumperbot_ws/install/bumperbot_description/share/bumperbot_description/environment/path.sh
[0.298s] -- Up-to-date: /home/ml_nd/bumperbot_ws/install/bumperbot_description/share/bumperbot_description/environment/path.dsv
[0.298s] -- Up-to-date: /home/ml_nd/bumperbot_ws/install/bumperbot_description/share/bumperbot_description/local_setup.bash
[0.298s] -- Up-to-date: /home/ml_nd/bumperbot_ws/install/bumperbot_description/share/bumperbot_description/local_setup.sh
[0.298s] -- Up-to-date: /home/ml_nd/bumperbot_ws/install/bumperbot_description/share/bumperbot_description/local_setup.zsh
[0.298s] -- Up-to-date: /home/ml_nd/bumperbot_ws/install/bumperbot_description/share/bumperbot_description/local_setup.dsv
[0.299s] -- Installing: /home/ml_nd/bumperbot_ws/install/bumperbot_description/share/bumperbot_description/package.dsv
[0.299s] -- Up-to-date: /home/ml_nd/bumperbot_ws/install/bumperbot_description/share/ament_index/resource_index/packages/bumperbot_description
[0.299s] -- Up-to-date: /home/ml_nd/bumperbot_ws/install/bumperbot_description/share/bumperbot_description/cmake/bumperbot_descriptionConfig.cmake
[0.299s] -- Up-to-date: /home/ml_nd/bumperbot_ws/install/bumperbot_description/share/bumperbot_description/cmake/bumperbot_descriptionConfig-version.cmake
[0.299s] -- Up-to-date: /home/ml_nd/bumperbot_ws/install/bumperbot_description/share/bumperbot_description/package.xml
[0.328s] Invoked command in '/home/ml_nd/bumperbot_ws/build/bumperbot_description' returned '0': CMAKE_PREFIX_PATH=/opt/ros/humble /usr/bin/cmake --install /home/ml_nd/bumperbot_ws/build/bumperbot_description
