[1.048s] DEBUG:colcon:Command line arguments: ['/home/ml_nd/.local/bin/colcon', 'build']
[1.048s] DEBUG:colcon:Parsed command line arguments: Namespace(log_base=None, log_level=None, verb_name='build', build_base='build', install_base='install', merge_install=False, symlink_install=False, test_result_base=None, continue_on_error=False, executor='parallel', parallel_workers=4, event_handlers=None, ignore_user_meta=False, metas=['./colcon.meta'], base_paths=['.'], packages_ignore=None, packages_ignore_regex=None, paths=None, packages_up_to=None, packages_up_to_regex=None, packages_above=None, packages_above_and_dependencies=None, packages_above_depth=None, packages_select_by_dep=None, packages_skip_by_dep=None, packages_skip_up_to=None, packages_select_build_failed=False, packages_skip_build_finished=False, packages_select_test_failures=False, packages_skip_test_passed=False, packages_select=None, packages_skip=None, packages_select_regex=None, packages_skip_regex=None, packages_start=None, packages_end=None, allow_overriding=[], cmake_args=None, cmake_target=None, cmake_target_skip_unavailable=False, cmake_clean_cache=False, cmake_clean_first=False, cmake_force_configure=False, ament_cmake_args=None, catkin_cmake_args=None, catkin_skip_building_tests=False, verb_parser=<colcon_defaults.argument_parser.defaults.DefaultArgumentsDecorator object at 0x7f68e3a2c850>, verb_extension=<colcon_core.verb.build.BuildVerb object at 0x7f68e3a2cc10>, main=<bound method BuildVerb.main of <colcon_core.verb.build.BuildVerb object at 0x7f68e3a2cc10>>)
[1.094s] Level 1:colcon.colcon_core.package_discovery:discover_packages(colcon_meta) check parameters
[1.095s] Level 1:colcon.colcon_core.package_discovery:discover_packages(recursive) check parameters
[1.095s] Level 1:colcon.colcon_core.package_discovery:discover_packages(ignore) check parameters
[1.095s] Level 1:colcon.colcon_core.package_discovery:discover_packages(path) check parameters
[1.095s] Level 1:colcon.colcon_core.package_discovery:discover_packages(colcon_meta) discover
[1.095s] Level 1:colcon.colcon_core.package_discovery:discover_packages(recursive) discover
[1.095s] INFO:colcon.colcon_core.package_discovery:Crawling recursively for packages in '/home/ml_nd/bumperbot_ws'
[1.095s] Level 1:colcon.colcon_core.package_identification:_identify(.) by extensions ['ignore', 'ignore_ament_install']
[1.095s] Level 1:colcon.colcon_core.package_identification:_identify(.) by extension 'ignore'
[1.095s] Level 1:colcon.colcon_core.package_identification:_identify(.) by extension 'ignore_ament_install'
[1.095s] Level 1:colcon.colcon_core.package_identification:_identify(.) by extensions ['colcon_pkg']
[1.095s] Level 1:colcon.colcon_core.package_identification:_identify(.) by extension 'colcon_pkg'
[1.095s] Level 1:colcon.colcon_core.package_identification:_identify(.) by extensions ['colcon_meta']
[1.095s] Level 1:colcon.colcon_core.package_identification:_identify(.) by extension 'colcon_meta'
[1.095s] Level 1:colcon.colcon_core.package_identification:_identify(.) by extensions ['ros']
[1.095s] Level 1:colcon.colcon_core.package_identification:_identify(.) by extension 'ros'
[1.107s] Level 1:colcon.colcon_core.package_identification:_identify(.) by extensions ['cmake', 'python']
[1.107s] Level 1:colcon.colcon_core.package_identification:_identify(.) by extension 'cmake'
[1.107s] Level 1:colcon.colcon_core.package_identification:_identify(.) by extension 'python'
[1.107s] Level 1:colcon.colcon_core.package_identification:_identify(.) by extensions ['python_setup_py']
[1.107s] Level 1:colcon.colcon_core.package_identification:_identify(.) by extension 'python_setup_py'
[1.107s] Level 1:colcon.colcon_core.package_identification:_identify(build) by extensions ['ignore', 'ignore_ament_install']
[1.107s] Level 1:colcon.colcon_core.package_identification:_identify(build) by extension 'ignore'
[1.107s] Level 1:colcon.colcon_core.package_identification:_identify(build) ignored
[1.108s] Level 1:colcon.colcon_core.package_identification:_identify(install) by extensions ['ignore', 'ignore_ament_install']
[1.108s] Level 1:colcon.colcon_core.package_identification:_identify(install) by extension 'ignore'
[1.108s] Level 1:colcon.colcon_core.package_identification:_identify(install) ignored
[1.108s] Level 1:colcon.colcon_core.package_identification:_identify(log) by extensions ['ignore', 'ignore_ament_install']
[1.108s] Level 1:colcon.colcon_core.package_identification:_identify(log) by extension 'ignore'
[1.108s] Level 1:colcon.colcon_core.package_identification:_identify(log) ignored
[1.108s] Level 1:colcon.colcon_core.package_identification:_identify(src) by extensions ['ignore', 'ignore_ament_install']
[1.108s] Level 1:colcon.colcon_core.package_identification:_identify(src) by extension 'ignore'
[1.108s] Level 1:colcon.colcon_core.package_identification:_identify(src) by extension 'ignore_ament_install'
[1.108s] Level 1:colcon.colcon_core.package_identification:_identify(src) by extensions ['colcon_pkg']
[1.108s] Level 1:colcon.colcon_core.package_identification:_identify(src) by extension 'colcon_pkg'
[1.108s] Level 1:colcon.colcon_core.package_identification:_identify(src) by extensions ['colcon_meta']
[1.109s] Level 1:colcon.colcon_core.package_identification:_identify(src) by extension 'colcon_meta'
[1.109s] Level 1:colcon.colcon_core.package_identification:_identify(src) by extensions ['ros']
[1.109s] Level 1:colcon.colcon_core.package_identification:_identify(src) by extension 'ros'
[1.109s] Level 1:colcon.colcon_core.package_identification:_identify(src) by extensions ['cmake', 'python']
[1.109s] Level 1:colcon.colcon_core.package_identification:_identify(src) by extension 'cmake'
[1.109s] Level 1:colcon.colcon_core.package_identification:_identify(src) by extension 'python'
[1.109s] Level 1:colcon.colcon_core.package_identification:_identify(src) by extensions ['python_setup_py']
[1.109s] Level 1:colcon.colcon_core.package_identification:_identify(src) by extension 'python_setup_py'
[1.109s] Level 1:colcon.colcon_core.package_identification:_identify(src/bumperbot_controller) by extensions ['ignore', 'ignore_ament_install']
[1.109s] Level 1:colcon.colcon_core.package_identification:_identify(src/bumperbot_controller) by extension 'ignore'
[1.109s] Level 1:colcon.colcon_core.package_identification:_identify(src/bumperbot_controller) by extension 'ignore_ament_install'
[1.109s] Level 1:colcon.colcon_core.package_identification:_identify(src/bumperbot_controller) by extensions ['colcon_pkg']
[1.109s] Level 1:colcon.colcon_core.package_identification:_identify(src/bumperbot_controller) by extension 'colcon_pkg'
[1.109s] Level 1:colcon.colcon_core.package_identification:_identify(src/bumperbot_controller) by extensions ['colcon_meta']
[1.109s] Level 1:colcon.colcon_core.package_identification:_identify(src/bumperbot_controller) by extension 'colcon_meta'
[1.109s] Level 1:colcon.colcon_core.package_identification:_identify(src/bumperbot_controller) by extensions ['ros']
[1.109s] Level 1:colcon.colcon_core.package_identification:_identify(src/bumperbot_controller) by extension 'ros'
[1.112s] DEBUG:colcon.colcon_core.package_identification:Package 'src/bumperbot_controller' with type 'ros.ament_cmake' and name 'bumperbot_controller'
[1.112s] Level 1:colcon.colcon_core.package_identification:_identify(src/bumperbot_cpp_examples) by extensions ['ignore', 'ignore_ament_install']
[1.112s] Level 1:colcon.colcon_core.package_identification:_identify(src/bumperbot_cpp_examples) by extension 'ignore'
[1.112s] Level 1:colcon.colcon_core.package_identification:_identify(src/bumperbot_cpp_examples) by extension 'ignore_ament_install'
[1.112s] Level 1:colcon.colcon_core.package_identification:_identify(src/bumperbot_cpp_examples) by extensions ['colcon_pkg']
[1.112s] Level 1:colcon.colcon_core.package_identification:_identify(src/bumperbot_cpp_examples) by extension 'colcon_pkg'
[1.113s] Level 1:colcon.colcon_core.package_identification:_identify(src/bumperbot_cpp_examples) by extensions ['colcon_meta']
[1.113s] Level 1:colcon.colcon_core.package_identification:_identify(src/bumperbot_cpp_examples) by extension 'colcon_meta'
[1.113s] Level 1:colcon.colcon_core.package_identification:_identify(src/bumperbot_cpp_examples) by extensions ['ros']
[1.113s] Level 1:colcon.colcon_core.package_identification:_identify(src/bumperbot_cpp_examples) by extension 'ros'
[1.114s] DEBUG:colcon.colcon_core.package_identification:Package 'src/bumperbot_cpp_examples' with type 'ros.ament_cmake' and name 'bumperbot_cpp_examples'
[1.114s] Level 1:colcon.colcon_core.package_identification:_identify(src/bumperbot_description) by extensions ['ignore', 'ignore_ament_install']
[1.114s] Level 1:colcon.colcon_core.package_identification:_identify(src/bumperbot_description) by extension 'ignore'
[1.114s] Level 1:colcon.colcon_core.package_identification:_identify(src/bumperbot_description) by extension 'ignore_ament_install'
[1.114s] Level 1:colcon.colcon_core.package_identification:_identify(src/bumperbot_description) by extensions ['colcon_pkg']
[1.114s] Level 1:colcon.colcon_core.package_identification:_identify(src/bumperbot_description) by extension 'colcon_pkg'
[1.114s] Level 1:colcon.colcon_core.package_identification:_identify(src/bumperbot_description) by extensions ['colcon_meta']
[1.114s] Level 1:colcon.colcon_core.package_identification:_identify(src/bumperbot_description) by extension 'colcon_meta'
[1.114s] Level 1:colcon.colcon_core.package_identification:_identify(src/bumperbot_description) by extensions ['ros']
[1.114s] Level 1:colcon.colcon_core.package_identification:_identify(src/bumperbot_description) by extension 'ros'
[1.115s] DEBUG:colcon.colcon_core.package_identification:Package 'src/bumperbot_description' with type 'ros.ament_cmake' and name 'bumperbot_description'
[1.115s] Level 1:colcon.colcon_core.package_identification:_identify(src/bumperbot_msgs) by extensions ['ignore', 'ignore_ament_install']
[1.115s] Level 1:colcon.colcon_core.package_identification:_identify(src/bumperbot_msgs) by extension 'ignore'
[1.115s] Level 1:colcon.colcon_core.package_identification:_identify(src/bumperbot_msgs) by extension 'ignore_ament_install'
[1.115s] Level 1:colcon.colcon_core.package_identification:_identify(src/bumperbot_msgs) by extensions ['colcon_pkg']
[1.115s] Level 1:colcon.colcon_core.package_identification:_identify(src/bumperbot_msgs) by extension 'colcon_pkg'
[1.115s] Level 1:colcon.colcon_core.package_identification:_identify(src/bumperbot_msgs) by extensions ['colcon_meta']
[1.115s] Level 1:colcon.colcon_core.package_identification:_identify(src/bumperbot_msgs) by extension 'colcon_meta'
[1.115s] Level 1:colcon.colcon_core.package_identification:_identify(src/bumperbot_msgs) by extensions ['ros']
[1.115s] Level 1:colcon.colcon_core.package_identification:_identify(src/bumperbot_msgs) by extension 'ros'
[1.116s] DEBUG:colcon.colcon_core.package_identification:Package 'src/bumperbot_msgs' with type 'ros.ament_cmake' and name 'bumperbot_msgs'
[1.116s] Level 1:colcon.colcon_core.package_identification:_identify(src/bumperbot_py_examples) by extensions ['ignore', 'ignore_ament_install']
[1.116s] Level 1:colcon.colcon_core.package_identification:_identify(src/bumperbot_py_examples) by extension 'ignore'
[1.116s] Level 1:colcon.colcon_core.package_identification:_identify(src/bumperbot_py_examples) by extension 'ignore_ament_install'
[1.116s] Level 1:colcon.colcon_core.package_identification:_identify(src/bumperbot_py_examples) by extensions ['colcon_pkg']
[1.116s] Level 1:colcon.colcon_core.package_identification:_identify(src/bumperbot_py_examples) by extension 'colcon_pkg'
[1.116s] Level 1:colcon.colcon_core.package_identification:_identify(src/bumperbot_py_examples) by extensions ['colcon_meta']
[1.116s] Level 1:colcon.colcon_core.package_identification:_identify(src/bumperbot_py_examples) by extension 'colcon_meta'
[1.116s] Level 1:colcon.colcon_core.package_identification:_identify(src/bumperbot_py_examples) by extensions ['ros']
[1.116s] Level 1:colcon.colcon_core.package_identification:_identify(src/bumperbot_py_examples) by extension 'ros'
[1.117s] DEBUG:colcon.colcon_core.package_identification:Package 'src/bumperbot_py_examples' with type 'ros.ament_python' and name 'bumperbot_py_examples'
[1.117s] Level 1:colcon.colcon_core.package_discovery:discover_packages(recursive) using defaults
[1.117s] Level 1:colcon.colcon_core.package_discovery:discover_packages(ignore) discover
[1.117s] Level 1:colcon.colcon_core.package_discovery:discover_packages(ignore) using defaults
[1.117s] Level 1:colcon.colcon_core.package_discovery:discover_packages(path) discover
[1.117s] Level 1:colcon.colcon_core.package_discovery:discover_packages(path) using defaults
[1.212s] Level 1:colcon.colcon_core.package_discovery:discover_packages(prefix_path) check parameters
[1.212s] Level 1:colcon.colcon_core.package_discovery:discover_packages(prefix_path) discover
[1.245s] DEBUG:colcon.colcon_installed_package_information.package_discovery:Found 327 installed packages in /opt/ros/humble
[1.247s] Level 1:colcon.colcon_core.package_discovery:discover_packages(prefix_path) using defaults
[1.353s] Level 5:colcon.colcon_core.verb:set package 'bumperbot_controller' build argument 'cmake_args' from command line to 'None'
[1.353s] Level 5:colcon.colcon_core.verb:set package 'bumperbot_controller' build argument 'cmake_target' from command line to 'None'
[1.353s] Level 5:colcon.colcon_core.verb:set package 'bumperbot_controller' build argument 'cmake_target_skip_unavailable' from command line to 'False'
[1.353s] Level 5:colcon.colcon_core.verb:set package 'bumperbot_controller' build argument 'cmake_clean_cache' from command line to 'False'
[1.353s] Level 5:colcon.colcon_core.verb:set package 'bumperbot_controller' build argument 'cmake_clean_first' from command line to 'False'
[1.353s] Level 5:colcon.colcon_core.verb:set package 'bumperbot_controller' build argument 'cmake_force_configure' from command line to 'False'
[1.353s] Level 5:colcon.colcon_core.verb:set package 'bumperbot_controller' build argument 'ament_cmake_args' from command line to 'None'
[1.353s] Level 5:colcon.colcon_core.verb:set package 'bumperbot_controller' build argument 'catkin_cmake_args' from command line to 'None'
[1.353s] Level 5:colcon.colcon_core.verb:set package 'bumperbot_controller' build argument 'catkin_skip_building_tests' from command line to 'False'
[1.353s] DEBUG:colcon.colcon_core.verb:Building package 'bumperbot_controller' with the following arguments: {'ament_cmake_args': None, 'build_base': '/home/ml_nd/bumperbot_ws/build/bumperbot_controller', 'catkin_cmake_args': None, 'catkin_skip_building_tests': False, 'cmake_args': None, 'cmake_clean_cache': False, 'cmake_clean_first': False, 'cmake_force_configure': False, 'cmake_target': None, 'cmake_target_skip_unavailable': False, 'install_base': '/home/ml_nd/bumperbot_ws/install/bumperbot_controller', 'merge_install': False, 'path': '/home/ml_nd/bumperbot_ws/src/bumperbot_controller', 'symlink_install': False, 'test_result_base': None}
[1.368s] Level 5:colcon.colcon_core.verb:set package 'bumperbot_description' build argument 'cmake_args' from command line to 'None'
[1.368s] Level 5:colcon.colcon_core.verb:set package 'bumperbot_description' build argument 'cmake_target' from command line to 'None'
[1.368s] Level 5:colcon.colcon_core.verb:set package 'bumperbot_description' build argument 'cmake_target_skip_unavailable' from command line to 'False'
[1.368s] Level 5:colcon.colcon_core.verb:set package 'bumperbot_description' build argument 'cmake_clean_cache' from command line to 'False'
[1.368s] Level 5:colcon.colcon_core.verb:set package 'bumperbot_description' build argument 'cmake_clean_first' from command line to 'False'
[1.368s] Level 5:colcon.colcon_core.verb:set package 'bumperbot_description' build argument 'cmake_force_configure' from command line to 'False'
[1.368s] Level 5:colcon.colcon_core.verb:set package 'bumperbot_description' build argument 'ament_cmake_args' from command line to 'None'
[1.368s] Level 5:colcon.colcon_core.verb:set package 'bumperbot_description' build argument 'catkin_cmake_args' from command line to 'None'
[1.369s] Level 5:colcon.colcon_core.verb:set package 'bumperbot_description' build argument 'catkin_skip_building_tests' from command line to 'False'
[1.369s] DEBUG:colcon.colcon_core.verb:Building package 'bumperbot_description' with the following arguments: {'ament_cmake_args': None, 'build_base': '/home/ml_nd/bumperbot_ws/build/bumperbot_description', 'catkin_cmake_args': None, 'catkin_skip_building_tests': False, 'cmake_args': None, 'cmake_clean_cache': False, 'cmake_clean_first': False, 'cmake_force_configure': False, 'cmake_target': None, 'cmake_target_skip_unavailable': False, 'install_base': '/home/ml_nd/bumperbot_ws/install/bumperbot_description', 'merge_install': False, 'path': '/home/ml_nd/bumperbot_ws/src/bumperbot_description', 'symlink_install': False, 'test_result_base': None}
[1.384s] Level 5:colcon.colcon_core.verb:set package 'bumperbot_msgs' build argument 'cmake_args' from command line to 'None'
[1.385s] Level 5:colcon.colcon_core.verb:set package 'bumperbot_msgs' build argument 'cmake_target' from command line to 'None'
[1.385s] Level 5:colcon.colcon_core.verb:set package 'bumperbot_msgs' build argument 'cmake_target_skip_unavailable' from command line to 'False'
[1.385s] Level 5:colcon.colcon_core.verb:set package 'bumperbot_msgs' build argument 'cmake_clean_cache' from command line to 'False'
[1.385s] Level 5:colcon.colcon_core.verb:set package 'bumperbot_msgs' build argument 'cmake_clean_first' from command line to 'False'
[1.385s] Level 5:colcon.colcon_core.verb:set package 'bumperbot_msgs' build argument 'cmake_force_configure' from command line to 'False'
[1.385s] Level 5:colcon.colcon_core.verb:set package 'bumperbot_msgs' build argument 'ament_cmake_args' from command line to 'None'
[1.385s] Level 5:colcon.colcon_core.verb:set package 'bumperbot_msgs' build argument 'catkin_cmake_args' from command line to 'None'
[1.385s] Level 5:colcon.colcon_core.verb:set package 'bumperbot_msgs' build argument 'catkin_skip_building_tests' from command line to 'False'
[1.385s] DEBUG:colcon.colcon_core.verb:Building package 'bumperbot_msgs' with the following arguments: {'ament_cmake_args': None, 'build_base': '/home/ml_nd/bumperbot_ws/build/bumperbot_msgs', 'catkin_cmake_args': None, 'catkin_skip_building_tests': False, 'cmake_args': None, 'cmake_clean_cache': False, 'cmake_clean_first': False, 'cmake_force_configure': False, 'cmake_target': None, 'cmake_target_skip_unavailable': False, 'install_base': '/home/ml_nd/bumperbot_ws/install/bumperbot_msgs', 'merge_install': False, 'path': '/home/ml_nd/bumperbot_ws/src/bumperbot_msgs', 'symlink_install': False, 'test_result_base': None}
[1.401s] Level 5:colcon.colcon_core.verb:set package 'bumperbot_cpp_examples' build argument 'cmake_args' from command line to 'None'
[1.401s] Level 5:colcon.colcon_core.verb:set package 'bumperbot_cpp_examples' build argument 'cmake_target' from command line to 'None'
[1.401s] Level 5:colcon.colcon_core.verb:set package 'bumperbot_cpp_examples' build argument 'cmake_target_skip_unavailable' from command line to 'False'
[1.401s] Level 5:colcon.colcon_core.verb:set package 'bumperbot_cpp_examples' build argument 'cmake_clean_cache' from command line to 'False'
[1.401s] Level 5:colcon.colcon_core.verb:set package 'bumperbot_cpp_examples' build argument 'cmake_clean_first' from command line to 'False'
[1.401s] Level 5:colcon.colcon_core.verb:set package 'bumperbot_cpp_examples' build argument 'cmake_force_configure' from command line to 'False'
[1.401s] Level 5:colcon.colcon_core.verb:set package 'bumperbot_cpp_examples' build argument 'ament_cmake_args' from command line to 'None'
[1.401s] Level 5:colcon.colcon_core.verb:set package 'bumperbot_cpp_examples' build argument 'catkin_cmake_args' from command line to 'None'
[1.401s] Level 5:colcon.colcon_core.verb:set package 'bumperbot_cpp_examples' build argument 'catkin_skip_building_tests' from command line to 'False'
[1.401s] DEBUG:colcon.colcon_core.verb:Building package 'bumperbot_cpp_examples' with the following arguments: {'ament_cmake_args': None, 'build_base': '/home/ml_nd/bumperbot_ws/build/bumperbot_cpp_examples', 'catkin_cmake_args': None, 'catkin_skip_building_tests': False, 'cmake_args': None, 'cmake_clean_cache': False, 'cmake_clean_first': False, 'cmake_force_configure': False, 'cmake_target': None, 'cmake_target_skip_unavailable': False, 'install_base': '/home/ml_nd/bumperbot_ws/install/bumperbot_cpp_examples', 'merge_install': False, 'path': '/home/ml_nd/bumperbot_ws/src/bumperbot_cpp_examples', 'symlink_install': False, 'test_result_base': None}
[1.416s] Level 5:colcon.colcon_core.verb:set package 'bumperbot_py_examples' build argument 'cmake_args' from command line to 'None'
[1.417s] Level 5:colcon.colcon_core.verb:set package 'bumperbot_py_examples' build argument 'cmake_target' from command line to 'None'
[1.417s] Level 5:colcon.colcon_core.verb:set package 'bumperbot_py_examples' build argument 'cmake_target_skip_unavailable' from command line to 'False'
[1.417s] Level 5:colcon.colcon_core.verb:set package 'bumperbot_py_examples' build argument 'cmake_clean_cache' from command line to 'False'
[1.417s] Level 5:colcon.colcon_core.verb:set package 'bumperbot_py_examples' build argument 'cmake_clean_first' from command line to 'False'
[1.417s] Level 5:colcon.colcon_core.verb:set package 'bumperbot_py_examples' build argument 'cmake_force_configure' from command line to 'False'
[1.417s] Level 5:colcon.colcon_core.verb:set package 'bumperbot_py_examples' build argument 'ament_cmake_args' from command line to 'None'
[1.417s] Level 5:colcon.colcon_core.verb:set package 'bumperbot_py_examples' build argument 'catkin_cmake_args' from command line to 'None'
[1.417s] Level 5:colcon.colcon_core.verb:set package 'bumperbot_py_examples' build argument 'catkin_skip_building_tests' from command line to 'False'
[1.417s] DEBUG:colcon.colcon_core.verb:Building package 'bumperbot_py_examples' with the following arguments: {'ament_cmake_args': None, 'build_base': '/home/ml_nd/bumperbot_ws/build/bumperbot_py_examples', 'catkin_cmake_args': None, 'catkin_skip_building_tests': False, 'cmake_args': None, 'cmake_clean_cache': False, 'cmake_clean_first': False, 'cmake_force_configure': False, 'cmake_target': None, 'cmake_target_skip_unavailable': False, 'install_base': '/home/ml_nd/bumperbot_ws/install/bumperbot_py_examples', 'merge_install': False, 'path': '/home/ml_nd/bumperbot_ws/src/bumperbot_py_examples', 'symlink_install': False, 'test_result_base': None}
[1.432s] INFO:colcon.colcon_core.executor:Executing jobs using 'parallel' executor
[1.448s] DEBUG:colcon.colcon_parallel_executor.executor.parallel:run_until_complete
[1.448s] INFO:colcon.colcon_ros.task.ament_cmake.build:Building ROS package in '/home/ml_nd/bumperbot_ws/src/bumperbot_msgs' with build type 'ament_cmake'
[1.448s] INFO:colcon.colcon_cmake.task.cmake.build:Building CMake package in '/home/ml_nd/bumperbot_ws/src/bumperbot_msgs'
[1.466s] INFO:colcon.colcon_core.plugin_system:Skipping extension 'colcon_core.shell.bat': Not used on non-Windows systems
[1.466s] INFO:colcon.colcon_core.shell:Skip shell extension 'powershell' for command environment: Not usable outside of PowerShell
[1.466s] DEBUG:colcon.colcon_core.shell:Skip shell extension 'dsv' for command environment
[1.500s] INFO:colcon.colcon_ros.task.ament_cmake.build:Building ROS package in '/home/ml_nd/bumperbot_ws/src/bumperbot_controller' with build type 'ament_cmake'
[1.500s] INFO:colcon.colcon_cmake.task.cmake.build:Building CMake package in '/home/ml_nd/bumperbot_ws/src/bumperbot_controller'
[1.518s] INFO:colcon.colcon_core.shell:Skip shell extension 'powershell' for command environment: Not usable outside of PowerShell
[1.518s] DEBUG:colcon.colcon_core.shell:Skip shell extension 'dsv' for command environment
[1.552s] INFO:colcon.colcon_ros.task.ament_cmake.build:Building ROS package in '/home/ml_nd/bumperbot_ws/src/bumperbot_description' with build type 'ament_cmake'
[1.552s] INFO:colcon.colcon_cmake.task.cmake.build:Building CMake package in '/home/ml_nd/bumperbot_ws/src/bumperbot_description'
[1.569s] INFO:colcon.colcon_core.shell:Skip shell extension 'powershell' for command environment: Not usable outside of PowerShell
[1.569s] DEBUG:colcon.colcon_core.shell:Skip shell extension 'dsv' for command environment
[1.610s] DEBUG:colcon.colcon_core.event_handler.log_command:Invoking command in '/home/ml_nd/bumperbot_ws/build/bumperbot_msgs': CMAKE_PREFIX_PATH=/opt/ros/humble /usr/bin/cmake --build /home/ml_nd/bumperbot_ws/build/bumperbot_msgs -- -j4 -l4
[1.613s] DEBUG:colcon.colcon_core.event_handler.log_command:Invoking command in '/home/ml_nd/bumperbot_ws/build/bumperbot_controller': CMAKE_PREFIX_PATH=/opt/ros/humble /usr/bin/cmake --build /home/ml_nd/bumperbot_ws/build/bumperbot_controller -- -j4 -l4
[1.620s] DEBUG:colcon.colcon_core.event_handler.log_command:Invoking command in '/home/ml_nd/bumperbot_ws/build/bumperbot_description': CMAKE_PREFIX_PATH=/opt/ros/humble /usr/bin/cmake --build /home/ml_nd/bumperbot_ws/build/bumperbot_description -- -j4 -l4
[1.689s] DEBUG:colcon.colcon_core.event_handler.log_command:Invoked command in '/home/ml_nd/bumperbot_ws/build/bumperbot_description' returned '0': CMAKE_PREFIX_PATH=/opt/ros/humble /usr/bin/cmake --build /home/ml_nd/bumperbot_ws/build/bumperbot_description -- -j4 -l4
[1.808s] DEBUG:colcon.colcon_core.event_handler.log_command:Invoking command in '/home/ml_nd/bumperbot_ws/build/bumperbot_description': CMAKE_PREFIX_PATH=/opt/ros/humble /usr/bin/cmake --install /home/ml_nd/bumperbot_ws/build/bumperbot_description
[1.868s] Level 1:colcon.colcon_core.environment:create_environment_scripts_only(bumperbot_description)
[1.880s] DEBUG:colcon.colcon_core.event_handler.log_command:Invoked command in '/home/ml_nd/bumperbot_ws/build/bumperbot_description' returned '0': CMAKE_PREFIX_PATH=/opt/ros/humble /usr/bin/cmake --install /home/ml_nd/bumperbot_ws/build/bumperbot_description
[1.906s] Level 1:colcon.colcon_core.environment:checking '/home/ml_nd/bumperbot_ws/install/bumperbot_description' for CMake module files
[1.907s] Level 1:colcon.colcon_core.environment:checking '/home/ml_nd/bumperbot_ws/install/bumperbot_description' for CMake config files
[1.908s] Level 1:colcon.colcon_core.shell:create_environment_hook('bumperbot_description', 'cmake_prefix_path')
[1.941s] INFO:colcon.colcon_core.shell:Creating environment hook '/home/ml_nd/bumperbot_ws/install/bumperbot_description/share/bumperbot_description/hook/cmake_prefix_path.ps1'
[1.943s] INFO:colcon.colcon_core.shell:Creating environment descriptor '/home/ml_nd/bumperbot_ws/install/bumperbot_description/share/bumperbot_description/hook/cmake_prefix_path.dsv'
[1.944s] INFO:colcon.colcon_core.shell:Creating environment hook '/home/ml_nd/bumperbot_ws/install/bumperbot_description/share/bumperbot_description/hook/cmake_prefix_path.sh'
[1.946s] Level 1:colcon.colcon_core.environment:checking '/home/ml_nd/bumperbot_ws/install/bumperbot_description/bin'
[1.947s] Level 1:colcon.colcon_core.environment:checking '/home/ml_nd/bumperbot_ws/install/bumperbot_description/lib/pkgconfig/bumperbot_description.pc'
[1.947s] Level 1:colcon.colcon_core.environment:checking '/home/ml_nd/bumperbot_ws/install/bumperbot_description/lib/python3.10/site-packages'
[1.949s] Level 1:colcon.colcon_core.environment:checking '/home/ml_nd/bumperbot_ws/install/bumperbot_description/bin'
[1.984s] INFO:colcon.colcon_core.shell:Creating package script '/home/ml_nd/bumperbot_ws/install/bumperbot_description/share/bumperbot_description/package.ps1'
[1.986s] INFO:colcon.colcon_core.shell:Creating package descriptor '/home/ml_nd/bumperbot_ws/install/bumperbot_description/share/bumperbot_description/package.dsv'
[1.988s] INFO:colcon.colcon_core.shell:Creating package script '/home/ml_nd/bumperbot_ws/install/bumperbot_description/share/bumperbot_description/package.sh'
[1.990s] INFO:colcon.colcon_core.shell:Creating package script '/home/ml_nd/bumperbot_ws/install/bumperbot_description/share/bumperbot_description/package.bash'
[1.992s] INFO:colcon.colcon_core.shell:Creating package script '/home/ml_nd/bumperbot_ws/install/bumperbot_description/share/bumperbot_description/package.zsh'
[1.994s] Level 1:colcon.colcon_core.environment:create_file_with_runtime_dependencies(/home/ml_nd/bumperbot_ws/install/bumperbot_description/share/colcon-core/packages/bumperbot_description)
[2.069s] Level 1:colcon.colcon_core.environment:create_environment_scripts_only(bumperbot_description)
[2.099s] Level 1:colcon.colcon_core.environment:checking '/home/ml_nd/bumperbot_ws/install/bumperbot_description' for CMake module files
[2.099s] Level 1:colcon.colcon_core.environment:checking '/home/ml_nd/bumperbot_ws/install/bumperbot_description' for CMake config files
[2.100s] Level 1:colcon.colcon_core.shell:create_environment_hook('bumperbot_description', 'cmake_prefix_path')
[2.129s] INFO:colcon.colcon_core.shell:Creating environment hook '/home/ml_nd/bumperbot_ws/install/bumperbot_description/share/bumperbot_description/hook/cmake_prefix_path.ps1'
[2.130s] INFO:colcon.colcon_core.shell:Creating environment descriptor '/home/ml_nd/bumperbot_ws/install/bumperbot_description/share/bumperbot_description/hook/cmake_prefix_path.dsv'
[2.130s] INFO:colcon.colcon_core.shell:Creating environment hook '/home/ml_nd/bumperbot_ws/install/bumperbot_description/share/bumperbot_description/hook/cmake_prefix_path.sh'
[2.131s] Level 1:colcon.colcon_core.environment:checking '/home/ml_nd/bumperbot_ws/install/bumperbot_description/bin'
[2.131s] Level 1:colcon.colcon_core.environment:checking '/home/ml_nd/bumperbot_ws/install/bumperbot_description/lib/pkgconfig/bumperbot_description.pc'
[2.132s] Level 1:colcon.colcon_core.environment:checking '/home/ml_nd/bumperbot_ws/install/bumperbot_description/lib/python3.10/site-packages'
[2.132s] Level 1:colcon.colcon_core.environment:checking '/home/ml_nd/bumperbot_ws/install/bumperbot_description/bin'
[2.162s] INFO:colcon.colcon_core.shell:Creating package script '/home/ml_nd/bumperbot_ws/install/bumperbot_description/share/bumperbot_description/package.ps1'
[2.163s] INFO:colcon.colcon_core.shell:Creating package descriptor '/home/ml_nd/bumperbot_ws/install/bumperbot_description/share/bumperbot_description/package.dsv'
[2.164s] INFO:colcon.colcon_core.shell:Creating package script '/home/ml_nd/bumperbot_ws/install/bumperbot_description/share/bumperbot_description/package.sh'
[2.165s] INFO:colcon.colcon_core.shell:Creating package script '/home/ml_nd/bumperbot_ws/install/bumperbot_description/share/bumperbot_description/package.bash'
[2.165s] INFO:colcon.colcon_core.shell:Creating package script '/home/ml_nd/bumperbot_ws/install/bumperbot_description/share/bumperbot_description/package.zsh'
[2.166s] Level 1:colcon.colcon_core.environment:create_file_with_runtime_dependencies(/home/ml_nd/bumperbot_ws/install/bumperbot_description/share/colcon-core/packages/bumperbot_description)
[2.253s] DEBUG:colcon.colcon_core.event_handler.log_command:Invoked command in '/home/ml_nd/bumperbot_ws/build/bumperbot_msgs' returned '0': CMAKE_PREFIX_PATH=/opt/ros/humble /usr/bin/cmake --build /home/ml_nd/bumperbot_ws/build/bumperbot_msgs -- -j4 -l4
[2.334s] DEBUG:colcon.colcon_core.event_handler.log_command:Invoking command in '/home/ml_nd/bumperbot_ws/build/bumperbot_msgs': CMAKE_PREFIX_PATH=/opt/ros/humble /usr/bin/cmake --install /home/ml_nd/bumperbot_ws/build/bumperbot_msgs
[2.411s] Level 1:colcon.colcon_core.environment:create_environment_scripts_only(bumperbot_msgs)
[2.415s] DEBUG:colcon.colcon_core.event_handler.log_command:Invoked command in '/home/ml_nd/bumperbot_ws/build/bumperbot_msgs' returned '0': CMAKE_PREFIX_PATH=/opt/ros/humble /usr/bin/cmake --install /home/ml_nd/bumperbot_ws/build/bumperbot_msgs
[2.434s] Level 1:colcon.colcon_core.environment:checking '/home/ml_nd/bumperbot_ws/install/bumperbot_msgs' for CMake module files
[2.435s] Level 1:colcon.colcon_core.environment:checking '/home/ml_nd/bumperbot_ws/install/bumperbot_msgs' for CMake config files
[2.435s] Level 1:colcon.colcon_core.shell:create_environment_hook('bumperbot_msgs', 'cmake_prefix_path')
[2.452s] INFO:colcon.colcon_core.shell:Creating environment hook '/home/ml_nd/bumperbot_ws/install/bumperbot_msgs/share/bumperbot_msgs/hook/cmake_prefix_path.ps1'
[2.453s] INFO:colcon.colcon_core.shell:Creating environment descriptor '/home/ml_nd/bumperbot_ws/install/bumperbot_msgs/share/bumperbot_msgs/hook/cmake_prefix_path.dsv'
[2.453s] INFO:colcon.colcon_core.shell:Creating environment hook '/home/ml_nd/bumperbot_ws/install/bumperbot_msgs/share/bumperbot_msgs/hook/cmake_prefix_path.sh'
[2.454s] Level 1:colcon.colcon_core.environment:checking '/home/ml_nd/bumperbot_ws/install/bumperbot_msgs/lib'
[2.454s] Level 1:colcon.colcon_core.shell:create_environment_hook('bumperbot_msgs', 'ld_library_path_lib')
[2.470s] INFO:colcon.colcon_core.shell:Creating environment hook '/home/ml_nd/bumperbot_ws/install/bumperbot_msgs/share/bumperbot_msgs/hook/ld_library_path_lib.ps1'
[2.471s] INFO:colcon.colcon_core.shell:Creating environment descriptor '/home/ml_nd/bumperbot_ws/install/bumperbot_msgs/share/bumperbot_msgs/hook/ld_library_path_lib.dsv'
[2.471s] INFO:colcon.colcon_core.shell:Creating environment hook '/home/ml_nd/bumperbot_ws/install/bumperbot_msgs/share/bumperbot_msgs/hook/ld_library_path_lib.sh'
[2.472s] Level 1:colcon.colcon_core.environment:checking '/home/ml_nd/bumperbot_ws/install/bumperbot_msgs/bin'
[2.472s] Level 1:colcon.colcon_core.environment:checking '/home/ml_nd/bumperbot_ws/install/bumperbot_msgs/lib/pkgconfig/bumperbot_msgs.pc'
[2.472s] Level 1:colcon.colcon_core.environment:checking '/home/ml_nd/bumperbot_ws/install/bumperbot_msgs/lib/python3.10/site-packages'
[2.472s] Level 1:colcon.colcon_core.environment:checking '/home/ml_nd/bumperbot_ws/install/bumperbot_msgs/bin'
[2.491s] INFO:colcon.colcon_core.shell:Creating package script '/home/ml_nd/bumperbot_ws/install/bumperbot_msgs/share/bumperbot_msgs/package.ps1'
[2.491s] INFO:colcon.colcon_core.shell:Creating package descriptor '/home/ml_nd/bumperbot_ws/install/bumperbot_msgs/share/bumperbot_msgs/package.dsv'
[2.492s] INFO:colcon.colcon_core.shell:Creating package script '/home/ml_nd/bumperbot_ws/install/bumperbot_msgs/share/bumperbot_msgs/package.sh'
[2.493s] INFO:colcon.colcon_core.shell:Creating package script '/home/ml_nd/bumperbot_ws/install/bumperbot_msgs/share/bumperbot_msgs/package.bash'
[2.493s] INFO:colcon.colcon_core.shell:Creating package script '/home/ml_nd/bumperbot_ws/install/bumperbot_msgs/share/bumperbot_msgs/package.zsh'
[2.493s] Level 1:colcon.colcon_core.environment:create_file_with_runtime_dependencies(/home/ml_nd/bumperbot_ws/install/bumperbot_msgs/share/colcon-core/packages/bumperbot_msgs)
[2.591s] Level 1:colcon.colcon_core.environment:create_environment_scripts_only(bumperbot_msgs)
[2.608s] Level 1:colcon.colcon_core.environment:checking '/home/ml_nd/bumperbot_ws/install/bumperbot_msgs' for CMake module files
[2.609s] Level 1:colcon.colcon_core.environment:checking '/home/ml_nd/bumperbot_ws/install/bumperbot_msgs' for CMake config files
[2.609s] Level 1:colcon.colcon_core.shell:create_environment_hook('bumperbot_msgs', 'cmake_prefix_path')
[2.626s] INFO:colcon.colcon_core.shell:Creating environment hook '/home/ml_nd/bumperbot_ws/install/bumperbot_msgs/share/bumperbot_msgs/hook/cmake_prefix_path.ps1'
[2.626s] INFO:colcon.colcon_core.shell:Creating environment descriptor '/home/ml_nd/bumperbot_ws/install/bumperbot_msgs/share/bumperbot_msgs/hook/cmake_prefix_path.dsv'
[2.626s] INFO:colcon.colcon_core.shell:Creating environment hook '/home/ml_nd/bumperbot_ws/install/bumperbot_msgs/share/bumperbot_msgs/hook/cmake_prefix_path.sh'
[2.627s] Level 1:colcon.colcon_core.environment:checking '/home/ml_nd/bumperbot_ws/install/bumperbot_msgs/lib'
[2.627s] Level 1:colcon.colcon_core.shell:create_environment_hook('bumperbot_msgs', 'ld_library_path_lib')
[2.648s] INFO:colcon.colcon_core.shell:Creating environment hook '/home/ml_nd/bumperbot_ws/install/bumperbot_msgs/share/bumperbot_msgs/hook/ld_library_path_lib.ps1'
[2.649s] INFO:colcon.colcon_core.shell:Creating environment descriptor '/home/ml_nd/bumperbot_ws/install/bumperbot_msgs/share/bumperbot_msgs/hook/ld_library_path_lib.dsv'
[2.649s] INFO:colcon.colcon_core.shell:Creating environment hook '/home/ml_nd/bumperbot_ws/install/bumperbot_msgs/share/bumperbot_msgs/hook/ld_library_path_lib.sh'
[2.650s] Level 1:colcon.colcon_core.environment:checking '/home/ml_nd/bumperbot_ws/install/bumperbot_msgs/bin'
[2.650s] Level 1:colcon.colcon_core.environment:checking '/home/ml_nd/bumperbot_ws/install/bumperbot_msgs/lib/pkgconfig/bumperbot_msgs.pc'
[2.650s] Level 1:colcon.colcon_core.environment:checking '/home/ml_nd/bumperbot_ws/install/bumperbot_msgs/lib/python3.10/site-packages'
[2.650s] Level 1:colcon.colcon_core.environment:checking '/home/ml_nd/bumperbot_ws/install/bumperbot_msgs/bin'
[2.679s] INFO:colcon.colcon_core.shell:Creating package script '/home/ml_nd/bumperbot_ws/install/bumperbot_msgs/share/bumperbot_msgs/package.ps1'
[2.680s] INFO:colcon.colcon_core.shell:Creating package descriptor '/home/ml_nd/bumperbot_ws/install/bumperbot_msgs/share/bumperbot_msgs/package.dsv'
[2.680s] INFO:colcon.colcon_core.shell:Creating package script '/home/ml_nd/bumperbot_ws/install/bumperbot_msgs/share/bumperbot_msgs/package.sh'
[2.681s] INFO:colcon.colcon_core.shell:Creating package script '/home/ml_nd/bumperbot_ws/install/bumperbot_msgs/share/bumperbot_msgs/package.bash'
[2.681s] INFO:colcon.colcon_core.shell:Creating package script '/home/ml_nd/bumperbot_ws/install/bumperbot_msgs/share/bumperbot_msgs/package.zsh'
[2.681s] Level 1:colcon.colcon_core.environment:create_file_with_runtime_dependencies(/home/ml_nd/bumperbot_ws/install/bumperbot_msgs/share/colcon-core/packages/bumperbot_msgs)
[2.682s] INFO:colcon.colcon_ros.task.ament_cmake.build:Building ROS package in '/home/ml_nd/bumperbot_ws/src/bumperbot_cpp_examples' with build type 'ament_cmake'
[2.682s] INFO:colcon.colcon_cmake.task.cmake.build:Building CMake package in '/home/ml_nd/bumperbot_ws/src/bumperbot_cpp_examples'
[2.711s] INFO:colcon.colcon_core.shell:Skip shell extension 'powershell' for command environment: Not usable outside of PowerShell
[2.711s] DEBUG:colcon.colcon_core.shell:Skip shell extension 'dsv' for command environment
[2.780s] INFO:colcon.colcon_ros.task.ament_python.build:Building ROS package in '/home/ml_nd/bumperbot_ws/src/bumperbot_py_examples' with build type 'ament_python'
[2.780s] Level 1:colcon.colcon_core.shell:create_environment_hook('bumperbot_py_examples', 'ament_prefix_path')
[2.815s] INFO:colcon.colcon_core.shell:Creating environment hook '/home/ml_nd/bumperbot_ws/install/bumperbot_py_examples/share/bumperbot_py_examples/hook/ament_prefix_path.ps1'
[2.816s] INFO:colcon.colcon_core.shell:Creating environment descriptor '/home/ml_nd/bumperbot_ws/install/bumperbot_py_examples/share/bumperbot_py_examples/hook/ament_prefix_path.dsv'
[2.816s] INFO:colcon.colcon_core.shell:Creating environment hook '/home/ml_nd/bumperbot_ws/install/bumperbot_py_examples/share/bumperbot_py_examples/hook/ament_prefix_path.sh'
[2.847s] INFO:colcon.colcon_core.shell:Skip shell extension 'powershell' for command environment: Not usable outside of PowerShell
[2.847s] DEBUG:colcon.colcon_core.shell:Skip shell extension 'dsv' for command environment
[2.927s] DEBUG:colcon.colcon_core.event_handler.log_command:Invoking command in '/home/ml_nd/bumperbot_ws/build/bumperbot_cpp_examples': AMENT_PREFIX_PATH=/home/ml_nd/bumperbot_ws/install/bumperbot_msgs:${AMENT_PREFIX_PATH} CMAKE_PREFIX_PATH=/home/ml_nd/bumperbot_ws/install/bumperbot_msgs:/opt/ros/humble LD_LIBRARY_PATH=/home/ml_nd/bumperbot_ws/install/bumperbot_msgs/lib:${LD_LIBRARY_PATH} PYTHONPATH=/home/ml_nd/bumperbot_ws/install/bumperbot_msgs/local/lib/python3.10/dist-packages:${PYTHONPATH} /usr/bin/cmake --build /home/ml_nd/bumperbot_ws/build/bumperbot_cpp_examples -- -j4 -l4
[3.485s] INFO:colcon.colcon_core.task.python.build:Building Python package in '/home/ml_nd/bumperbot_ws/src/bumperbot_py_examples'
[3.518s] INFO:colcon.colcon_core.shell:Skip shell extension 'powershell' for command environment: Not usable outside of PowerShell
[3.518s] DEBUG:colcon.colcon_core.shell:Skip shell extension 'dsv' for command environment
[3.606s] DEBUG:colcon.colcon_core.event_handler.log_command:Invoked command in '/home/ml_nd/bumperbot_ws/build/bumperbot_cpp_examples' returned '0': AMENT_PREFIX_PATH=/home/ml_nd/bumperbot_ws/install/bumperbot_msgs:${AMENT_PREFIX_PATH} CMAKE_PREFIX_PATH=/home/ml_nd/bumperbot_ws/install/bumperbot_msgs:/opt/ros/humble LD_LIBRARY_PATH=/home/ml_nd/bumperbot_ws/install/bumperbot_msgs/lib:${LD_LIBRARY_PATH} PYTHONPATH=/home/ml_nd/bumperbot_ws/install/bumperbot_msgs/local/lib/python3.10/dist-packages:${PYTHONPATH} /usr/bin/cmake --build /home/ml_nd/bumperbot_ws/build/bumperbot_cpp_examples -- -j4 -l4
[3.797s] DEBUG:colcon.colcon_core.event_handler.log_command:Invoking command in '/home/ml_nd/bumperbot_ws/build/bumperbot_cpp_examples': AMENT_PREFIX_PATH=/home/ml_nd/bumperbot_ws/install/bumperbot_msgs:${AMENT_PREFIX_PATH} CMAKE_PREFIX_PATH=/home/ml_nd/bumperbot_ws/install/bumperbot_msgs:/opt/ros/humble LD_LIBRARY_PATH=/home/ml_nd/bumperbot_ws/install/bumperbot_msgs/lib:${LD_LIBRARY_PATH} PYTHONPATH=/home/ml_nd/bumperbot_ws/install/bumperbot_msgs/local/lib/python3.10/dist-packages:${PYTHONPATH} /usr/bin/cmake --install /home/ml_nd/bumperbot_ws/build/bumperbot_cpp_examples
[3.824s] Level 1:colcon.colcon_core.environment:create_environment_scripts_only(bumperbot_cpp_examples)
[3.832s] DEBUG:colcon.colcon_core.event_handler.log_command:Invoked command in '/home/ml_nd/bumperbot_ws/build/bumperbot_cpp_examples' returned '0': AMENT_PREFIX_PATH=/home/ml_nd/bumperbot_ws/install/bumperbot_msgs:${AMENT_PREFIX_PATH} CMAKE_PREFIX_PATH=/home/ml_nd/bumperbot_ws/install/bumperbot_msgs:/opt/ros/humble LD_LIBRARY_PATH=/home/ml_nd/bumperbot_ws/install/bumperbot_msgs/lib:${LD_LIBRARY_PATH} PYTHONPATH=/home/ml_nd/bumperbot_ws/install/bumperbot_msgs/local/lib/python3.10/dist-packages:${PYTHONPATH} /usr/bin/cmake --install /home/ml_nd/bumperbot_ws/build/bumperbot_cpp_examples
[3.865s] Level 1:colcon.colcon_core.environment:checking '/home/ml_nd/bumperbot_ws/install/bumperbot_cpp_examples' for CMake module files
[3.866s] Level 1:colcon.colcon_core.environment:checking '/home/ml_nd/bumperbot_ws/install/bumperbot_cpp_examples' for CMake config files
[3.866s] Level 1:colcon.colcon_core.shell:create_environment_hook('bumperbot_cpp_examples', 'cmake_prefix_path')
[3.898s] INFO:colcon.colcon_core.shell:Creating environment hook '/home/ml_nd/bumperbot_ws/install/bumperbot_cpp_examples/share/bumperbot_cpp_examples/hook/cmake_prefix_path.ps1'
[3.899s] INFO:colcon.colcon_core.shell:Creating environment descriptor '/home/ml_nd/bumperbot_ws/install/bumperbot_cpp_examples/share/bumperbot_cpp_examples/hook/cmake_prefix_path.dsv'
[3.899s] INFO:colcon.colcon_core.shell:Creating environment hook '/home/ml_nd/bumperbot_ws/install/bumperbot_cpp_examples/share/bumperbot_cpp_examples/hook/cmake_prefix_path.sh'
[3.900s] Level 1:colcon.colcon_core.environment:checking '/home/ml_nd/bumperbot_ws/install/bumperbot_cpp_examples/lib'
[3.900s] Level 1:colcon.colcon_core.environment:checking '/home/ml_nd/bumperbot_ws/install/bumperbot_cpp_examples/bin'
[3.901s] Level 1:colcon.colcon_core.environment:checking '/home/ml_nd/bumperbot_ws/install/bumperbot_cpp_examples/lib/pkgconfig/bumperbot_cpp_examples.pc'
[3.901s] Level 1:colcon.colcon_core.environment:checking '/home/ml_nd/bumperbot_ws/install/bumperbot_cpp_examples/lib/python3.10/site-packages'
[3.901s] Level 1:colcon.colcon_core.environment:checking '/home/ml_nd/bumperbot_ws/install/bumperbot_cpp_examples/bin'
[3.933s] INFO:colcon.colcon_core.shell:Creating package script '/home/ml_nd/bumperbot_ws/install/bumperbot_cpp_examples/share/bumperbot_cpp_examples/package.ps1'
[3.934s] INFO:colcon.colcon_core.shell:Creating package descriptor '/home/ml_nd/bumperbot_ws/install/bumperbot_cpp_examples/share/bumperbot_cpp_examples/package.dsv'
[3.934s] INFO:colcon.colcon_core.shell:Creating package script '/home/ml_nd/bumperbot_ws/install/bumperbot_cpp_examples/share/bumperbot_cpp_examples/package.sh'
[3.935s] INFO:colcon.colcon_core.shell:Creating package script '/home/ml_nd/bumperbot_ws/install/bumperbot_cpp_examples/share/bumperbot_cpp_examples/package.bash'
[3.935s] INFO:colcon.colcon_core.shell:Creating package script '/home/ml_nd/bumperbot_ws/install/bumperbot_cpp_examples/share/bumperbot_cpp_examples/package.zsh'
[3.936s] Level 1:colcon.colcon_core.environment:create_file_with_runtime_dependencies(/home/ml_nd/bumperbot_ws/install/bumperbot_cpp_examples/share/colcon-core/packages/bumperbot_cpp_examples)
[3.953s] DEBUG:colcon.colcon_core.event_handler.log_command:Invoked command in '/home/ml_nd/bumperbot_ws/build/bumperbot_controller' returned '2': CMAKE_PREFIX_PATH=/opt/ros/humble /usr/bin/cmake --build /home/ml_nd/bumperbot_ws/build/bumperbot_controller -- -j4 -l4
[4.027s] Level 1:colcon.colcon_core.environment:create_environment_scripts_only(bumperbot_controller)
[4.044s] Level 1:colcon.colcon_core.environment:checking '/home/ml_nd/bumperbot_ws/install/bumperbot_controller' for CMake module files
[4.045s] Level 1:colcon.colcon_core.environment:checking '/home/ml_nd/bumperbot_ws/install/bumperbot_controller' for CMake config files
[4.046s] Level 1:colcon.colcon_core.shell:create_environment_hook('bumperbot_controller', 'cmake_prefix_path')
[4.068s] INFO:colcon.colcon_core.shell:Creating environment hook '/home/ml_nd/bumperbot_ws/install/bumperbot_controller/share/bumperbot_controller/hook/cmake_prefix_path.ps1'
[4.069s] INFO:colcon.colcon_core.shell:Creating environment descriptor '/home/ml_nd/bumperbot_ws/install/bumperbot_controller/share/bumperbot_controller/hook/cmake_prefix_path.dsv'
[4.070s] INFO:colcon.colcon_core.shell:Creating environment hook '/home/ml_nd/bumperbot_ws/install/bumperbot_controller/share/bumperbot_controller/hook/cmake_prefix_path.sh'
[4.070s] Level 1:colcon.colcon_core.environment:checking '/home/ml_nd/bumperbot_ws/install/bumperbot_controller/lib'
[4.071s] Level 1:colcon.colcon_core.environment:checking '/home/ml_nd/bumperbot_ws/install/bumperbot_controller/bin'
[4.071s] Level 1:colcon.colcon_core.environment:checking '/home/ml_nd/bumperbot_ws/install/bumperbot_controller/lib/pkgconfig/bumperbot_controller.pc'
[4.071s] Level 1:colcon.colcon_core.environment:checking '/home/ml_nd/bumperbot_ws/install/bumperbot_controller/lib/python3.10/site-packages'
[4.072s] Level 1:colcon.colcon_core.environment:checking '/home/ml_nd/bumperbot_ws/install/bumperbot_controller/bin'
[4.100s] INFO:colcon.colcon_core.shell:Creating package script '/home/ml_nd/bumperbot_ws/install/bumperbot_controller/share/bumperbot_controller/package.ps1'
[4.100s] INFO:colcon.colcon_core.shell:Creating package descriptor '/home/ml_nd/bumperbot_ws/install/bumperbot_controller/share/bumperbot_controller/package.dsv'
[4.101s] INFO:colcon.colcon_core.shell:Creating package script '/home/ml_nd/bumperbot_ws/install/bumperbot_controller/share/bumperbot_controller/package.sh'
[4.102s] INFO:colcon.colcon_core.shell:Creating package script '/home/ml_nd/bumperbot_ws/install/bumperbot_controller/share/bumperbot_controller/package.bash'
[4.102s] INFO:colcon.colcon_core.shell:Creating package script '/home/ml_nd/bumperbot_ws/install/bumperbot_controller/share/bumperbot_controller/package.zsh'
[4.103s] Level 1:colcon.colcon_core.environment:create_file_with_runtime_dependencies(/home/ml_nd/bumperbot_ws/install/bumperbot_controller/share/colcon-core/packages/bumperbot_controller)
[4.416s] DEBUG:colcon.colcon_parallel_executor.executor.parallel:closing loop
[4.416s] DEBUG:colcon.colcon_parallel_executor.executor.parallel:loop closed
[4.416s] DEBUG:colcon.colcon_parallel_executor.executor.parallel:run_until_complete finished with '2'
[4.417s] DEBUG:colcon.colcon_core.event_reactor:joining thread
[4.451s] INFO:colcon.colcon_core.plugin_system:Skipping extension 'colcon_notification.desktop_notification.terminal_notifier': Not used on non-Darwin systems
[4.451s] INFO:colcon.colcon_core.plugin_system:Skipping extension 'colcon_notification.desktop_notification.win32': Not used on non-Windows systems
[4.451s] INFO:colcon.colcon_notification.desktop_notification:Sending desktop notification using 'notify2'
[4.471s] DEBUG:colcon.colcon_core.event_reactor:joined thread
[4.492s] INFO:colcon.colcon_core.shell:Creating prefix script '/home/ml_nd/bumperbot_ws/install/local_setup.ps1'
[4.493s] INFO:colcon.colcon_core.shell:Creating prefix util module '/home/ml_nd/bumperbot_ws/install/_local_setup_util_ps1.py'
[4.495s] INFO:colcon.colcon_core.shell:Creating prefix chain script '/home/ml_nd/bumperbot_ws/install/setup.ps1'
[4.522s] INFO:colcon.colcon_core.shell:Creating prefix script '/home/ml_nd/bumperbot_ws/install/local_setup.sh'
[4.523s] INFO:colcon.colcon_core.shell:Creating prefix util module '/home/ml_nd/bumperbot_ws/install/_local_setup_util_sh.py'
[4.524s] INFO:colcon.colcon_core.shell:Creating prefix chain script '/home/ml_nd/bumperbot_ws/install/setup.sh'
[4.553s] INFO:colcon.colcon_core.shell:Creating prefix script '/home/ml_nd/bumperbot_ws/install/local_setup.bash'
[4.553s] INFO:colcon.colcon_core.shell:Creating prefix chain script '/home/ml_nd/bumperbot_ws/install/setup.bash'
[4.590s] INFO:colcon.colcon_core.shell:Creating prefix script '/home/ml_nd/bumperbot_ws/install/local_setup.zsh'
[4.591s] INFO:colcon.colcon_core.shell:Creating prefix chain script '/home/ml_nd/bumperbot_ws/install/setup.zsh'
