[1.193s] DEBUG:colcon:Command line arguments: ['/home/ml_nd/.local/bin/colcon', 'build']
[1.193s] DEBUG:colcon:Parsed command line arguments: Namespace(log_base=None, log_level=None, verb_name='build', build_base='build', install_base='install', merge_install=False, symlink_install=False, test_result_base=None, continue_on_error=False, executor='parallel', parallel_workers=4, event_handlers=None, ignore_user_meta=False, metas=['./colcon.meta'], base_paths=['.'], packages_ignore=None, packages_ignore_regex=None, paths=None, packages_up_to=None, packages_up_to_regex=None, packages_above=None, packages_above_and_dependencies=None, packages_above_depth=None, packages_select_by_dep=None, packages_skip_by_dep=None, packages_skip_up_to=None, packages_select_build_failed=False, packages_skip_build_finished=False, packages_select_test_failures=False, packages_skip_test_passed=False, packages_select=None, packages_skip=None, packages_select_regex=None, packages_skip_regex=None, packages_start=None, packages_end=None, allow_overriding=[], cmake_args=None, cmake_target=None, cmake_target_skip_unavailable=False, cmake_clean_cache=False, cmake_clean_first=False, cmake_force_configure=False, ament_cmake_args=None, catkin_cmake_args=None, catkin_skip_building_tests=False, verb_parser=<colcon_defaults.argument_parser.defaults.DefaultArgumentsDecorator object at 0x7fefe54e0850>, verb_extension=<colcon_core.verb.build.BuildVerb object at 0x7fefe54e0c10>, main=<bound method BuildVerb.main of <colcon_core.verb.build.BuildVerb object at 0x7fefe54e0c10>>)
[1.249s] Level 1:colcon.colcon_core.package_discovery:discover_packages(colcon_meta) check parameters
[1.249s] Level 1:colcon.colcon_core.package_discovery:discover_packages(recursive) check parameters
[1.249s] Level 1:colcon.colcon_core.package_discovery:discover_packages(ignore) check parameters
[1.249s] Level 1:colcon.colcon_core.package_discovery:discover_packages(path) check parameters
[1.249s] Level 1:colcon.colcon_core.package_discovery:discover_packages(colcon_meta) discover
[1.249s] Level 1:colcon.colcon_core.package_discovery:discover_packages(recursive) discover
[1.249s] INFO:colcon.colcon_core.package_discovery:Crawling recursively for packages in '/home/ml_nd/bumperbot_ws'
[1.249s] Level 1:colcon.colcon_core.package_identification:_identify(.) by extensions ['ignore', 'ignore_ament_install']
[1.250s] Level 1:colcon.colcon_core.package_identification:_identify(.) by extension 'ignore'
[1.250s] Level 1:colcon.colcon_core.package_identification:_identify(.) by extension 'ignore_ament_install'
[1.250s] Level 1:colcon.colcon_core.package_identification:_identify(.) by extensions ['colcon_pkg']
[1.250s] Level 1:colcon.colcon_core.package_identification:_identify(.) by extension 'colcon_pkg'
[1.250s] Level 1:colcon.colcon_core.package_identification:_identify(.) by extensions ['colcon_meta']
[1.250s] Level 1:colcon.colcon_core.package_identification:_identify(.) by extension 'colcon_meta'
[1.250s] Level 1:colcon.colcon_core.package_identification:_identify(.) by extensions ['ros']
[1.250s] Level 1:colcon.colcon_core.package_identification:_identify(.) by extension 'ros'
[1.261s] Level 1:colcon.colcon_core.package_identification:_identify(.) by extensions ['cmake', 'python']
[1.261s] Level 1:colcon.colcon_core.package_identification:_identify(.) by extension 'cmake'
[1.261s] Level 1:colcon.colcon_core.package_identification:_identify(.) by extension 'python'
[1.261s] Level 1:colcon.colcon_core.package_identification:_identify(.) by extensions ['python_setup_py']
[1.261s] Level 1:colcon.colcon_core.package_identification:_identify(.) by extension 'python_setup_py'
[1.261s] Level 1:colcon.colcon_core.package_identification:_identify(build) by extensions ['ignore', 'ignore_ament_install']
[1.261s] Level 1:colcon.colcon_core.package_identification:_identify(build) by extension 'ignore'
[1.262s] Level 1:colcon.colcon_core.package_identification:_identify(build) ignored
[1.262s] Level 1:colcon.colcon_core.package_identification:_identify(install) by extensions ['ignore', 'ignore_ament_install']
[1.262s] Level 1:colcon.colcon_core.package_identification:_identify(install) by extension 'ignore'
[1.262s] Level 1:colcon.colcon_core.package_identification:_identify(install) ignored
[1.262s] Level 1:colcon.colcon_core.package_identification:_identify(log) by extensions ['ignore', 'ignore_ament_install']
[1.262s] Level 1:colcon.colcon_core.package_identification:_identify(log) by extension 'ignore'
[1.262s] Level 1:colcon.colcon_core.package_identification:_identify(log) ignored
[1.263s] Level 1:colcon.colcon_core.package_identification:_identify(src) by extensions ['ignore', 'ignore_ament_install']
[1.263s] Level 1:colcon.colcon_core.package_identification:_identify(src) by extension 'ignore'
[1.263s] Level 1:colcon.colcon_core.package_identification:_identify(src) by extension 'ignore_ament_install'
[1.263s] Level 1:colcon.colcon_core.package_identification:_identify(src) by extensions ['colcon_pkg']
[1.263s] Level 1:colcon.colcon_core.package_identification:_identify(src) by extension 'colcon_pkg'
[1.263s] Level 1:colcon.colcon_core.package_identification:_identify(src) by extensions ['colcon_meta']
[1.263s] Level 1:colcon.colcon_core.package_identification:_identify(src) by extension 'colcon_meta'
[1.263s] Level 1:colcon.colcon_core.package_identification:_identify(src) by extensions ['ros']
[1.263s] Level 1:colcon.colcon_core.package_identification:_identify(src) by extension 'ros'
[1.263s] Level 1:colcon.colcon_core.package_identification:_identify(src) by extensions ['cmake', 'python']
[1.263s] Level 1:colcon.colcon_core.package_identification:_identify(src) by extension 'cmake'
[1.263s] Level 1:colcon.colcon_core.package_identification:_identify(src) by extension 'python'
[1.263s] Level 1:colcon.colcon_core.package_identification:_identify(src) by extensions ['python_setup_py']
[1.263s] Level 1:colcon.colcon_core.package_identification:_identify(src) by extension 'python_setup_py'
[1.264s] Level 1:colcon.colcon_core.package_identification:_identify(src/bumperbot_controller) by extensions ['ignore', 'ignore_ament_install']
[1.264s] Level 1:colcon.colcon_core.package_identification:_identify(src/bumperbot_controller) by extension 'ignore'
[1.264s] Level 1:colcon.colcon_core.package_identification:_identify(src/bumperbot_controller) by extension 'ignore_ament_install'
[1.264s] Level 1:colcon.colcon_core.package_identification:_identify(src/bumperbot_controller) by extensions ['colcon_pkg']
[1.264s] Level 1:colcon.colcon_core.package_identification:_identify(src/bumperbot_controller) by extension 'colcon_pkg'
[1.264s] Level 1:colcon.colcon_core.package_identification:_identify(src/bumperbot_controller) by extensions ['colcon_meta']
[1.264s] Level 1:colcon.colcon_core.package_identification:_identify(src/bumperbot_controller) by extension 'colcon_meta'
[1.264s] Level 1:colcon.colcon_core.package_identification:_identify(src/bumperbot_controller) by extensions ['ros']
[1.264s] Level 1:colcon.colcon_core.package_identification:_identify(src/bumperbot_controller) by extension 'ros'
[1.269s] DEBUG:colcon.colcon_core.package_identification:Package 'src/bumperbot_controller' with type 'ros.ament_cmake' and name 'bumperbot_controller'
[1.269s] Level 1:colcon.colcon_core.package_identification:_identify(src/bumperbot_cpp_examples) by extensions ['ignore', 'ignore_ament_install']
[1.269s] Level 1:colcon.colcon_core.package_identification:_identify(src/bumperbot_cpp_examples) by extension 'ignore'
[1.269s] Level 1:colcon.colcon_core.package_identification:_identify(src/bumperbot_cpp_examples) by extension 'ignore_ament_install'
[1.270s] Level 1:colcon.colcon_core.package_identification:_identify(src/bumperbot_cpp_examples) by extensions ['colcon_pkg']
[1.270s] Level 1:colcon.colcon_core.package_identification:_identify(src/bumperbot_cpp_examples) by extension 'colcon_pkg'
[1.270s] Level 1:colcon.colcon_core.package_identification:_identify(src/bumperbot_cpp_examples) by extensions ['colcon_meta']
[1.270s] Level 1:colcon.colcon_core.package_identification:_identify(src/bumperbot_cpp_examples) by extension 'colcon_meta'
[1.270s] Level 1:colcon.colcon_core.package_identification:_identify(src/bumperbot_cpp_examples) by extensions ['ros']
[1.270s] Level 1:colcon.colcon_core.package_identification:_identify(src/bumperbot_cpp_examples) by extension 'ros'
[1.271s] DEBUG:colcon.colcon_core.package_identification:Package 'src/bumperbot_cpp_examples' with type 'ros.ament_cmake' and name 'bumperbot_cpp_examples'
[1.271s] Level 1:colcon.colcon_core.package_identification:_identify(src/bumperbot_description) by extensions ['ignore', 'ignore_ament_install']
[1.272s] Level 1:colcon.colcon_core.package_identification:_identify(src/bumperbot_description) by extension 'ignore'
[1.272s] Level 1:colcon.colcon_core.package_identification:_identify(src/bumperbot_description) by extension 'ignore_ament_install'
[1.272s] Level 1:colcon.colcon_core.package_identification:_identify(src/bumperbot_description) by extensions ['colcon_pkg']
[1.272s] Level 1:colcon.colcon_core.package_identification:_identify(src/bumperbot_description) by extension 'colcon_pkg'
[1.272s] Level 1:colcon.colcon_core.package_identification:_identify(src/bumperbot_description) by extensions ['colcon_meta']
[1.272s] Level 1:colcon.colcon_core.package_identification:_identify(src/bumperbot_description) by extension 'colcon_meta'
[1.272s] Level 1:colcon.colcon_core.package_identification:_identify(src/bumperbot_description) by extensions ['ros']
[1.272s] Level 1:colcon.colcon_core.package_identification:_identify(src/bumperbot_description) by extension 'ros'
[1.273s] DEBUG:colcon.colcon_core.package_identification:Package 'src/bumperbot_description' with type 'ros.ament_cmake' and name 'bumperbot_description'
[1.273s] Level 1:colcon.colcon_core.package_identification:_identify(src/bumperbot_msgs) by extensions ['ignore', 'ignore_ament_install']
[1.273s] Level 1:colcon.colcon_core.package_identification:_identify(src/bumperbot_msgs) by extension 'ignore'
[1.273s] Level 1:colcon.colcon_core.package_identification:_identify(src/bumperbot_msgs) by extension 'ignore_ament_install'
[1.273s] Level 1:colcon.colcon_core.package_identification:_identify(src/bumperbot_msgs) by extensions ['colcon_pkg']
[1.273s] Level 1:colcon.colcon_core.package_identification:_identify(src/bumperbot_msgs) by extension 'colcon_pkg'
[1.273s] Level 1:colcon.colcon_core.package_identification:_identify(src/bumperbot_msgs) by extensions ['colcon_meta']
[1.273s] Level 1:colcon.colcon_core.package_identification:_identify(src/bumperbot_msgs) by extension 'colcon_meta'
[1.274s] Level 1:colcon.colcon_core.package_identification:_identify(src/bumperbot_msgs) by extensions ['ros']
[1.274s] Level 1:colcon.colcon_core.package_identification:_identify(src/bumperbot_msgs) by extension 'ros'
[1.274s] DEBUG:colcon.colcon_core.package_identification:Package 'src/bumperbot_msgs' with type 'ros.ament_cmake' and name 'bumperbot_msgs'
[1.274s] Level 1:colcon.colcon_core.package_identification:_identify(src/bumperbot_py_examples) by extensions ['ignore', 'ignore_ament_install']
[1.274s] Level 1:colcon.colcon_core.package_identification:_identify(src/bumperbot_py_examples) by extension 'ignore'
[1.275s] Level 1:colcon.colcon_core.package_identification:_identify(src/bumperbot_py_examples) by extension 'ignore_ament_install'
[1.275s] Level 1:colcon.colcon_core.package_identification:_identify(src/bumperbot_py_examples) by extensions ['colcon_pkg']
[1.275s] Level 1:colcon.colcon_core.package_identification:_identify(src/bumperbot_py_examples) by extension 'colcon_pkg'
[1.275s] Level 1:colcon.colcon_core.package_identification:_identify(src/bumperbot_py_examples) by extensions ['colcon_meta']
[1.275s] Level 1:colcon.colcon_core.package_identification:_identify(src/bumperbot_py_examples) by extension 'colcon_meta'
[1.275s] Level 1:colcon.colcon_core.package_identification:_identify(src/bumperbot_py_examples) by extensions ['ros']
[1.275s] Level 1:colcon.colcon_core.package_identification:_identify(src/bumperbot_py_examples) by extension 'ros'
[1.277s] DEBUG:colcon.colcon_core.package_identification:Package 'src/bumperbot_py_examples' with type 'ros.ament_python' and name 'bumperbot_py_examples'
[1.277s] Level 1:colcon.colcon_core.package_discovery:discover_packages(recursive) using defaults
[1.277s] Level 1:colcon.colcon_core.package_discovery:discover_packages(ignore) discover
[1.277s] Level 1:colcon.colcon_core.package_discovery:discover_packages(ignore) using defaults
[1.277s] Level 1:colcon.colcon_core.package_discovery:discover_packages(path) discover
[1.277s] Level 1:colcon.colcon_core.package_discovery:discover_packages(path) using defaults
[1.390s] Level 1:colcon.colcon_core.package_discovery:discover_packages(prefix_path) check parameters
[1.390s] Level 1:colcon.colcon_core.package_discovery:discover_packages(prefix_path) discover
[1.427s] DEBUG:colcon.colcon_installed_package_information.package_discovery:Found 327 installed packages in /opt/ros/humble
[1.428s] Level 1:colcon.colcon_core.package_discovery:discover_packages(prefix_path) using defaults
[1.551s] Level 5:colcon.colcon_core.verb:set package 'bumperbot_controller' build argument 'cmake_args' from command line to 'None'
[1.551s] Level 5:colcon.colcon_core.verb:set package 'bumperbot_controller' build argument 'cmake_target' from command line to 'None'
[1.551s] Level 5:colcon.colcon_core.verb:set package 'bumperbot_controller' build argument 'cmake_target_skip_unavailable' from command line to 'False'
[1.551s] Level 5:colcon.colcon_core.verb:set package 'bumperbot_controller' build argument 'cmake_clean_cache' from command line to 'False'
[1.551s] Level 5:colcon.colcon_core.verb:set package 'bumperbot_controller' build argument 'cmake_clean_first' from command line to 'False'
[1.551s] Level 5:colcon.colcon_core.verb:set package 'bumperbot_controller' build argument 'cmake_force_configure' from command line to 'False'
[1.551s] Level 5:colcon.colcon_core.verb:set package 'bumperbot_controller' build argument 'ament_cmake_args' from command line to 'None'
[1.551s] Level 5:colcon.colcon_core.verb:set package 'bumperbot_controller' build argument 'catkin_cmake_args' from command line to 'None'
[1.551s] Level 5:colcon.colcon_core.verb:set package 'bumperbot_controller' build argument 'catkin_skip_building_tests' from command line to 'False'
[1.551s] DEBUG:colcon.colcon_core.verb:Building package 'bumperbot_controller' with the following arguments: {'ament_cmake_args': None, 'build_base': '/home/ml_nd/bumperbot_ws/build/bumperbot_controller', 'catkin_cmake_args': None, 'catkin_skip_building_tests': False, 'cmake_args': None, 'cmake_clean_cache': False, 'cmake_clean_first': False, 'cmake_force_configure': False, 'cmake_target': None, 'cmake_target_skip_unavailable': False, 'install_base': '/home/ml_nd/bumperbot_ws/install/bumperbot_controller', 'merge_install': False, 'path': '/home/ml_nd/bumperbot_ws/src/bumperbot_controller', 'symlink_install': False, 'test_result_base': None}
[1.567s] Level 5:colcon.colcon_core.verb:set package 'bumperbot_description' build argument 'cmake_args' from command line to 'None'
[1.567s] Level 5:colcon.colcon_core.verb:set package 'bumperbot_description' build argument 'cmake_target' from command line to 'None'
[1.567s] Level 5:colcon.colcon_core.verb:set package 'bumperbot_description' build argument 'cmake_target_skip_unavailable' from command line to 'False'
[1.567s] Level 5:colcon.colcon_core.verb:set package 'bumperbot_description' build argument 'cmake_clean_cache' from command line to 'False'
[1.568s] Level 5:colcon.colcon_core.verb:set package 'bumperbot_description' build argument 'cmake_clean_first' from command line to 'False'
[1.568s] Level 5:colcon.colcon_core.verb:set package 'bumperbot_description' build argument 'cmake_force_configure' from command line to 'False'
[1.568s] Level 5:colcon.colcon_core.verb:set package 'bumperbot_description' build argument 'ament_cmake_args' from command line to 'None'
[1.568s] Level 5:colcon.colcon_core.verb:set package 'bumperbot_description' build argument 'catkin_cmake_args' from command line to 'None'
[1.568s] Level 5:colcon.colcon_core.verb:set package 'bumperbot_description' build argument 'catkin_skip_building_tests' from command line to 'False'
[1.568s] DEBUG:colcon.colcon_core.verb:Building package 'bumperbot_description' with the following arguments: {'ament_cmake_args': None, 'build_base': '/home/ml_nd/bumperbot_ws/build/bumperbot_description', 'catkin_cmake_args': None, 'catkin_skip_building_tests': False, 'cmake_args': None, 'cmake_clean_cache': False, 'cmake_clean_first': False, 'cmake_force_configure': False, 'cmake_target': None, 'cmake_target_skip_unavailable': False, 'install_base': '/home/ml_nd/bumperbot_ws/install/bumperbot_description', 'merge_install': False, 'path': '/home/ml_nd/bumperbot_ws/src/bumperbot_description', 'symlink_install': False, 'test_result_base': None}
[1.586s] Level 5:colcon.colcon_core.verb:set package 'bumperbot_msgs' build argument 'cmake_args' from command line to 'None'
[1.586s] Level 5:colcon.colcon_core.verb:set package 'bumperbot_msgs' build argument 'cmake_target' from command line to 'None'
[1.586s] Level 5:colcon.colcon_core.verb:set package 'bumperbot_msgs' build argument 'cmake_target_skip_unavailable' from command line to 'False'
[1.586s] Level 5:colcon.colcon_core.verb:set package 'bumperbot_msgs' build argument 'cmake_clean_cache' from command line to 'False'
[1.586s] Level 5:colcon.colcon_core.verb:set package 'bumperbot_msgs' build argument 'cmake_clean_first' from command line to 'False'
[1.586s] Level 5:colcon.colcon_core.verb:set package 'bumperbot_msgs' build argument 'cmake_force_configure' from command line to 'False'
[1.586s] Level 5:colcon.colcon_core.verb:set package 'bumperbot_msgs' build argument 'ament_cmake_args' from command line to 'None'
[1.586s] Level 5:colcon.colcon_core.verb:set package 'bumperbot_msgs' build argument 'catkin_cmake_args' from command line to 'None'
[1.586s] Level 5:colcon.colcon_core.verb:set package 'bumperbot_msgs' build argument 'catkin_skip_building_tests' from command line to 'False'
[1.586s] DEBUG:colcon.colcon_core.verb:Building package 'bumperbot_msgs' with the following arguments: {'ament_cmake_args': None, 'build_base': '/home/ml_nd/bumperbot_ws/build/bumperbot_msgs', 'catkin_cmake_args': None, 'catkin_skip_building_tests': False, 'cmake_args': None, 'cmake_clean_cache': False, 'cmake_clean_first': False, 'cmake_force_configure': False, 'cmake_target': None, 'cmake_target_skip_unavailable': False, 'install_base': '/home/ml_nd/bumperbot_ws/install/bumperbot_msgs', 'merge_install': False, 'path': '/home/ml_nd/bumperbot_ws/src/bumperbot_msgs', 'symlink_install': False, 'test_result_base': None}
[1.603s] Level 5:colcon.colcon_core.verb:set package 'bumperbot_cpp_examples' build argument 'cmake_args' from command line to 'None'
[1.604s] Level 5:colcon.colcon_core.verb:set package 'bumperbot_cpp_examples' build argument 'cmake_target' from command line to 'None'
[1.604s] Level 5:colcon.colcon_core.verb:set package 'bumperbot_cpp_examples' build argument 'cmake_target_skip_unavailable' from command line to 'False'
[1.604s] Level 5:colcon.colcon_core.verb:set package 'bumperbot_cpp_examples' build argument 'cmake_clean_cache' from command line to 'False'
[1.604s] Level 5:colcon.colcon_core.verb:set package 'bumperbot_cpp_examples' build argument 'cmake_clean_first' from command line to 'False'
[1.604s] Level 5:colcon.colcon_core.verb:set package 'bumperbot_cpp_examples' build argument 'cmake_force_configure' from command line to 'False'
[1.604s] Level 5:colcon.colcon_core.verb:set package 'bumperbot_cpp_examples' build argument 'ament_cmake_args' from command line to 'None'
[1.604s] Level 5:colcon.colcon_core.verb:set package 'bumperbot_cpp_examples' build argument 'catkin_cmake_args' from command line to 'None'
[1.604s] Level 5:colcon.colcon_core.verb:set package 'bumperbot_cpp_examples' build argument 'catkin_skip_building_tests' from command line to 'False'
[1.604s] DEBUG:colcon.colcon_core.verb:Building package 'bumperbot_cpp_examples' with the following arguments: {'ament_cmake_args': None, 'build_base': '/home/ml_nd/bumperbot_ws/build/bumperbot_cpp_examples', 'catkin_cmake_args': None, 'catkin_skip_building_tests': False, 'cmake_args': None, 'cmake_clean_cache': False, 'cmake_clean_first': False, 'cmake_force_configure': False, 'cmake_target': None, 'cmake_target_skip_unavailable': False, 'install_base': '/home/ml_nd/bumperbot_ws/install/bumperbot_cpp_examples', 'merge_install': False, 'path': '/home/ml_nd/bumperbot_ws/src/bumperbot_cpp_examples', 'symlink_install': False, 'test_result_base': None}
[1.622s] Level 5:colcon.colcon_core.verb:set package 'bumperbot_py_examples' build argument 'cmake_args' from command line to 'None'
[1.622s] Level 5:colcon.colcon_core.verb:set package 'bumperbot_py_examples' build argument 'cmake_target' from command line to 'None'
[1.623s] Level 5:colcon.colcon_core.verb:set package 'bumperbot_py_examples' build argument 'cmake_target_skip_unavailable' from command line to 'False'
[1.623s] Level 5:colcon.colcon_core.verb:set package 'bumperbot_py_examples' build argument 'cmake_clean_cache' from command line to 'False'
[1.623s] Level 5:colcon.colcon_core.verb:set package 'bumperbot_py_examples' build argument 'cmake_clean_first' from command line to 'False'
[1.623s] Level 5:colcon.colcon_core.verb:set package 'bumperbot_py_examples' build argument 'cmake_force_configure' from command line to 'False'
[1.623s] Level 5:colcon.colcon_core.verb:set package 'bumperbot_py_examples' build argument 'ament_cmake_args' from command line to 'None'
[1.623s] Level 5:colcon.colcon_core.verb:set package 'bumperbot_py_examples' build argument 'catkin_cmake_args' from command line to 'None'
[1.623s] Level 5:colcon.colcon_core.verb:set package 'bumperbot_py_examples' build argument 'catkin_skip_building_tests' from command line to 'False'
[1.623s] DEBUG:colcon.colcon_core.verb:Building package 'bumperbot_py_examples' with the following arguments: {'ament_cmake_args': None, 'build_base': '/home/ml_nd/bumperbot_ws/build/bumperbot_py_examples', 'catkin_cmake_args': None, 'catkin_skip_building_tests': False, 'cmake_args': None, 'cmake_clean_cache': False, 'cmake_clean_first': False, 'cmake_force_configure': False, 'cmake_target': None, 'cmake_target_skip_unavailable': False, 'install_base': '/home/ml_nd/bumperbot_ws/install/bumperbot_py_examples', 'merge_install': False, 'path': '/home/ml_nd/bumperbot_ws/src/bumperbot_py_examples', 'symlink_install': False, 'test_result_base': None}
[1.640s] INFO:colcon.colcon_core.executor:Executing jobs using 'parallel' executor
[1.658s] DEBUG:colcon.colcon_parallel_executor.executor.parallel:run_until_complete
[1.659s] INFO:colcon.colcon_ros.task.ament_cmake.build:Building ROS package in '/home/ml_nd/bumperbot_ws/src/bumperbot_msgs' with build type 'ament_cmake'
[1.659s] INFO:colcon.colcon_cmake.task.cmake.build:Building CMake package in '/home/ml_nd/bumperbot_ws/src/bumperbot_msgs'
[1.680s] INFO:colcon.colcon_core.plugin_system:Skipping extension 'colcon_core.shell.bat': Not used on non-Windows systems
[1.680s] INFO:colcon.colcon_core.shell:Skip shell extension 'powershell' for command environment: Not usable outside of PowerShell
[1.680s] DEBUG:colcon.colcon_core.shell:Skip shell extension 'dsv' for command environment
[1.719s] INFO:colcon.colcon_ros.task.ament_cmake.build:Building ROS package in '/home/ml_nd/bumperbot_ws/src/bumperbot_controller' with build type 'ament_cmake'
[1.719s] INFO:colcon.colcon_cmake.task.cmake.build:Building CMake package in '/home/ml_nd/bumperbot_ws/src/bumperbot_controller'
[1.736s] INFO:colcon.colcon_core.shell:Skip shell extension 'powershell' for command environment: Not usable outside of PowerShell
[1.736s] DEBUG:colcon.colcon_core.shell:Skip shell extension 'dsv' for command environment
[1.788s] INFO:colcon.colcon_ros.task.ament_cmake.build:Building ROS package in '/home/ml_nd/bumperbot_ws/src/bumperbot_description' with build type 'ament_cmake'
[1.789s] INFO:colcon.colcon_cmake.task.cmake.build:Building CMake package in '/home/ml_nd/bumperbot_ws/src/bumperbot_description'
[1.812s] INFO:colcon.colcon_core.shell:Skip shell extension 'powershell' for command environment: Not usable outside of PowerShell
[1.812s] DEBUG:colcon.colcon_core.shell:Skip shell extension 'dsv' for command environment
[1.863s] DEBUG:colcon.colcon_core.event_handler.log_command:Invoking command in '/home/ml_nd/bumperbot_ws/build/bumperbot_msgs': CMAKE_PREFIX_PATH=/opt/ros/humble /usr/bin/cmake --build /home/ml_nd/bumperbot_ws/build/bumperbot_msgs -- -j4 -l4
[1.867s] DEBUG:colcon.colcon_core.event_handler.log_command:Invoking command in '/home/ml_nd/bumperbot_ws/build/bumperbot_controller': CMAKE_PREFIX_PATH=/opt/ros/humble /usr/bin/cmake --build /home/ml_nd/bumperbot_ws/build/bumperbot_controller -- -j4 -l4
[1.882s] DEBUG:colcon.colcon_core.event_handler.log_command:Invoking command in '/home/ml_nd/bumperbot_ws/build/bumperbot_description': CMAKE_PREFIX_PATH=/opt/ros/humble /usr/bin/cmake --build /home/ml_nd/bumperbot_ws/build/bumperbot_description -- -j4 -l4
[1.940s] DEBUG:colcon.colcon_core.event_handler.log_command:Invoked command in '/home/ml_nd/bumperbot_ws/build/bumperbot_description' returned '0': CMAKE_PREFIX_PATH=/opt/ros/humble /usr/bin/cmake --build /home/ml_nd/bumperbot_ws/build/bumperbot_description -- -j4 -l4
[2.067s] DEBUG:colcon.colcon_core.event_handler.log_command:Invoking command in '/home/ml_nd/bumperbot_ws/build/bumperbot_description': CMAKE_PREFIX_PATH=/opt/ros/humble /usr/bin/cmake --install /home/ml_nd/bumperbot_ws/build/bumperbot_description
[2.110s] Level 1:colcon.colcon_core.environment:create_environment_scripts_only(bumperbot_description)
[2.115s] DEBUG:colcon.colcon_core.event_handler.log_command:Invoked command in '/home/ml_nd/bumperbot_ws/build/bumperbot_description' returned '0': CMAKE_PREFIX_PATH=/opt/ros/humble /usr/bin/cmake --install /home/ml_nd/bumperbot_ws/build/bumperbot_description
[2.148s] Level 1:colcon.colcon_core.environment:checking '/home/ml_nd/bumperbot_ws/install/bumperbot_description' for CMake module files
[2.149s] Level 1:colcon.colcon_core.environment:checking '/home/ml_nd/bumperbot_ws/install/bumperbot_description' for CMake config files
[2.149s] Level 1:colcon.colcon_core.shell:create_environment_hook('bumperbot_description', 'cmake_prefix_path')
[2.188s] INFO:colcon.colcon_core.shell:Creating environment hook '/home/ml_nd/bumperbot_ws/install/bumperbot_description/share/bumperbot_description/hook/cmake_prefix_path.ps1'
[2.189s] INFO:colcon.colcon_core.shell:Creating environment descriptor '/home/ml_nd/bumperbot_ws/install/bumperbot_description/share/bumperbot_description/hook/cmake_prefix_path.dsv'
[2.189s] INFO:colcon.colcon_core.shell:Creating environment hook '/home/ml_nd/bumperbot_ws/install/bumperbot_description/share/bumperbot_description/hook/cmake_prefix_path.sh'
[2.191s] Level 1:colcon.colcon_core.environment:checking '/home/ml_nd/bumperbot_ws/install/bumperbot_description/bin'
[2.191s] Level 1:colcon.colcon_core.environment:checking '/home/ml_nd/bumperbot_ws/install/bumperbot_description/lib/pkgconfig/bumperbot_description.pc'
[2.191s] Level 1:colcon.colcon_core.environment:checking '/home/ml_nd/bumperbot_ws/install/bumperbot_description/lib/python3.10/site-packages'
[2.192s] Level 1:colcon.colcon_core.environment:checking '/home/ml_nd/bumperbot_ws/install/bumperbot_description/bin'
[2.229s] INFO:colcon.colcon_core.shell:Creating package script '/home/ml_nd/bumperbot_ws/install/bumperbot_description/share/bumperbot_description/package.ps1'
[2.231s] INFO:colcon.colcon_core.shell:Creating package descriptor '/home/ml_nd/bumperbot_ws/install/bumperbot_description/share/bumperbot_description/package.dsv'
[2.232s] INFO:colcon.colcon_core.shell:Creating package script '/home/ml_nd/bumperbot_ws/install/bumperbot_description/share/bumperbot_description/package.sh'
[2.233s] INFO:colcon.colcon_core.shell:Creating package script '/home/ml_nd/bumperbot_ws/install/bumperbot_description/share/bumperbot_description/package.bash'
[2.235s] INFO:colcon.colcon_core.shell:Creating package script '/home/ml_nd/bumperbot_ws/install/bumperbot_description/share/bumperbot_description/package.zsh'
[2.240s] Level 1:colcon.colcon_core.environment:create_file_with_runtime_dependencies(/home/ml_nd/bumperbot_ws/install/bumperbot_description/share/colcon-core/packages/bumperbot_description)
[2.340s] Level 1:colcon.colcon_core.environment:create_environment_scripts_only(bumperbot_description)
[2.381s] Level 1:colcon.colcon_core.environment:checking '/home/ml_nd/bumperbot_ws/install/bumperbot_description' for CMake module files
[2.382s] Level 1:colcon.colcon_core.environment:checking '/home/ml_nd/bumperbot_ws/install/bumperbot_description' for CMake config files
[2.382s] Level 1:colcon.colcon_core.shell:create_environment_hook('bumperbot_description', 'cmake_prefix_path')
[2.418s] INFO:colcon.colcon_core.shell:Creating environment hook '/home/ml_nd/bumperbot_ws/install/bumperbot_description/share/bumperbot_description/hook/cmake_prefix_path.ps1'
[2.419s] INFO:colcon.colcon_core.shell:Creating environment descriptor '/home/ml_nd/bumperbot_ws/install/bumperbot_description/share/bumperbot_description/hook/cmake_prefix_path.dsv'
[2.419s] INFO:colcon.colcon_core.shell:Creating environment hook '/home/ml_nd/bumperbot_ws/install/bumperbot_description/share/bumperbot_description/hook/cmake_prefix_path.sh'
[2.420s] Level 1:colcon.colcon_core.environment:checking '/home/ml_nd/bumperbot_ws/install/bumperbot_description/bin'
[2.420s] Level 1:colcon.colcon_core.environment:checking '/home/ml_nd/bumperbot_ws/install/bumperbot_description/lib/pkgconfig/bumperbot_description.pc'
[2.421s] Level 1:colcon.colcon_core.environment:checking '/home/ml_nd/bumperbot_ws/install/bumperbot_description/lib/python3.10/site-packages'
[2.421s] Level 1:colcon.colcon_core.environment:checking '/home/ml_nd/bumperbot_ws/install/bumperbot_description/bin'
[2.457s] INFO:colcon.colcon_core.shell:Creating package script '/home/ml_nd/bumperbot_ws/install/bumperbot_description/share/bumperbot_description/package.ps1'
[2.458s] INFO:colcon.colcon_core.shell:Creating package descriptor '/home/ml_nd/bumperbot_ws/install/bumperbot_description/share/bumperbot_description/package.dsv'
[2.459s] INFO:colcon.colcon_core.shell:Creating package script '/home/ml_nd/bumperbot_ws/install/bumperbot_description/share/bumperbot_description/package.sh'
[2.460s] INFO:colcon.colcon_core.shell:Creating package script '/home/ml_nd/bumperbot_ws/install/bumperbot_description/share/bumperbot_description/package.bash'
[2.460s] INFO:colcon.colcon_core.shell:Creating package script '/home/ml_nd/bumperbot_ws/install/bumperbot_description/share/bumperbot_description/package.zsh'
[2.461s] Level 1:colcon.colcon_core.environment:create_file_with_runtime_dependencies(/home/ml_nd/bumperbot_ws/install/bumperbot_description/share/colcon-core/packages/bumperbot_description)
[2.627s] DEBUG:colcon.colcon_core.event_handler.log_command:Invoked command in '/home/ml_nd/bumperbot_ws/build/bumperbot_msgs' returned '0': CMAKE_PREFIX_PATH=/opt/ros/humble /usr/bin/cmake --build /home/ml_nd/bumperbot_ws/build/bumperbot_msgs -- -j4 -l4
[2.647s] DEBUG:colcon.colcon_core.event_handler.log_command:Invoked command in '/home/ml_nd/bumperbot_ws/build/bumperbot_controller' returned '0': CMAKE_PREFIX_PATH=/opt/ros/humble /usr/bin/cmake --build /home/ml_nd/bumperbot_ws/build/bumperbot_controller -- -j4 -l4
[2.682s] DEBUG:colcon.colcon_core.event_handler.log_command:Invoking command in '/home/ml_nd/bumperbot_ws/build/bumperbot_controller': CMAKE_PREFIX_PATH=/opt/ros/humble /usr/bin/cmake --install /home/ml_nd/bumperbot_ws/build/bumperbot_controller
[2.727s] DEBUG:colcon.colcon_core.event_handler.log_command:Invoking command in '/home/ml_nd/bumperbot_ws/build/bumperbot_msgs': CMAKE_PREFIX_PATH=/opt/ros/humble /usr/bin/cmake --install /home/ml_nd/bumperbot_ws/build/bumperbot_msgs
[2.745s] Level 1:colcon.colcon_core.environment:create_environment_scripts_only(bumperbot_controller)
[2.770s] DEBUG:colcon.colcon_core.event_handler.log_command:Invoked command in '/home/ml_nd/bumperbot_ws/build/bumperbot_controller' returned '0': CMAKE_PREFIX_PATH=/opt/ros/humble /usr/bin/cmake --install /home/ml_nd/bumperbot_ws/build/bumperbot_controller
[2.792s] Level 1:colcon.colcon_core.environment:checking '/home/ml_nd/bumperbot_ws/install/bumperbot_controller' for CMake module files
[2.793s] Level 1:colcon.colcon_core.environment:checking '/home/ml_nd/bumperbot_ws/install/bumperbot_controller' for CMake config files
[2.794s] Level 1:colcon.colcon_core.shell:create_environment_hook('bumperbot_controller', 'cmake_prefix_path')
[2.830s] INFO:colcon.colcon_core.shell:Creating environment hook '/home/ml_nd/bumperbot_ws/install/bumperbot_controller/share/bumperbot_controller/hook/cmake_prefix_path.ps1'
[2.831s] INFO:colcon.colcon_core.shell:Creating environment descriptor '/home/ml_nd/bumperbot_ws/install/bumperbot_controller/share/bumperbot_controller/hook/cmake_prefix_path.dsv'
[2.831s] INFO:colcon.colcon_core.shell:Creating environment hook '/home/ml_nd/bumperbot_ws/install/bumperbot_controller/share/bumperbot_controller/hook/cmake_prefix_path.sh'
[2.832s] Level 1:colcon.colcon_core.environment:checking '/home/ml_nd/bumperbot_ws/install/bumperbot_controller/lib'
[2.832s] Level 1:colcon.colcon_core.environment:checking '/home/ml_nd/bumperbot_ws/install/bumperbot_controller/bin'
[2.832s] Level 1:colcon.colcon_core.environment:checking '/home/ml_nd/bumperbot_ws/install/bumperbot_controller/lib/pkgconfig/bumperbot_controller.pc'
[2.832s] Level 1:colcon.colcon_core.environment:checking '/home/ml_nd/bumperbot_ws/install/bumperbot_controller/lib/python3.10/site-packages'
[2.832s] Level 1:colcon.colcon_core.environment:checking '/home/ml_nd/bumperbot_ws/install/bumperbot_controller/bin'
[2.852s] INFO:colcon.colcon_core.shell:Creating package script '/home/ml_nd/bumperbot_ws/install/bumperbot_controller/share/bumperbot_controller/package.ps1'
[2.852s] INFO:colcon.colcon_core.shell:Creating package descriptor '/home/ml_nd/bumperbot_ws/install/bumperbot_controller/share/bumperbot_controller/package.dsv'
[2.853s] INFO:colcon.colcon_core.shell:Creating package script '/home/ml_nd/bumperbot_ws/install/bumperbot_controller/share/bumperbot_controller/package.sh'
[2.853s] INFO:colcon.colcon_core.shell:Creating package script '/home/ml_nd/bumperbot_ws/install/bumperbot_controller/share/bumperbot_controller/package.bash'
[2.854s] INFO:colcon.colcon_core.shell:Creating package script '/home/ml_nd/bumperbot_ws/install/bumperbot_controller/share/bumperbot_controller/package.zsh'
[2.854s] Level 1:colcon.colcon_core.environment:create_file_with_runtime_dependencies(/home/ml_nd/bumperbot_ws/install/bumperbot_controller/share/colcon-core/packages/bumperbot_controller)
[2.856s] Level 1:colcon.colcon_core.environment:create_environment_scripts_only(bumperbot_msgs)
[2.857s] DEBUG:colcon.colcon_core.event_handler.log_command:Invoked command in '/home/ml_nd/bumperbot_ws/build/bumperbot_msgs' returned '0': CMAKE_PREFIX_PATH=/opt/ros/humble /usr/bin/cmake --install /home/ml_nd/bumperbot_ws/build/bumperbot_msgs
[2.890s] Level 1:colcon.colcon_core.environment:checking '/home/ml_nd/bumperbot_ws/install/bumperbot_msgs' for CMake module files
[2.891s] Level 1:colcon.colcon_core.environment:checking '/home/ml_nd/bumperbot_ws/install/bumperbot_msgs' for CMake config files
[2.891s] Level 1:colcon.colcon_core.shell:create_environment_hook('bumperbot_msgs', 'cmake_prefix_path')
[2.922s] INFO:colcon.colcon_core.shell:Creating environment hook '/home/ml_nd/bumperbot_ws/install/bumperbot_msgs/share/bumperbot_msgs/hook/cmake_prefix_path.ps1'
[2.922s] INFO:colcon.colcon_core.shell:Creating environment descriptor '/home/ml_nd/bumperbot_ws/install/bumperbot_msgs/share/bumperbot_msgs/hook/cmake_prefix_path.dsv'
[2.923s] INFO:colcon.colcon_core.shell:Creating environment hook '/home/ml_nd/bumperbot_ws/install/bumperbot_msgs/share/bumperbot_msgs/hook/cmake_prefix_path.sh'
[2.924s] Level 1:colcon.colcon_core.environment:checking '/home/ml_nd/bumperbot_ws/install/bumperbot_msgs/lib'
[2.924s] Level 1:colcon.colcon_core.shell:create_environment_hook('bumperbot_msgs', 'ld_library_path_lib')
[2.956s] INFO:colcon.colcon_core.shell:Creating environment hook '/home/ml_nd/bumperbot_ws/install/bumperbot_msgs/share/bumperbot_msgs/hook/ld_library_path_lib.ps1'
[2.956s] INFO:colcon.colcon_core.shell:Creating environment descriptor '/home/ml_nd/bumperbot_ws/install/bumperbot_msgs/share/bumperbot_msgs/hook/ld_library_path_lib.dsv'
[2.957s] INFO:colcon.colcon_core.shell:Creating environment hook '/home/ml_nd/bumperbot_ws/install/bumperbot_msgs/share/bumperbot_msgs/hook/ld_library_path_lib.sh'
[2.957s] Level 1:colcon.colcon_core.environment:checking '/home/ml_nd/bumperbot_ws/install/bumperbot_msgs/bin'
[2.957s] Level 1:colcon.colcon_core.environment:checking '/home/ml_nd/bumperbot_ws/install/bumperbot_msgs/lib/pkgconfig/bumperbot_msgs.pc'
[2.958s] Level 1:colcon.colcon_core.environment:checking '/home/ml_nd/bumperbot_ws/install/bumperbot_msgs/lib/python3.10/site-packages'
[2.958s] Level 1:colcon.colcon_core.environment:checking '/home/ml_nd/bumperbot_ws/install/bumperbot_msgs/bin'
[2.991s] INFO:colcon.colcon_core.shell:Creating package script '/home/ml_nd/bumperbot_ws/install/bumperbot_msgs/share/bumperbot_msgs/package.ps1'
[2.992s] INFO:colcon.colcon_core.shell:Creating package descriptor '/home/ml_nd/bumperbot_ws/install/bumperbot_msgs/share/bumperbot_msgs/package.dsv'
[2.992s] INFO:colcon.colcon_core.shell:Creating package script '/home/ml_nd/bumperbot_ws/install/bumperbot_msgs/share/bumperbot_msgs/package.sh'
[2.993s] INFO:colcon.colcon_core.shell:Creating package script '/home/ml_nd/bumperbot_ws/install/bumperbot_msgs/share/bumperbot_msgs/package.bash'
[2.993s] INFO:colcon.colcon_core.shell:Creating package script '/home/ml_nd/bumperbot_ws/install/bumperbot_msgs/share/bumperbot_msgs/package.zsh'
[2.994s] Level 1:colcon.colcon_core.environment:create_file_with_runtime_dependencies(/home/ml_nd/bumperbot_ws/install/bumperbot_msgs/share/colcon-core/packages/bumperbot_msgs)
[3.029s] Level 1:colcon.colcon_core.environment:create_environment_scripts_only(bumperbot_controller)
[3.060s] Level 1:colcon.colcon_core.environment:checking '/home/ml_nd/bumperbot_ws/install/bumperbot_controller' for CMake module files
[3.060s] Level 1:colcon.colcon_core.environment:checking '/home/ml_nd/bumperbot_ws/install/bumperbot_controller' for CMake config files
[3.061s] Level 1:colcon.colcon_core.shell:create_environment_hook('bumperbot_controller', 'cmake_prefix_path')
[3.093s] INFO:colcon.colcon_core.shell:Creating environment hook '/home/ml_nd/bumperbot_ws/install/bumperbot_controller/share/bumperbot_controller/hook/cmake_prefix_path.ps1'
[3.093s] INFO:colcon.colcon_core.shell:Creating environment descriptor '/home/ml_nd/bumperbot_ws/install/bumperbot_controller/share/bumperbot_controller/hook/cmake_prefix_path.dsv'
[3.094s] INFO:colcon.colcon_core.shell:Creating environment hook '/home/ml_nd/bumperbot_ws/install/bumperbot_controller/share/bumperbot_controller/hook/cmake_prefix_path.sh'
[3.095s] Level 1:colcon.colcon_core.environment:checking '/home/ml_nd/bumperbot_ws/install/bumperbot_controller/lib'
[3.095s] Level 1:colcon.colcon_core.environment:checking '/home/ml_nd/bumperbot_ws/install/bumperbot_controller/bin'
[3.095s] Level 1:colcon.colcon_core.environment:checking '/home/ml_nd/bumperbot_ws/install/bumperbot_controller/lib/pkgconfig/bumperbot_controller.pc'
[3.095s] Level 1:colcon.colcon_core.environment:checking '/home/ml_nd/bumperbot_ws/install/bumperbot_controller/lib/python3.10/site-packages'
[3.096s] Level 1:colcon.colcon_core.environment:checking '/home/ml_nd/bumperbot_ws/install/bumperbot_controller/bin'
[3.127s] INFO:colcon.colcon_core.shell:Creating package script '/home/ml_nd/bumperbot_ws/install/bumperbot_controller/share/bumperbot_controller/package.ps1'
[3.128s] INFO:colcon.colcon_core.shell:Creating package descriptor '/home/ml_nd/bumperbot_ws/install/bumperbot_controller/share/bumperbot_controller/package.dsv'
[3.128s] INFO:colcon.colcon_core.shell:Creating package script '/home/ml_nd/bumperbot_ws/install/bumperbot_controller/share/bumperbot_controller/package.sh'
[3.129s] INFO:colcon.colcon_core.shell:Creating package script '/home/ml_nd/bumperbot_ws/install/bumperbot_controller/share/bumperbot_controller/package.bash'
[3.129s] INFO:colcon.colcon_core.shell:Creating package script '/home/ml_nd/bumperbot_ws/install/bumperbot_controller/share/bumperbot_controller/package.zsh'
[3.130s] Level 1:colcon.colcon_core.environment:create_file_with_runtime_dependencies(/home/ml_nd/bumperbot_ws/install/bumperbot_controller/share/colcon-core/packages/bumperbot_controller)
[3.160s] Level 1:colcon.colcon_core.environment:create_environment_scripts_only(bumperbot_msgs)
[3.195s] Level 1:colcon.colcon_core.environment:checking '/home/ml_nd/bumperbot_ws/install/bumperbot_msgs' for CMake module files
[3.197s] Level 1:colcon.colcon_core.environment:checking '/home/ml_nd/bumperbot_ws/install/bumperbot_msgs' for CMake config files
[3.198s] Level 1:colcon.colcon_core.shell:create_environment_hook('bumperbot_msgs', 'cmake_prefix_path')
[3.234s] INFO:colcon.colcon_core.shell:Creating environment hook '/home/ml_nd/bumperbot_ws/install/bumperbot_msgs/share/bumperbot_msgs/hook/cmake_prefix_path.ps1'
[3.235s] INFO:colcon.colcon_core.shell:Creating environment descriptor '/home/ml_nd/bumperbot_ws/install/bumperbot_msgs/share/bumperbot_msgs/hook/cmake_prefix_path.dsv'
[3.235s] INFO:colcon.colcon_core.shell:Creating environment hook '/home/ml_nd/bumperbot_ws/install/bumperbot_msgs/share/bumperbot_msgs/hook/cmake_prefix_path.sh'
[3.236s] Level 1:colcon.colcon_core.environment:checking '/home/ml_nd/bumperbot_ws/install/bumperbot_msgs/lib'
[3.236s] Level 1:colcon.colcon_core.shell:create_environment_hook('bumperbot_msgs', 'ld_library_path_lib')
[3.273s] INFO:colcon.colcon_core.shell:Creating environment hook '/home/ml_nd/bumperbot_ws/install/bumperbot_msgs/share/bumperbot_msgs/hook/ld_library_path_lib.ps1'
[3.275s] INFO:colcon.colcon_core.shell:Creating environment descriptor '/home/ml_nd/bumperbot_ws/install/bumperbot_msgs/share/bumperbot_msgs/hook/ld_library_path_lib.dsv'
[3.276s] INFO:colcon.colcon_core.shell:Creating environment hook '/home/ml_nd/bumperbot_ws/install/bumperbot_msgs/share/bumperbot_msgs/hook/ld_library_path_lib.sh'
[3.277s] Level 1:colcon.colcon_core.environment:checking '/home/ml_nd/bumperbot_ws/install/bumperbot_msgs/bin'
[3.277s] Level 1:colcon.colcon_core.environment:checking '/home/ml_nd/bumperbot_ws/install/bumperbot_msgs/lib/pkgconfig/bumperbot_msgs.pc'
[3.277s] Level 1:colcon.colcon_core.environment:checking '/home/ml_nd/bumperbot_ws/install/bumperbot_msgs/lib/python3.10/site-packages'
[3.278s] Level 1:colcon.colcon_core.environment:checking '/home/ml_nd/bumperbot_ws/install/bumperbot_msgs/bin'
[3.308s] INFO:colcon.colcon_core.shell:Creating package script '/home/ml_nd/bumperbot_ws/install/bumperbot_msgs/share/bumperbot_msgs/package.ps1'
[3.309s] INFO:colcon.colcon_core.shell:Creating package descriptor '/home/ml_nd/bumperbot_ws/install/bumperbot_msgs/share/bumperbot_msgs/package.dsv'
[3.310s] INFO:colcon.colcon_core.shell:Creating package script '/home/ml_nd/bumperbot_ws/install/bumperbot_msgs/share/bumperbot_msgs/package.sh'
[3.311s] INFO:colcon.colcon_core.shell:Creating package script '/home/ml_nd/bumperbot_ws/install/bumperbot_msgs/share/bumperbot_msgs/package.bash'
[3.312s] INFO:colcon.colcon_core.shell:Creating package script '/home/ml_nd/bumperbot_ws/install/bumperbot_msgs/share/bumperbot_msgs/package.zsh'
[3.312s] Level 1:colcon.colcon_core.environment:create_file_with_runtime_dependencies(/home/ml_nd/bumperbot_ws/install/bumperbot_msgs/share/colcon-core/packages/bumperbot_msgs)
[3.314s] INFO:colcon.colcon_ros.task.ament_cmake.build:Building ROS package in '/home/ml_nd/bumperbot_ws/src/bumperbot_cpp_examples' with build type 'ament_cmake'
[3.314s] INFO:colcon.colcon_cmake.task.cmake.build:Building CMake package in '/home/ml_nd/bumperbot_ws/src/bumperbot_cpp_examples'
[3.347s] INFO:colcon.colcon_core.shell:Skip shell extension 'powershell' for command environment: Not usable outside of PowerShell
[3.347s] DEBUG:colcon.colcon_core.shell:Skip shell extension 'dsv' for command environment
[3.396s] INFO:colcon.colcon_ros.task.ament_python.build:Building ROS package in '/home/ml_nd/bumperbot_ws/src/bumperbot_py_examples' with build type 'ament_python'
[3.396s] Level 1:colcon.colcon_core.shell:create_environment_hook('bumperbot_py_examples', 'ament_prefix_path')
[3.422s] INFO:colcon.colcon_core.shell:Creating environment hook '/home/ml_nd/bumperbot_ws/install/bumperbot_py_examples/share/bumperbot_py_examples/hook/ament_prefix_path.ps1'
[3.423s] INFO:colcon.colcon_core.shell:Creating environment descriptor '/home/ml_nd/bumperbot_ws/install/bumperbot_py_examples/share/bumperbot_py_examples/hook/ament_prefix_path.dsv'
[3.423s] INFO:colcon.colcon_core.shell:Creating environment hook '/home/ml_nd/bumperbot_ws/install/bumperbot_py_examples/share/bumperbot_py_examples/hook/ament_prefix_path.sh'
[3.443s] INFO:colcon.colcon_core.shell:Skip shell extension 'powershell' for command environment: Not usable outside of PowerShell
[3.443s] DEBUG:colcon.colcon_core.shell:Skip shell extension 'dsv' for command environment
[3.498s] DEBUG:colcon.colcon_core.event_handler.log_command:Invoking command in '/home/ml_nd/bumperbot_ws/build/bumperbot_cpp_examples': AMENT_PREFIX_PATH=/home/ml_nd/bumperbot_ws/install/bumperbot_msgs:${AMENT_PREFIX_PATH} CMAKE_PREFIX_PATH=/home/ml_nd/bumperbot_ws/install/bumperbot_msgs:/opt/ros/humble LD_LIBRARY_PATH=/home/ml_nd/bumperbot_ws/install/bumperbot_msgs/lib:${LD_LIBRARY_PATH} PYTHONPATH=/home/ml_nd/bumperbot_ws/install/bumperbot_msgs/local/lib/python3.10/dist-packages:${PYTHONPATH} /usr/bin/cmake --build /home/ml_nd/bumperbot_ws/build/bumperbot_cpp_examples -- -j4 -l4
[4.049s] INFO:colcon.colcon_core.task.python.build:Building Python package in '/home/ml_nd/bumperbot_ws/src/bumperbot_py_examples'
[4.069s] INFO:colcon.colcon_core.shell:Skip shell extension 'powershell' for command environment: Not usable outside of PowerShell
[4.069s] DEBUG:colcon.colcon_core.shell:Skip shell extension 'dsv' for command environment
[4.140s] DEBUG:colcon.colcon_core.event_handler.log_command:Invoked command in '/home/ml_nd/bumperbot_ws/build/bumperbot_cpp_examples' returned '0': AMENT_PREFIX_PATH=/home/ml_nd/bumperbot_ws/install/bumperbot_msgs:${AMENT_PREFIX_PATH} CMAKE_PREFIX_PATH=/home/ml_nd/bumperbot_ws/install/bumperbot_msgs:/opt/ros/humble LD_LIBRARY_PATH=/home/ml_nd/bumperbot_ws/install/bumperbot_msgs/lib:${LD_LIBRARY_PATH} PYTHONPATH=/home/ml_nd/bumperbot_ws/install/bumperbot_msgs/local/lib/python3.10/dist-packages:${PYTHONPATH} /usr/bin/cmake --build /home/ml_nd/bumperbot_ws/build/bumperbot_cpp_examples -- -j4 -l4
[4.253s] DEBUG:colcon.colcon_core.event_handler.log_command:Invoking command in '/home/ml_nd/bumperbot_ws/build/bumperbot_cpp_examples': AMENT_PREFIX_PATH=/home/ml_nd/bumperbot_ws/install/bumperbot_msgs:${AMENT_PREFIX_PATH} CMAKE_PREFIX_PATH=/home/ml_nd/bumperbot_ws/install/bumperbot_msgs:/opt/ros/humble LD_LIBRARY_PATH=/home/ml_nd/bumperbot_ws/install/bumperbot_msgs/lib:${LD_LIBRARY_PATH} PYTHONPATH=/home/ml_nd/bumperbot_ws/install/bumperbot_msgs/local/lib/python3.10/dist-packages:${PYTHONPATH} /usr/bin/cmake --install /home/ml_nd/bumperbot_ws/build/bumperbot_cpp_examples
[4.277s] Level 1:colcon.colcon_core.environment:create_environment_scripts_only(bumperbot_cpp_examples)
[4.287s] DEBUG:colcon.colcon_core.event_handler.log_command:Invoked command in '/home/ml_nd/bumperbot_ws/build/bumperbot_cpp_examples' returned '0': AMENT_PREFIX_PATH=/home/ml_nd/bumperbot_ws/install/bumperbot_msgs:${AMENT_PREFIX_PATH} CMAKE_PREFIX_PATH=/home/ml_nd/bumperbot_ws/install/bumperbot_msgs:/opt/ros/humble LD_LIBRARY_PATH=/home/ml_nd/bumperbot_ws/install/bumperbot_msgs/lib:${LD_LIBRARY_PATH} PYTHONPATH=/home/ml_nd/bumperbot_ws/install/bumperbot_msgs/local/lib/python3.10/dist-packages:${PYTHONPATH} /usr/bin/cmake --install /home/ml_nd/bumperbot_ws/build/bumperbot_cpp_examples
[4.313s] Level 1:colcon.colcon_core.environment:checking '/home/ml_nd/bumperbot_ws/install/bumperbot_cpp_examples' for CMake module files
[4.314s] Level 1:colcon.colcon_core.environment:checking '/home/ml_nd/bumperbot_ws/install/bumperbot_cpp_examples' for CMake config files
[4.315s] Level 1:colcon.colcon_core.shell:create_environment_hook('bumperbot_cpp_examples', 'cmake_prefix_path')
[4.339s] INFO:colcon.colcon_core.shell:Creating environment hook '/home/ml_nd/bumperbot_ws/install/bumperbot_cpp_examples/share/bumperbot_cpp_examples/hook/cmake_prefix_path.ps1'
[4.340s] INFO:colcon.colcon_core.shell:Creating environment descriptor '/home/ml_nd/bumperbot_ws/install/bumperbot_cpp_examples/share/bumperbot_cpp_examples/hook/cmake_prefix_path.dsv'
[4.340s] INFO:colcon.colcon_core.shell:Creating environment hook '/home/ml_nd/bumperbot_ws/install/bumperbot_cpp_examples/share/bumperbot_cpp_examples/hook/cmake_prefix_path.sh'
[4.341s] Level 1:colcon.colcon_core.environment:checking '/home/ml_nd/bumperbot_ws/install/bumperbot_cpp_examples/lib'
[4.341s] Level 1:colcon.colcon_core.environment:checking '/home/ml_nd/bumperbot_ws/install/bumperbot_cpp_examples/bin'
[4.341s] Level 1:colcon.colcon_core.environment:checking '/home/ml_nd/bumperbot_ws/install/bumperbot_cpp_examples/lib/pkgconfig/bumperbot_cpp_examples.pc'
[4.342s] Level 1:colcon.colcon_core.environment:checking '/home/ml_nd/bumperbot_ws/install/bumperbot_cpp_examples/lib/python3.10/site-packages'
[4.342s] Level 1:colcon.colcon_core.environment:checking '/home/ml_nd/bumperbot_ws/install/bumperbot_cpp_examples/bin'
[4.372s] INFO:colcon.colcon_core.shell:Creating package script '/home/ml_nd/bumperbot_ws/install/bumperbot_cpp_examples/share/bumperbot_cpp_examples/package.ps1'
[4.373s] INFO:colcon.colcon_core.shell:Creating package descriptor '/home/ml_nd/bumperbot_ws/install/bumperbot_cpp_examples/share/bumperbot_cpp_examples/package.dsv'
[4.374s] INFO:colcon.colcon_core.shell:Creating package script '/home/ml_nd/bumperbot_ws/install/bumperbot_cpp_examples/share/bumperbot_cpp_examples/package.sh'
[4.374s] INFO:colcon.colcon_core.shell:Creating package script '/home/ml_nd/bumperbot_ws/install/bumperbot_cpp_examples/share/bumperbot_cpp_examples/package.bash'
[4.375s] INFO:colcon.colcon_core.shell:Creating package script '/home/ml_nd/bumperbot_ws/install/bumperbot_cpp_examples/share/bumperbot_cpp_examples/package.zsh'
[4.375s] Level 1:colcon.colcon_core.environment:create_file_with_runtime_dependencies(/home/ml_nd/bumperbot_ws/install/bumperbot_cpp_examples/share/colcon-core/packages/bumperbot_cpp_examples)
[4.481s] Level 1:colcon.colcon_core.environment:create_environment_scripts_only(bumperbot_cpp_examples)
[4.517s] Level 1:colcon.colcon_core.environment:checking '/home/ml_nd/bumperbot_ws/install/bumperbot_cpp_examples' for CMake module files
[4.518s] Level 1:colcon.colcon_core.environment:checking '/home/ml_nd/bumperbot_ws/install/bumperbot_cpp_examples' for CMake config files
[4.518s] Level 1:colcon.colcon_core.shell:create_environment_hook('bumperbot_cpp_examples', 'cmake_prefix_path')
[4.547s] INFO:colcon.colcon_core.shell:Creating environment hook '/home/ml_nd/bumperbot_ws/install/bumperbot_cpp_examples/share/bumperbot_cpp_examples/hook/cmake_prefix_path.ps1'
[4.548s] INFO:colcon.colcon_core.shell:Creating environment descriptor '/home/ml_nd/bumperbot_ws/install/bumperbot_cpp_examples/share/bumperbot_cpp_examples/hook/cmake_prefix_path.dsv'
[4.548s] INFO:colcon.colcon_core.shell:Creating environment hook '/home/ml_nd/bumperbot_ws/install/bumperbot_cpp_examples/share/bumperbot_cpp_examples/hook/cmake_prefix_path.sh'
[4.549s] Level 1:colcon.colcon_core.environment:checking '/home/ml_nd/bumperbot_ws/install/bumperbot_cpp_examples/lib'
[4.549s] Level 1:colcon.colcon_core.environment:checking '/home/ml_nd/bumperbot_ws/install/bumperbot_cpp_examples/bin'
[4.550s] Level 1:colcon.colcon_core.environment:checking '/home/ml_nd/bumperbot_ws/install/bumperbot_cpp_examples/lib/pkgconfig/bumperbot_cpp_examples.pc'
[4.550s] Level 1:colcon.colcon_core.environment:checking '/home/ml_nd/bumperbot_ws/install/bumperbot_cpp_examples/lib/python3.10/site-packages'
[4.550s] Level 1:colcon.colcon_core.environment:checking '/home/ml_nd/bumperbot_ws/install/bumperbot_cpp_examples/bin'
[4.600s] INFO:colcon.colcon_core.shell:Creating package script '/home/ml_nd/bumperbot_ws/install/bumperbot_cpp_examples/share/bumperbot_cpp_examples/package.ps1'
[4.601s] INFO:colcon.colcon_core.shell:Creating package descriptor '/home/ml_nd/bumperbot_ws/install/bumperbot_cpp_examples/share/bumperbot_cpp_examples/package.dsv'
[4.603s] INFO:colcon.colcon_core.shell:Creating package script '/home/ml_nd/bumperbot_ws/install/bumperbot_cpp_examples/share/bumperbot_cpp_examples/package.sh'
[4.604s] INFO:colcon.colcon_core.shell:Creating package script '/home/ml_nd/bumperbot_ws/install/bumperbot_cpp_examples/share/bumperbot_cpp_examples/package.bash'
[4.604s] INFO:colcon.colcon_core.shell:Creating package script '/home/ml_nd/bumperbot_ws/install/bumperbot_cpp_examples/share/bumperbot_cpp_examples/package.zsh'
[4.605s] Level 1:colcon.colcon_core.environment:create_file_with_runtime_dependencies(/home/ml_nd/bumperbot_ws/install/bumperbot_cpp_examples/share/colcon-core/packages/bumperbot_cpp_examples)
[4.974s] DEBUG:colcon.colcon_core.event_handler.log_command:Invoking command in '/home/ml_nd/bumperbot_ws/src/bumperbot_py_examples': AMENT_PREFIX_PATH=/home/ml_nd/bumperbot_ws/install/bumperbot_msgs:${AMENT_PREFIX_PATH} CMAKE_PREFIX_PATH=/home/ml_nd/bumperbot_ws/install/bumperbot_msgs LD_LIBRARY_PATH=/home/ml_nd/bumperbot_ws/install/bumperbot_msgs/lib:${LD_LIBRARY_PATH} PYTHONPATH=/home/ml_nd/bumperbot_ws/build/bumperbot_py_examples/prefix_override:/home/ml_nd/bumperbot_ws/install/bumperbot_py_examples/lib/python3.10/site-packages:/home/ml_nd/bumperbot_ws/install/bumperbot_msgs/local/lib/python3.10/dist-packages:${PYTHONPATH} /usr/bin/python3 setup.py egg_info --egg-base ../../build/bumperbot_py_examples build --build-base /home/ml_nd/bumperbot_ws/build/bumperbot_py_examples/build install --record /home/ml_nd/bumperbot_ws/build/bumperbot_py_examples/install.log --single-version-externally-managed
[5.466s] DEBUG:colcon.colcon_core.event_handler.log_command:Invoked command in '/home/ml_nd/bumperbot_ws/src/bumperbot_py_examples' returned '0': AMENT_PREFIX_PATH=/home/ml_nd/bumperbot_ws/install/bumperbot_msgs:${AMENT_PREFIX_PATH} CMAKE_PREFIX_PATH=/home/ml_nd/bumperbot_ws/install/bumperbot_msgs LD_LIBRARY_PATH=/home/ml_nd/bumperbot_ws/install/bumperbot_msgs/lib:${LD_LIBRARY_PATH} PYTHONPATH=/home/ml_nd/bumperbot_ws/build/bumperbot_py_examples/prefix_override:/home/ml_nd/bumperbot_ws/install/bumperbot_py_examples/lib/python3.10/site-packages:/home/ml_nd/bumperbot_ws/install/bumperbot_msgs/local/lib/python3.10/dist-packages:${PYTHONPATH} /usr/bin/python3 setup.py egg_info --egg-base ../../build/bumperbot_py_examples build --build-base /home/ml_nd/bumperbot_ws/build/bumperbot_py_examples/build install --record /home/ml_nd/bumperbot_ws/build/bumperbot_py_examples/install.log --single-version-externally-managed
[5.493s] Level 1:colcon.colcon_core.environment:checking '/home/ml_nd/bumperbot_ws/install/bumperbot_py_examples' for CMake module files
[5.494s] Level 1:colcon.colcon_core.environment:checking '/home/ml_nd/bumperbot_ws/install/bumperbot_py_examples' for CMake config files
[5.495s] Level 1:colcon.colcon_core.environment:checking '/home/ml_nd/bumperbot_ws/install/bumperbot_py_examples/lib'
[5.495s] Level 1:colcon.colcon_core.environment:checking '/home/ml_nd/bumperbot_ws/install/bumperbot_py_examples/bin'
[5.495s] Level 1:colcon.colcon_core.environment:checking '/home/ml_nd/bumperbot_ws/install/bumperbot_py_examples/lib/pkgconfig/bumperbot_py_examples.pc'
[5.495s] Level 1:colcon.colcon_core.environment:checking '/home/ml_nd/bumperbot_ws/install/bumperbot_py_examples/lib/python3.10/site-packages'
[5.495s] Level 1:colcon.colcon_core.shell:create_environment_hook('bumperbot_py_examples', 'pythonpath')
[5.524s] INFO:colcon.colcon_core.shell:Creating environment hook '/home/ml_nd/bumperbot_ws/install/bumperbot_py_examples/share/bumperbot_py_examples/hook/pythonpath.ps1'
[5.524s] INFO:colcon.colcon_core.shell:Creating environment descriptor '/home/ml_nd/bumperbot_ws/install/bumperbot_py_examples/share/bumperbot_py_examples/hook/pythonpath.dsv'
[5.525s] INFO:colcon.colcon_core.shell:Creating environment hook '/home/ml_nd/bumperbot_ws/install/bumperbot_py_examples/share/bumperbot_py_examples/hook/pythonpath.sh'
[5.526s] Level 1:colcon.colcon_core.environment:checking '/home/ml_nd/bumperbot_ws/install/bumperbot_py_examples/bin'
[5.526s] Level 1:colcon.colcon_core.environment:create_environment_scripts_only(bumperbot_py_examples)
[5.557s] INFO:colcon.colcon_core.shell:Creating package script '/home/ml_nd/bumperbot_ws/install/bumperbot_py_examples/share/bumperbot_py_examples/package.ps1'
[5.558s] INFO:colcon.colcon_core.shell:Creating package descriptor '/home/ml_nd/bumperbot_ws/install/bumperbot_py_examples/share/bumperbot_py_examples/package.dsv'
[5.558s] INFO:colcon.colcon_core.shell:Creating package script '/home/ml_nd/bumperbot_ws/install/bumperbot_py_examples/share/bumperbot_py_examples/package.sh'
[5.559s] INFO:colcon.colcon_core.shell:Creating package script '/home/ml_nd/bumperbot_ws/install/bumperbot_py_examples/share/bumperbot_py_examples/package.bash'
[5.559s] INFO:colcon.colcon_core.shell:Creating package script '/home/ml_nd/bumperbot_ws/install/bumperbot_py_examples/share/bumperbot_py_examples/package.zsh'
[5.560s] Level 1:colcon.colcon_core.environment:create_file_with_runtime_dependencies(/home/ml_nd/bumperbot_ws/install/bumperbot_py_examples/share/colcon-core/packages/bumperbot_py_examples)
[5.560s] DEBUG:colcon.colcon_parallel_executor.executor.parallel:closing loop
[5.562s] DEBUG:colcon.colcon_parallel_executor.executor.parallel:loop closed
[5.562s] DEBUG:colcon.colcon_parallel_executor.executor.parallel:run_until_complete finished with '0'
[5.562s] DEBUG:colcon.colcon_core.event_reactor:joining thread
[5.598s] INFO:colcon.colcon_core.plugin_system:Skipping extension 'colcon_notification.desktop_notification.terminal_notifier': Not used on non-Darwin systems
[5.599s] INFO:colcon.colcon_core.plugin_system:Skipping extension 'colcon_notification.desktop_notification.win32': Not used on non-Windows systems
[5.599s] INFO:colcon.colcon_notification.desktop_notification:Sending desktop notification using 'notify2'
[5.617s] DEBUG:colcon.colcon_core.event_reactor:joined thread
[5.637s] INFO:colcon.colcon_core.shell:Creating prefix script '/home/ml_nd/bumperbot_ws/install/local_setup.ps1'
[5.638s] INFO:colcon.colcon_core.shell:Creating prefix util module '/home/ml_nd/bumperbot_ws/install/_local_setup_util_ps1.py'
[5.640s] INFO:colcon.colcon_core.shell:Creating prefix chain script '/home/ml_nd/bumperbot_ws/install/setup.ps1'
[5.672s] INFO:colcon.colcon_core.shell:Creating prefix script '/home/ml_nd/bumperbot_ws/install/local_setup.sh'
[5.673s] INFO:colcon.colcon_core.shell:Creating prefix util module '/home/ml_nd/bumperbot_ws/install/_local_setup_util_sh.py'
[5.674s] INFO:colcon.colcon_core.shell:Creating prefix chain script '/home/ml_nd/bumperbot_ws/install/setup.sh'
[5.699s] INFO:colcon.colcon_core.shell:Creating prefix script '/home/ml_nd/bumperbot_ws/install/local_setup.bash'
[5.700s] INFO:colcon.colcon_core.shell:Creating prefix chain script '/home/ml_nd/bumperbot_ws/install/setup.bash'
[5.733s] INFO:colcon.colcon_core.shell:Creating prefix script '/home/ml_nd/bumperbot_ws/install/local_setup.zsh'
[5.734s] INFO:colcon.colcon_core.shell:Creating prefix chain script '/home/ml_nd/bumperbot_ws/install/setup.zsh'
