[0.112s] Invoking command in '/home/ml_nd/bumperbot_ws/build/bumperbot_controller': CMAKE_PREFIX_PATH=/opt/ros/humble /usr/bin/cmake --build /home/ml_nd/bumperbot_ws/build/bumperbot_controller -- -j4 -l4
[0.246s] [100%] Built target simple_controller
[0.249s] [100%] Built target ament_cmake_python_copy_bumperbot_controller
[0.771s] running egg_info
[0.773s] writing bumperbot_controller.egg-info/PKG-INFO
[0.773s] writing dependency_links to bumperbot_controller.egg-info/dependency_links.txt
[0.773s] writing top-level names to bumperbot_controller.egg-info/top_level.txt
[0.778s] reading manifest file 'bumperbot_controller.egg-info/SOURCES.txt'
[0.779s] writing manifest file 'bumperbot_controller.egg-info/SOURCES.txt'
[0.824s] [100%] Built target ament_cmake_python_build_bumperbot_controller_egg
[0.839s] Invoked command in '/home/ml_nd/bumperbot_ws/build/bumperbot_controller' returned '0': CMAKE_PREFIX_PATH=/opt/ros/humble /usr/bin/cmake --build /home/ml_nd/bumperbot_ws/build/bumperbot_controller -- -j4 -l4
[0.880s] Invoking command in '/home/ml_nd/bumperbot_ws/build/bumperbot_controller': CMAKE_PREFIX_PATH=/opt/ros/humble /usr/bin/cmake --install /home/ml_nd/bumperbot_ws/build/bumperbot_controller
[0.890s] -- Install configuration: ""
[0.890s] -- Up-to-date: /home/ml_nd/bumperbot_ws/install/bumperbot_controller/share/bumperbot_controller/environment/pythonpath.sh
[0.890s] -- Up-to-date: /home/ml_nd/bumperbot_ws/install/bumperbot_controller/share/bumperbot_controller/environment/pythonpath.dsv
[0.890s] -- Up-to-date: /home/ml_nd/bumperbot_ws/install/bumperbot_controller/local/lib/python3.10/dist-packages/bumperbot_controller-0.0.0-py3.10.egg-info
[0.890s] -- Installing: /home/ml_nd/bumperbot_ws/install/bumperbot_controller/local/lib/python3.10/dist-packages/bumperbot_controller-0.0.0-py3.10.egg-info/SOURCES.txt
[0.891s] -- Installing: /home/ml_nd/bumperbot_ws/install/bumperbot_controller/local/lib/python3.10/dist-packages/bumperbot_controller-0.0.0-py3.10.egg-info/dependency_links.txt
[0.891s] -- Installing: /home/ml_nd/bumperbot_ws/install/bumperbot_controller/local/lib/python3.10/dist-packages/bumperbot_controller-0.0.0-py3.10.egg-info/top_level.txt
[0.891s] -- Installing: /home/ml_nd/bumperbot_ws/install/bumperbot_controller/local/lib/python3.10/dist-packages/bumperbot_controller-0.0.0-py3.10.egg-info/PKG-INFO
[0.891s] -- Up-to-date: /home/ml_nd/bumperbot_ws/install/bumperbot_controller/local/lib/python3.10/dist-packages/bumperbot_controller
[0.891s] -- Up-to-date: /home/ml_nd/bumperbot_ws/install/bumperbot_controller/local/lib/python3.10/dist-packages/bumperbot_controller/simple_controller.py
[0.891s] -- Up-to-date: /home/ml_nd/bumperbot_ws/install/bumperbot_controller/local/lib/python3.10/dist-packages/bumperbot_controller/__init__.py
[0.935s] Listing '/home/ml_nd/bumperbot_ws/install/bumperbot_controller/local/lib/python3.10/dist-packages/bumperbot_controller'...
[0.955s] -- Up-to-date: /home/ml_nd/bumperbot_ws/install/bumperbot_controller/include/include
[0.955s] -- Up-to-date: /home/ml_nd/bumperbot_ws/install/bumperbot_controller/include/include/bumperbot_controller
[0.955s] -- Up-to-date: /home/ml_nd/bumperbot_ws/install/bumperbot_controller/include/include/bumperbot_controller/simple_controller.hpp
[0.956s] -- Up-to-date: /home/ml_nd/bumperbot_ws/install/bumperbot_controller/lib/bumperbot_controller/simple_controller
[0.956s] -- Up-to-date: /home/ml_nd/bumperbot_ws/install/bumperbot_controller/share/bumperbot_controller/launch
[0.956s] -- Up-to-date: /home/ml_nd/bumperbot_ws/install/bumperbot_controller/share/bumperbot_controller/launch/controller.launch.py
[0.956s] -- Up-to-date: /home/ml_nd/bumperbot_ws/install/bumperbot_controller/share/bumperbot_controller/launch/joystick_teleop.launch.py
[0.956s] -- Up-to-date: /home/ml_nd/bumperbot_ws/install/bumperbot_controller/share/bumperbot_controller/config
[0.956s] -- Up-to-date: /home/ml_nd/bumperbot_ws/install/bumperbot_controller/share/bumperbot_controller/config/joy_teleop.yaml
[0.956s] -- Up-to-date: /home/ml_nd/bumperbot_ws/install/bumperbot_controller/share/bumperbot_controller/config/joy_config.yaml
[0.956s] -- Up-to-date: /home/ml_nd/bumperbot_ws/install/bumperbot_controller/share/bumperbot_controller/config/bumperbot_controllers.yaml
[0.956s] -- Up-to-date: /home/ml_nd/bumperbot_ws/install/bumperbot_controller/lib/bumperbot_controller/simple_controller.py
[0.957s] -- Up-to-date: /home/ml_nd/bumperbot_ws/install/bumperbot_controller/share/ament_index/resource_index/package_run_dependencies/bumperbot_controller
[0.957s] -- Up-to-date: /home/ml_nd/bumperbot_ws/install/bumperbot_controller/share/ament_index/resource_index/parent_prefix_path/bumperbot_controller
[0.957s] -- Up-to-date: /home/ml_nd/bumperbot_ws/install/bumperbot_controller/share/bumperbot_controller/environment/ament_prefix_path.sh
[0.957s] -- Up-to-date: /home/ml_nd/bumperbot_ws/install/bumperbot_controller/share/bumperbot_controller/environment/ament_prefix_path.dsv
[0.957s] -- Up-to-date: /home/ml_nd/bumperbot_ws/install/bumperbot_controller/share/bumperbot_controller/environment/path.sh
[0.957s] -- Up-to-date: /home/ml_nd/bumperbot_ws/install/bumperbot_controller/share/bumperbot_controller/environment/path.dsv
[0.957s] -- Up-to-date: /home/ml_nd/bumperbot_ws/install/bumperbot_controller/share/bumperbot_controller/local_setup.bash
[0.957s] -- Up-to-date: /home/ml_nd/bumperbot_ws/install/bumperbot_controller/share/bumperbot_controller/local_setup.sh
[0.958s] -- Up-to-date: /home/ml_nd/bumperbot_ws/install/bumperbot_controller/share/bumperbot_controller/local_setup.zsh
[0.958s] -- Up-to-date: /home/ml_nd/bumperbot_ws/install/bumperbot_controller/share/bumperbot_controller/local_setup.dsv
[0.958s] -- Installing: /home/ml_nd/bumperbot_ws/install/bumperbot_controller/share/bumperbot_controller/package.dsv
[0.958s] -- Up-to-date: /home/ml_nd/bumperbot_ws/install/bumperbot_controller/share/ament_index/resource_index/packages/bumperbot_controller
[0.958s] -- Up-to-date: /home/ml_nd/bumperbot_ws/install/bumperbot_controller/share/bumperbot_controller/cmake/bumperbot_controllerConfig.cmake
[0.958s] -- Up-to-date: /home/ml_nd/bumperbot_ws/install/bumperbot_controller/share/bumperbot_controller/cmake/bumperbot_controllerConfig-version.cmake
[0.958s] -- Up-to-date: /home/ml_nd/bumperbot_ws/install/bumperbot_controller/share/bumperbot_controller/package.xml
[1.000s] Invoked command in '/home/ml_nd/bumperbot_ws/build/bumperbot_controller' returned '0': CMAKE_PREFIX_PATH=/opt/ros/humble /usr/bin/cmake --install /home/ml_nd/bumperbot_ws/build/bumperbot_controller
