[0.127s] Invoking command in '/home/ml_nd/bumperbot_ws/build/bumperbot_description': CMAKE_PREFIX_PATH=/opt/ros/humble /usr/bin/cmake --build /home/ml_nd/bumperbot_ws/build/bumperbot_description -- -j4 -l4
[0.150s] -- Found ament_cmake: 1.3.7 (/opt/ros/humble/share/ament_cmake/cmake)
[0.322s] -- Found ament_lint_auto: 0.12.10 (/opt/ros/humble/share/ament_lint_auto/cmake)
[0.406s] -- Added test 'lint_cmake' to check CMake code style
[0.408s] -- Added test 'xmllint' to check XML markup files
[0.409s] -- Configuring done
[0.412s] -- Generating done
[0.413s] -- Build files have been written to: /home/ml_nd/bumperbot_ws/build/bumperbot_description
[0.499s] Invoked command in '/home/ml_nd/bumperbot_ws/build/bumperbot_description' returned '0': CMAKE_PREFIX_PATH=/opt/ros/humble /usr/bin/cmake --build /home/ml_nd/bumperbot_ws/build/bumperbot_description -- -j4 -l4
[0.542s] Invoking command in '/home/ml_nd/bumperbot_ws/build/bumperbot_description': CMAKE_PREFIX_PATH=/opt/ros/humble /usr/bin/cmake --install /home/ml_nd/bumperbot_ws/build/bumperbot_description
[0.550s] -- Install configuration: ""
[0.551s] -- Up-to-date: /home/ml_nd/bumperbot_ws/install/bumperbot_description/share/bumperbot_description/meshes
[0.552s] -- Up-to-date: /home/ml_nd/bumperbot_ws/install/bumperbot_description/share/bumperbot_description/meshes/wheel_left_link.STL
[0.553s] -- Up-to-date: /home/ml_nd/bumperbot_ws/install/bumperbot_description/share/bumperbot_description/meshes/wheel_right_link.STL
[0.554s] -- Up-to-date: /home/ml_nd/bumperbot_ws/install/bumperbot_description/share/bumperbot_description/meshes/imu_link.STL
[0.556s] -- Up-to-date: /home/ml_nd/bumperbot_ws/install/bumperbot_description/share/bumperbot_description/meshes/caster_front_link.STL
[0.558s] -- Up-to-date: /home/ml_nd/bumperbot_ws/install/bumperbot_description/share/bumperbot_description/meshes/caster_rear_link.STL
[0.558s] -- Up-to-date: /home/ml_nd/bumperbot_ws/install/bumperbot_description/share/bumperbot_description/meshes/base_link.STL
[0.558s] -- Up-to-date: /home/ml_nd/bumperbot_ws/install/bumperbot_description/share/bumperbot_description/urdf
[0.558s] -- Installing: /home/ml_nd/bumperbot_ws/install/bumperbot_description/share/bumperbot_description/urdf/bumperbot.urdf.xacro
[0.559s] -- Up-to-date: /home/ml_nd/bumperbot_ws/install/bumperbot_description/share/ament_index/resource_index/package_run_dependencies/bumperbot_description
[0.559s] -- Up-to-date: /home/ml_nd/bumperbot_ws/install/bumperbot_description/share/ament_index/resource_index/parent_prefix_path/bumperbot_description
[0.559s] -- Up-to-date: /home/ml_nd/bumperbot_ws/install/bumperbot_description/share/bumperbot_description/environment/ament_prefix_path.sh
[0.559s] -- Installing: /home/ml_nd/bumperbot_ws/install/bumperbot_description/share/bumperbot_description/environment/ament_prefix_path.dsv
[0.559s] -- Up-to-date: /home/ml_nd/bumperbot_ws/install/bumperbot_description/share/bumperbot_description/environment/path.sh
[0.559s] -- Installing: /home/ml_nd/bumperbot_ws/install/bumperbot_description/share/bumperbot_description/environment/path.dsv
[0.559s] -- Up-to-date: /home/ml_nd/bumperbot_ws/install/bumperbot_description/share/bumperbot_description/local_setup.bash
[0.561s] -- Up-to-date: /home/ml_nd/bumperbot_ws/install/bumperbot_description/share/bumperbot_description/local_setup.sh
[0.561s] -- Up-to-date: /home/ml_nd/bumperbot_ws/install/bumperbot_description/share/bumperbot_description/local_setup.zsh
[0.561s] -- Installing: /home/ml_nd/bumperbot_ws/install/bumperbot_description/share/bumperbot_description/local_setup.dsv
[0.562s] -- Installing: /home/ml_nd/bumperbot_ws/install/bumperbot_description/share/bumperbot_description/package.dsv
[0.562s] -- Up-to-date: /home/ml_nd/bumperbot_ws/install/bumperbot_description/share/ament_index/resource_index/packages/bumperbot_description
[0.562s] -- Up-to-date: /home/ml_nd/bumperbot_ws/install/bumperbot_description/share/bumperbot_description/cmake/bumperbot_descriptionConfig.cmake
[0.562s] -- Up-to-date: /home/ml_nd/bumperbot_ws/install/bumperbot_description/share/bumperbot_description/cmake/bumperbot_descriptionConfig-version.cmake
[0.563s] -- Up-to-date: /home/ml_nd/bumperbot_ws/install/bumperbot_description/share/bumperbot_description/package.xml
[0.567s] Invoked command in '/home/ml_nd/bumperbot_ws/build/bumperbot_description' returned '0': CMAKE_PREFIX_PATH=/opt/ros/humble /usr/bin/cmake --install /home/ml_nd/bumperbot_ws/build/bumperbot_description
