[0.116s] Invoking command in '/home/ml_nd/bumperbot_ws/build/bumperbot_controller': CMAKE_PREFIX_PATH=/opt/ros/humble /usr/bin/cmake --build /home/ml_nd/bumperbot_ws/build/bumperbot_controller -- -j4 -l4
[0.229s] [ 50%] Built target noisy_controller
[0.249s] [ 50%] Built target ament_cmake_python_copy_bumperbot_controller
[0.254s] [100%] Built target simple_controller
[0.701s] running egg_info
[0.703s] writing bumperbot_controller.egg-info/PKG-INFO
[0.703s] writing dependency_links to bumperbot_controller.egg-info/dependency_links.txt
[0.703s] writing top-level names to bumperbot_controller.egg-info/top_level.txt
[0.705s] reading manifest file 'bumperbot_controller.egg-info/SOURCES.txt'
[0.707s] writing manifest file 'bumperbot_controller.egg-info/SOURCES.txt'
[0.746s] [100%] Built target ament_cmake_python_build_bumperbot_controller_egg
[0.764s] Invoked command in '/home/ml_nd/bumperbot_ws/build/bumperbot_controller' returned '0': CMAKE_PREFIX_PATH=/opt/ros/humble /usr/bin/cmake --build /home/ml_nd/bumperbot_ws/build/bumperbot_controller -- -j4 -l4
[0.808s] Invoking command in '/home/ml_nd/bumperbot_ws/build/bumperbot_controller': CMAKE_PREFIX_PATH=/opt/ros/humble /usr/bin/cmake --install /home/ml_nd/bumperbot_ws/build/bumperbot_controller
[0.820s] -- Install configuration: ""
[0.821s] -- Up-to-date: /home/ml_nd/bumperbot_ws/install/bumperbot_controller/share/bumperbot_controller/environment/pythonpath.sh
[0.826s] -- Up-to-date: /home/ml_nd/bumperbot_ws/install/bumperbot_controller/share/bumperbot_controller/environment/pythonpath.dsv
[0.826s] -- Up-to-date: /home/ml_nd/bumperbot_ws/install/bumperbot_controller/local/lib/python3.10/dist-packages/bumperbot_controller-0.0.0-py3.10.egg-info
[0.826s] -- Installing: /home/ml_nd/bumperbot_ws/install/bumperbot_controller/local/lib/python3.10/dist-packages/bumperbot_controller-0.0.0-py3.10.egg-info/SOURCES.txt
[0.826s] -- Installing: /home/ml_nd/bumperbot_ws/install/bumperbot_controller/local/lib/python3.10/dist-packages/bumperbot_controller-0.0.0-py3.10.egg-info/dependency_links.txt
[0.826s] -- Installing: /home/ml_nd/bumperbot_ws/install/bumperbot_controller/local/lib/python3.10/dist-packages/bumperbot_controller-0.0.0-py3.10.egg-info/top_level.txt
[0.826s] -- Installing: /home/ml_nd/bumperbot_ws/install/bumperbot_controller/local/lib/python3.10/dist-packages/bumperbot_controller-0.0.0-py3.10.egg-info/PKG-INFO
[0.827s] -- Up-to-date: /home/ml_nd/bumperbot_ws/install/bumperbot_controller/local/lib/python3.10/dist-packages/bumperbot_controller
[0.827s] -- Up-to-date: /home/ml_nd/bumperbot_ws/install/bumperbot_controller/local/lib/python3.10/dist-packages/bumperbot_controller/simple_controller.py
[0.827s] -- Up-to-date: /home/ml_nd/bumperbot_ws/install/bumperbot_controller/local/lib/python3.10/dist-packages/bumperbot_controller/__init__.py
[0.827s] -- Up-to-date: /home/ml_nd/bumperbot_ws/install/bumperbot_controller/local/lib/python3.10/dist-packages/bumperbot_controller/noisy_controller.py
[0.875s] Listing '/home/ml_nd/bumperbot_ws/install/bumperbot_controller/local/lib/python3.10/dist-packages/bumperbot_controller'...
[0.883s] -- Up-to-date: /home/ml_nd/bumperbot_ws/install/bumperbot_controller/include/include
[0.883s] -- Up-to-date: /home/ml_nd/bumperbot_ws/install/bumperbot_controller/include/include/bumperbot_controller
[0.883s] -- Up-to-date: /home/ml_nd/bumperbot_ws/install/bumperbot_controller/include/include/bumperbot_controller/noisy_controller.hpp
[0.883s] -- Up-to-date: /home/ml_nd/bumperbot_ws/install/bumperbot_controller/include/include/bumperbot_controller/simple_controller.hpp
[0.884s] -- Up-to-date: /home/ml_nd/bumperbot_ws/install/bumperbot_controller/lib/bumperbot_controller/simple_controller
[0.884s] -- Up-to-date: /home/ml_nd/bumperbot_ws/install/bumperbot_controller/lib/bumperbot_controller/noisy_controller
[0.884s] -- Up-to-date: /home/ml_nd/bumperbot_ws/install/bumperbot_controller/share/bumperbot_controller/launch
[0.884s] -- Installing: /home/ml_nd/bumperbot_ws/install/bumperbot_controller/share/bumperbot_controller/launch/controller.launch.py
[0.885s] -- Up-to-date: /home/ml_nd/bumperbot_ws/install/bumperbot_controller/share/bumperbot_controller/launch/joystick_teleop.launch.py
[0.885s] -- Up-to-date: /home/ml_nd/bumperbot_ws/install/bumperbot_controller/share/bumperbot_controller/config
[0.885s] -- Up-to-date: /home/ml_nd/bumperbot_ws/install/bumperbot_controller/share/bumperbot_controller/config/joy_teleop.yaml
[0.885s] -- Up-to-date: /home/ml_nd/bumperbot_ws/install/bumperbot_controller/share/bumperbot_controller/config/joy_config.yaml
[0.885s] -- Up-to-date: /home/ml_nd/bumperbot_ws/install/bumperbot_controller/share/bumperbot_controller/config/bumperbot_controllers.yaml
[0.885s] -- Up-to-date: /home/ml_nd/bumperbot_ws/install/bumperbot_controller/lib/bumperbot_controller/simple_controller.py
[0.886s] -- Up-to-date: /home/ml_nd/bumperbot_ws/install/bumperbot_controller/lib/bumperbot_controller/noisy_controller.py
[0.886s] -- Up-to-date: /home/ml_nd/bumperbot_ws/install/bumperbot_controller/share/ament_index/resource_index/package_run_dependencies/bumperbot_controller
[0.886s] -- Up-to-date: /home/ml_nd/bumperbot_ws/install/bumperbot_controller/share/ament_index/resource_index/parent_prefix_path/bumperbot_controller
[0.886s] -- Up-to-date: /home/ml_nd/bumperbot_ws/install/bumperbot_controller/share/bumperbot_controller/environment/ament_prefix_path.sh
[0.886s] -- Up-to-date: /home/ml_nd/bumperbot_ws/install/bumperbot_controller/share/bumperbot_controller/environment/ament_prefix_path.dsv
[0.886s] -- Up-to-date: /home/ml_nd/bumperbot_ws/install/bumperbot_controller/share/bumperbot_controller/environment/path.sh
[0.886s] -- Up-to-date: /home/ml_nd/bumperbot_ws/install/bumperbot_controller/share/bumperbot_controller/environment/path.dsv
[0.887s] -- Up-to-date: /home/ml_nd/bumperbot_ws/install/bumperbot_controller/share/bumperbot_controller/local_setup.bash
[0.887s] -- Up-to-date: /home/ml_nd/bumperbot_ws/install/bumperbot_controller/share/bumperbot_controller/local_setup.sh
[0.887s] -- Up-to-date: /home/ml_nd/bumperbot_ws/install/bumperbot_controller/share/bumperbot_controller/local_setup.zsh
[0.887s] -- Up-to-date: /home/ml_nd/bumperbot_ws/install/bumperbot_controller/share/bumperbot_controller/local_setup.dsv
[0.887s] -- Installing: /home/ml_nd/bumperbot_ws/install/bumperbot_controller/share/bumperbot_controller/package.dsv
[0.897s] -- Up-to-date: /home/ml_nd/bumperbot_ws/install/bumperbot_controller/share/ament_index/resource_index/packages/bumperbot_controller
[0.897s] -- Up-to-date: /home/ml_nd/bumperbot_ws/install/bumperbot_controller/share/bumperbot_controller/cmake/bumperbot_controllerConfig.cmake
[0.898s] -- Up-to-date: /home/ml_nd/bumperbot_ws/install/bumperbot_controller/share/bumperbot_controller/cmake/bumperbot_controllerConfig-version.cmake
[0.898s] -- Up-to-date: /home/ml_nd/bumperbot_ws/install/bumperbot_controller/share/bumperbot_controller/package.xml
[0.899s] Invoked command in '/home/ml_nd/bumperbot_ws/build/bumperbot_controller' returned '0': CMAKE_PREFIX_PATH=/opt/ros/humble /usr/bin/cmake --install /home/ml_nd/bumperbot_ws/build/bumperbot_controller
