[0.214s] Invoking command in '/home/ml_nd/bumperbot_ws/build/bumperbot_description': CMAKE_PREFIX_PATH=/opt/ros/humble /usr/bin/cmake --build /home/ml_nd/bumperbot_ws/build/bumperbot_description -- -j4 -l4
[0.673s] Invoked command in '/home/ml_nd/bumperbot_ws/build/bumperbot_description' returned '0': CMAKE_PREFIX_PATH=/opt/ros/humble /usr/bin/cmake --build /home/ml_nd/bumperbot_ws/build/bumperbot_description -- -j4 -l4
[0.725s] Invoking command in '/home/ml_nd/bumperbot_ws/build/bumperbot_description': CMAKE_PREFIX_PATH=/opt/ros/humble /usr/bin/cmake --install /home/ml_nd/bumperbot_ws/build/bumperbot_description
[0.743s] -- Install configuration: ""
[0.743s] -- Up-to-date: /home/ml_nd/bumperbot_ws/install/bumperbot_description/share/bumperbot_description/launch
[0.743s] -- Up-to-date: /home/ml_nd/bumperbot_ws/install/bumperbot_description/share/bumperbot_description/launch/display.launch.py
[0.744s] -- Up-to-date: /home/ml_nd/bumperbot_ws/install/bumperbot_description/share/bumperbot_description/launch/gazebo.launch.py
[0.744s] -- Up-to-date: /home/ml_nd/bumperbot_ws/install/bumperbot_description/share/bumperbot_description/meshes
[0.744s] -- Up-to-date: /home/ml_nd/bumperbot_ws/install/bumperbot_description/share/bumperbot_description/meshes/wheel_left_link.STL
[0.744s] -- Up-to-date: /home/ml_nd/bumperbot_ws/install/bumperbot_description/share/bumperbot_description/meshes/wheel_right_link.STL
[0.745s] -- Up-to-date: /home/ml_nd/bumperbot_ws/install/bumperbot_description/share/bumperbot_description/meshes/imu_link.STL
[0.745s] -- Up-to-date: /home/ml_nd/bumperbot_ws/install/bumperbot_description/share/bumperbot_description/meshes/caster_front_link.STL
[0.745s] -- Up-to-date: /home/ml_nd/bumperbot_ws/install/bumperbot_description/share/bumperbot_description/meshes/caster_rear_link.STL
[0.745s] -- Up-to-date: /home/ml_nd/bumperbot_ws/install/bumperbot_description/share/bumperbot_description/meshes/base_link.STL
[0.745s] -- Up-to-date: /home/ml_nd/bumperbot_ws/install/bumperbot_description/share/bumperbot_description/meshes/can.STL
[0.745s] -- Up-to-date: /home/ml_nd/bumperbot_ws/install/bumperbot_description/share/bumperbot_description/models
[0.746s] -- Up-to-date: /home/ml_nd/bumperbot_ws/install/bumperbot_description/share/bumperbot_description/models/sun
[0.746s] -- Up-to-date: /home/ml_nd/bumperbot_ws/install/bumperbot_description/share/bumperbot_description/models/sun/model.config
[0.746s] -- Up-to-date: /home/ml_nd/bumperbot_ws/install/bumperbot_description/share/bumperbot_description/models/sun/model.sdf
[0.746s] -- Up-to-date: /home/ml_nd/bumperbot_ws/install/bumperbot_description/share/bumperbot_description/models/sun/model-1_4.sdf
[0.746s] -- Up-to-date: /home/ml_nd/bumperbot_ws/install/bumperbot_description/share/bumperbot_description/models/sun/model-1_3.sdf
[0.746s] -- Up-to-date: /home/ml_nd/bumperbot_ws/install/bumperbot_description/share/bumperbot_description/models/sun/model-1_2.sdf
[0.746s] -- Up-to-date: /home/ml_nd/bumperbot_ws/install/bumperbot_description/share/bumperbot_description/models/ground_plane
[0.747s] -- Up-to-date: /home/ml_nd/bumperbot_ws/install/bumperbot_description/share/bumperbot_description/models/ground_plane/model.config
[0.747s] -- Up-to-date: /home/ml_nd/bumperbot_ws/install/bumperbot_description/share/bumperbot_description/models/ground_plane/model.sdf
[0.747s] -- Up-to-date: /home/ml_nd/bumperbot_ws/install/bumperbot_description/share/bumperbot_description/models/ground_plane/model-1_4.sdf
[0.747s] -- Up-to-date: /home/ml_nd/bumperbot_ws/install/bumperbot_description/share/bumperbot_description/models/ground_plane/model-1_3.sdf
[0.747s] -- Up-to-date: /home/ml_nd/bumperbot_ws/install/bumperbot_description/share/bumperbot_description/models/ground_plane/model-1_2.sdf
[0.747s] -- Up-to-date: /home/ml_nd/bumperbot_ws/install/bumperbot_description/share/bumperbot_description/urdf
[0.748s] -- Up-to-date: /home/ml_nd/bumperbot_ws/install/bumperbot_description/share/bumperbot_description/urdf/bumperbot_gazebo.xacro
[0.749s] -- Up-to-date: /home/ml_nd/bumperbot_ws/install/bumperbot_description/share/bumperbot_description/urdf/bumperbot.urdf.xacro
[0.749s] -- Up-to-date: /home/ml_nd/bumperbot_ws/install/bumperbot_description/share/bumperbot_description/urdf/bumperbot_ros2_control.xacro
[0.749s] -- Up-to-date: /home/ml_nd/bumperbot_ws/install/bumperbot_description/share/bumperbot_description/rviz
[0.749s] -- Up-to-date: /home/ml_nd/bumperbot_ws/install/bumperbot_description/share/bumperbot_description/rviz/display.rviz
[0.749s] -- Up-to-date: /home/ml_nd/bumperbot_ws/install/bumperbot_description/share/ament_index/resource_index/package_run_dependencies/bumperbot_description
[0.750s] -- Up-to-date: /home/ml_nd/bumperbot_ws/install/bumperbot_description/share/ament_index/resource_index/parent_prefix_path/bumperbot_description
[0.750s] -- Up-to-date: /home/ml_nd/bumperbot_ws/install/bumperbot_description/share/bumperbot_description/environment/ament_prefix_path.sh
[0.752s] -- Up-to-date: /home/ml_nd/bumperbot_ws/install/bumperbot_description/share/bumperbot_description/environment/ament_prefix_path.dsv
[0.753s] -- Up-to-date: /home/ml_nd/bumperbot_ws/install/bumperbot_description/share/bumperbot_description/environment/path.sh
[0.753s] -- Up-to-date: /home/ml_nd/bumperbot_ws/install/bumperbot_description/share/bumperbot_description/environment/path.dsv
[0.753s] -- Up-to-date: /home/ml_nd/bumperbot_ws/install/bumperbot_description/share/bumperbot_description/local_setup.bash
[0.753s] -- Up-to-date: /home/ml_nd/bumperbot_ws/install/bumperbot_description/share/bumperbot_description/local_setup.sh
[0.754s] -- Up-to-date: /home/ml_nd/bumperbot_ws/install/bumperbot_description/share/bumperbot_description/local_setup.zsh
[0.754s] -- Up-to-date: /home/ml_nd/bumperbot_ws/install/bumperbot_description/share/bumperbot_description/local_setup.dsv
[0.755s] -- Installing: /home/ml_nd/bumperbot_ws/install/bumperbot_description/share/bumperbot_description/package.dsv
[0.756s] -- Up-to-date: /home/ml_nd/bumperbot_ws/install/bumperbot_description/share/ament_index/resource_index/packages/bumperbot_description
[0.756s] -- Up-to-date: /home/ml_nd/bumperbot_ws/install/bumperbot_description/share/bumperbot_description/cmake/bumperbot_descriptionConfig.cmake
[0.756s] -- Up-to-date: /home/ml_nd/bumperbot_ws/install/bumperbot_description/share/bumperbot_description/cmake/bumperbot_descriptionConfig-version.cmake
[0.757s] -- Up-to-date: /home/ml_nd/bumperbot_ws/install/bumperbot_description/share/bumperbot_description/package.xml
