[1.776s] DEBUG:colcon:Command line arguments: ['/home/ml_nd/.local/bin/colcon', 'build']
[1.776s] DEBUG:colcon:Parsed command line arguments: Namespace(log_base=None, log_level=None, verb_name='build', build_base='build', install_base='install', merge_install=False, symlink_install=False, test_result_base=None, continue_on_error=False, executor='parallel', parallel_workers=4, event_handlers=None, ignore_user_meta=False, metas=['./colcon.meta'], base_paths=['.'], packages_ignore=None, packages_ignore_regex=None, paths=None, packages_up_to=None, packages_up_to_regex=None, packages_above=None, packages_above_and_dependencies=None, packages_above_depth=None, packages_select_by_dep=None, packages_skip_by_dep=None, packages_skip_up_to=None, packages_select_build_failed=False, packages_skip_build_finished=False, packages_select_test_failures=False, packages_skip_test_passed=False, packages_select=None, packages_skip=None, packages_select_regex=None, packages_skip_regex=None, packages_start=None, packages_end=None, allow_overriding=[], cmake_args=None, cmake_target=None, cmake_target_skip_unavailable=False, cmake_clean_cache=False, cmake_clean_first=False, cmake_force_configure=False, ament_cmake_args=None, catkin_cmake_args=None, catkin_skip_building_tests=False, verb_parser=<colcon_defaults.argument_parser.defaults.DefaultArgumentsDecorator object at 0x7fd4eb935840>, verb_extension=<colcon_core.verb.build.BuildVerb object at 0x7fd4eb934a90>, main=<bound method BuildVerb.main of <colcon_core.verb.build.BuildVerb object at 0x7fd4eb934a90>>)
[1.855s] Level 1:colcon.colcon_core.package_discovery:discover_packages(colcon_meta) check parameters
[1.855s] Level 1:colcon.colcon_core.package_discovery:discover_packages(recursive) check parameters
[1.855s] Level 1:colcon.colcon_core.package_discovery:discover_packages(ignore) check parameters
[1.856s] Level 1:colcon.colcon_core.package_discovery:discover_packages(path) check parameters
[1.856s] Level 1:colcon.colcon_core.package_discovery:discover_packages(colcon_meta) discover
[1.856s] Level 1:colcon.colcon_core.package_discovery:discover_packages(recursive) discover
[1.856s] INFO:colcon.colcon_core.package_discovery:Crawling recursively for packages in '/home/ml_nd/bumperbot_ws'
[1.856s] Level 1:colcon.colcon_core.package_identification:_identify(.) by extensions ['ignore', 'ignore_ament_install']
[1.856s] Level 1:colcon.colcon_core.package_identification:_identify(.) by extension 'ignore'
[1.857s] Level 1:colcon.colcon_core.package_identification:_identify(.) by extension 'ignore_ament_install'
[1.857s] Level 1:colcon.colcon_core.package_identification:_identify(.) by extensions ['colcon_pkg']
[1.857s] Level 1:colcon.colcon_core.package_identification:_identify(.) by extension 'colcon_pkg'
[1.857s] Level 1:colcon.colcon_core.package_identification:_identify(.) by extensions ['colcon_meta']
[1.857s] Level 1:colcon.colcon_core.package_identification:_identify(.) by extension 'colcon_meta'
[1.857s] Level 1:colcon.colcon_core.package_identification:_identify(.) by extensions ['ros']
[1.857s] Level 1:colcon.colcon_core.package_identification:_identify(.) by extension 'ros'
[1.875s] Level 1:colcon.colcon_core.package_identification:_identify(.) by extensions ['cmake', 'python']
[1.876s] Level 1:colcon.colcon_core.package_identification:_identify(.) by extension 'cmake'
[1.876s] Level 1:colcon.colcon_core.package_identification:_identify(.) by extension 'python'
[1.876s] Level 1:colcon.colcon_core.package_identification:_identify(.) by extensions ['python_setup_py']
[1.876s] Level 1:colcon.colcon_core.package_identification:_identify(.) by extension 'python_setup_py'
[1.876s] Level 1:colcon.colcon_core.package_identification:_identify(build) by extensions ['ignore', 'ignore_ament_install']
[1.876s] Level 1:colcon.colcon_core.package_identification:_identify(build) by extension 'ignore'
[1.876s] Level 1:colcon.colcon_core.package_identification:_identify(build) ignored
[1.877s] Level 1:colcon.colcon_core.package_identification:_identify(install) by extensions ['ignore', 'ignore_ament_install']
[1.877s] Level 1:colcon.colcon_core.package_identification:_identify(install) by extension 'ignore'
[1.877s] Level 1:colcon.colcon_core.package_identification:_identify(install) ignored
[1.877s] Level 1:colcon.colcon_core.package_identification:_identify(log) by extensions ['ignore', 'ignore_ament_install']
[1.877s] Level 1:colcon.colcon_core.package_identification:_identify(log) by extension 'ignore'
[1.878s] Level 1:colcon.colcon_core.package_identification:_identify(log) ignored
[1.878s] Level 1:colcon.colcon_core.package_identification:_identify(src) by extensions ['ignore', 'ignore_ament_install']
[1.878s] Level 1:colcon.colcon_core.package_identification:_identify(src) by extension 'ignore'
[1.878s] Level 1:colcon.colcon_core.package_identification:_identify(src) by extension 'ignore_ament_install'
[1.878s] Level 1:colcon.colcon_core.package_identification:_identify(src) by extensions ['colcon_pkg']
[1.878s] Level 1:colcon.colcon_core.package_identification:_identify(src) by extension 'colcon_pkg'
[1.879s] Level 1:colcon.colcon_core.package_identification:_identify(src) by extensions ['colcon_meta']
[1.879s] Level 1:colcon.colcon_core.package_identification:_identify(src) by extension 'colcon_meta'
[1.879s] Level 1:colcon.colcon_core.package_identification:_identify(src) by extensions ['ros']
[1.879s] Level 1:colcon.colcon_core.package_identification:_identify(src) by extension 'ros'
[1.879s] Level 1:colcon.colcon_core.package_identification:_identify(src) by extensions ['cmake', 'python']
[1.879s] Level 1:colcon.colcon_core.package_identification:_identify(src) by extension 'cmake'
[1.879s] Level 1:colcon.colcon_core.package_identification:_identify(src) by extension 'python'
[1.879s] Level 1:colcon.colcon_core.package_identification:_identify(src) by extensions ['python_setup_py']
[1.880s] Level 1:colcon.colcon_core.package_identification:_identify(src) by extension 'python_setup_py'
[1.880s] Level 1:colcon.colcon_core.package_identification:_identify(src/bumperbot_cpp_examples) by extensions ['ignore', 'ignore_ament_install']
[1.880s] Level 1:colcon.colcon_core.package_identification:_identify(src/bumperbot_cpp_examples) by extension 'ignore'
[1.880s] Level 1:colcon.colcon_core.package_identification:_identify(src/bumperbot_cpp_examples) by extension 'ignore_ament_install'
[1.880s] Level 1:colcon.colcon_core.package_identification:_identify(src/bumperbot_cpp_examples) by extensions ['colcon_pkg']
[1.880s] Level 1:colcon.colcon_core.package_identification:_identify(src/bumperbot_cpp_examples) by extension 'colcon_pkg'
[1.881s] Level 1:colcon.colcon_core.package_identification:_identify(src/bumperbot_cpp_examples) by extensions ['colcon_meta']
[1.881s] Level 1:colcon.colcon_core.package_identification:_identify(src/bumperbot_cpp_examples) by extension 'colcon_meta'
[1.881s] Level 1:colcon.colcon_core.package_identification:_identify(src/bumperbot_cpp_examples) by extensions ['ros']
[1.881s] Level 1:colcon.colcon_core.package_identification:_identify(src/bumperbot_cpp_examples) by extension 'ros'
[1.885s] DEBUG:colcon.colcon_core.package_identification:Package 'src/bumperbot_cpp_examples' with type 'ros.ament_cmake' and name 'bumperbot_cpp_examples'
[1.885s] Level 1:colcon.colcon_core.package_identification:_identify(src/bumperbot_py_examples) by extensions ['ignore', 'ignore_ament_install']
[1.885s] Level 1:colcon.colcon_core.package_identification:_identify(src/bumperbot_py_examples) by extension 'ignore'
[1.885s] Level 1:colcon.colcon_core.package_identification:_identify(src/bumperbot_py_examples) by extension 'ignore_ament_install'
[1.885s] Level 1:colcon.colcon_core.package_identification:_identify(src/bumperbot_py_examples) by extensions ['colcon_pkg']
[1.885s] Level 1:colcon.colcon_core.package_identification:_identify(src/bumperbot_py_examples) by extension 'colcon_pkg'
[1.885s] Level 1:colcon.colcon_core.package_identification:_identify(src/bumperbot_py_examples) by extensions ['colcon_meta']
[1.885s] Level 1:colcon.colcon_core.package_identification:_identify(src/bumperbot_py_examples) by extension 'colcon_meta'
[1.885s] Level 1:colcon.colcon_core.package_identification:_identify(src/bumperbot_py_examples) by extensions ['ros']
[1.885s] Level 1:colcon.colcon_core.package_identification:_identify(src/bumperbot_py_examples) by extension 'ros'
[1.887s] DEBUG:colcon.colcon_core.package_identification:Package 'src/bumperbot_py_examples' with type 'ros.ament_python' and name 'bumperbot_py_examples'
[1.887s] Level 1:colcon.colcon_core.package_discovery:discover_packages(recursive) using defaults
[1.887s] Level 1:colcon.colcon_core.package_discovery:discover_packages(ignore) discover
[1.887s] Level 1:colcon.colcon_core.package_discovery:discover_packages(ignore) using defaults
[1.887s] Level 1:colcon.colcon_core.package_discovery:discover_packages(path) discover
[1.887s] Level 1:colcon.colcon_core.package_discovery:discover_packages(path) using defaults
[2.042s] Level 1:colcon.colcon_core.package_discovery:discover_packages(prefix_path) check parameters
[2.042s] Level 1:colcon.colcon_core.package_discovery:discover_packages(prefix_path) discover
[2.100s] DEBUG:colcon.colcon_installed_package_information.package_discovery:Found 325 installed packages in /opt/ros/humble
[2.102s] Level 1:colcon.colcon_core.package_discovery:discover_packages(prefix_path) using defaults
[2.278s] Level 5:colcon.colcon_core.verb:set package 'bumperbot_cpp_examples' build argument 'cmake_args' from command line to 'None'
[2.278s] Level 5:colcon.colcon_core.verb:set package 'bumperbot_cpp_examples' build argument 'cmake_target' from command line to 'None'
[2.278s] Level 5:colcon.colcon_core.verb:set package 'bumperbot_cpp_examples' build argument 'cmake_target_skip_unavailable' from command line to 'False'
[2.278s] Level 5:colcon.colcon_core.verb:set package 'bumperbot_cpp_examples' build argument 'cmake_clean_cache' from command line to 'False'
[2.278s] Level 5:colcon.colcon_core.verb:set package 'bumperbot_cpp_examples' build argument 'cmake_clean_first' from command line to 'False'
[2.278s] Level 5:colcon.colcon_core.verb:set package 'bumperbot_cpp_examples' build argument 'cmake_force_configure' from command line to 'False'
[2.278s] Level 5:colcon.colcon_core.verb:set package 'bumperbot_cpp_examples' build argument 'ament_cmake_args' from command line to 'None'
[2.278s] Level 5:colcon.colcon_core.verb:set package 'bumperbot_cpp_examples' build argument 'catkin_cmake_args' from command line to 'None'
[2.278s] Level 5:colcon.colcon_core.verb:set package 'bumperbot_cpp_examples' build argument 'catkin_skip_building_tests' from command line to 'False'
[2.278s] DEBUG:colcon.colcon_core.verb:Building package 'bumperbot_cpp_examples' with the following arguments: {'ament_cmake_args': None, 'build_base': '/home/ml_nd/bumperbot_ws/build/bumperbot_cpp_examples', 'catkin_cmake_args': None, 'catkin_skip_building_tests': False, 'cmake_args': None, 'cmake_clean_cache': False, 'cmake_clean_first': False, 'cmake_force_configure': False, 'cmake_target': None, 'cmake_target_skip_unavailable': False, 'install_base': '/home/ml_nd/bumperbot_ws/install/bumperbot_cpp_examples', 'merge_install': False, 'path': '/home/ml_nd/bumperbot_ws/src/bumperbot_cpp_examples', 'symlink_install': False, 'test_result_base': None}
[2.309s] Level 5:colcon.colcon_core.verb:set package 'bumperbot_py_examples' build argument 'cmake_args' from command line to 'None'
[2.309s] Level 5:colcon.colcon_core.verb:set package 'bumperbot_py_examples' build argument 'cmake_target' from command line to 'None'
[2.309s] Level 5:colcon.colcon_core.verb:set package 'bumperbot_py_examples' build argument 'cmake_target_skip_unavailable' from command line to 'False'
[2.309s] Level 5:colcon.colcon_core.verb:set package 'bumperbot_py_examples' build argument 'cmake_clean_cache' from command line to 'False'
[2.309s] Level 5:colcon.colcon_core.verb:set package 'bumperbot_py_examples' build argument 'cmake_clean_first' from command line to 'False'
[2.309s] Level 5:colcon.colcon_core.verb:set package 'bumperbot_py_examples' build argument 'cmake_force_configure' from command line to 'False'
[2.309s] Level 5:colcon.colcon_core.verb:set package 'bumperbot_py_examples' build argument 'ament_cmake_args' from command line to 'None'
[2.309s] Level 5:colcon.colcon_core.verb:set package 'bumperbot_py_examples' build argument 'catkin_cmake_args' from command line to 'None'
[2.309s] Level 5:colcon.colcon_core.verb:set package 'bumperbot_py_examples' build argument 'catkin_skip_building_tests' from command line to 'False'
[2.309s] DEBUG:colcon.colcon_core.verb:Building package 'bumperbot_py_examples' with the following arguments: {'ament_cmake_args': None, 'build_base': '/home/ml_nd/bumperbot_ws/build/bumperbot_py_examples', 'catkin_cmake_args': None, 'catkin_skip_building_tests': False, 'cmake_args': None, 'cmake_clean_cache': False, 'cmake_clean_first': False, 'cmake_force_configure': False, 'cmake_target': None, 'cmake_target_skip_unavailable': False, 'install_base': '/home/ml_nd/bumperbot_ws/install/bumperbot_py_examples', 'merge_install': False, 'path': '/home/ml_nd/bumperbot_ws/src/bumperbot_py_examples', 'symlink_install': False, 'test_result_base': None}
[2.346s] INFO:colcon.colcon_core.executor:Executing jobs using 'parallel' executor
[2.376s] DEBUG:colcon.colcon_parallel_executor.executor.parallel:run_until_complete
[2.376s] INFO:colcon.colcon_ros.task.ament_cmake.build:Building ROS package in '/home/ml_nd/bumperbot_ws/src/bumperbot_cpp_examples' with build type 'ament_cmake'
[2.376s] INFO:colcon.colcon_cmake.task.cmake.build:Building CMake package in '/home/ml_nd/bumperbot_ws/src/bumperbot_cpp_examples'
[2.407s] INFO:colcon.colcon_core.plugin_system:Skipping extension 'colcon_core.shell.bat': Not used on non-Windows systems
[2.407s] INFO:colcon.colcon_core.shell:Skip shell extension 'powershell' for command environment: Not usable outside of PowerShell
[2.407s] DEBUG:colcon.colcon_core.shell:Skip shell extension 'dsv' for command environment
[2.469s] INFO:colcon.colcon_ros.task.ament_python.build:Building ROS package in '/home/ml_nd/bumperbot_ws/src/bumperbot_py_examples' with build type 'ament_python'
[2.469s] Level 1:colcon.colcon_core.shell:create_environment_hook('bumperbot_py_examples', 'ament_prefix_path')
[2.502s] INFO:colcon.colcon_core.shell:Creating environment hook '/home/ml_nd/bumperbot_ws/install/bumperbot_py_examples/share/bumperbot_py_examples/hook/ament_prefix_path.ps1'
[2.503s] INFO:colcon.colcon_core.shell:Creating environment descriptor '/home/ml_nd/bumperbot_ws/install/bumperbot_py_examples/share/bumperbot_py_examples/hook/ament_prefix_path.dsv'
[2.504s] INFO:colcon.colcon_core.shell:Creating environment hook '/home/ml_nd/bumperbot_ws/install/bumperbot_py_examples/share/bumperbot_py_examples/hook/ament_prefix_path.sh'
[2.536s] INFO:colcon.colcon_core.shell:Skip shell extension 'powershell' for command environment: Not usable outside of PowerShell
[2.536s] DEBUG:colcon.colcon_core.shell:Skip shell extension 'dsv' for command environment
[2.608s] DEBUG:colcon.colcon_core.event_handler.log_command:Invoking command in '/home/ml_nd/bumperbot_ws/build/bumperbot_cpp_examples': CMAKE_PREFIX_PATH=/opt/ros/humble /usr/bin/cmake --build /home/ml_nd/bumperbot_ws/build/bumperbot_cpp_examples -- -j4 -l4
[3.143s] INFO:colcon.colcon_core.task.python.build:Building Python package in '/home/ml_nd/bumperbot_ws/src/bumperbot_py_examples'
[3.170s] INFO:colcon.colcon_core.shell:Skip shell extension 'powershell' for command environment: Not usable outside of PowerShell
[3.170s] DEBUG:colcon.colcon_core.shell:Skip shell extension 'dsv' for command environment
[4.095s] DEBUG:colcon.colcon_core.event_handler.log_command:Invoking command in '/home/ml_nd/bumperbot_ws/src/bumperbot_py_examples': PYTHONPATH=/home/ml_nd/bumperbot_ws/build/bumperbot_py_examples/prefix_override:/home/ml_nd/bumperbot_ws/install/bumperbot_py_examples/lib/python3.10/site-packages:${PYTHONPATH} /usr/bin/python3 setup.py egg_info --egg-base ../../build/bumperbot_py_examples build --build-base /home/ml_nd/bumperbot_ws/build/bumperbot_py_examples/build install --record /home/ml_nd/bumperbot_ws/build/bumperbot_py_examples/install.log --single-version-externally-managed
[4.674s] DEBUG:colcon.colcon_core.event_handler.log_command:Invoked command in '/home/ml_nd/bumperbot_ws/src/bumperbot_py_examples' returned '0': PYTHONPATH=/home/ml_nd/bumperbot_ws/build/bumperbot_py_examples/prefix_override:/home/ml_nd/bumperbot_ws/install/bumperbot_py_examples/lib/python3.10/site-packages:${PYTHONPATH} /usr/bin/python3 setup.py egg_info --egg-base ../../build/bumperbot_py_examples build --build-base /home/ml_nd/bumperbot_ws/build/bumperbot_py_examples/build install --record /home/ml_nd/bumperbot_ws/build/bumperbot_py_examples/install.log --single-version-externally-managed
[4.709s] Level 1:colcon.colcon_core.environment:checking '/home/ml_nd/bumperbot_ws/install/bumperbot_py_examples' for CMake module files
[4.710s] Level 1:colcon.colcon_core.environment:checking '/home/ml_nd/bumperbot_ws/install/bumperbot_py_examples' for CMake config files
[4.711s] Level 1:colcon.colcon_core.environment:checking '/home/ml_nd/bumperbot_ws/install/bumperbot_py_examples/lib'
[4.711s] Level 1:colcon.colcon_core.environment:checking '/home/ml_nd/bumperbot_ws/install/bumperbot_py_examples/bin'
[4.711s] Level 1:colcon.colcon_core.environment:checking '/home/ml_nd/bumperbot_ws/install/bumperbot_py_examples/lib/pkgconfig/bumperbot_py_examples.pc'
[4.712s] Level 1:colcon.colcon_core.environment:checking '/home/ml_nd/bumperbot_ws/install/bumperbot_py_examples/lib/python3.10/site-packages'
[4.712s] Level 1:colcon.colcon_core.shell:create_environment_hook('bumperbot_py_examples', 'pythonpath')
[4.746s] INFO:colcon.colcon_core.shell:Creating environment hook '/home/ml_nd/bumperbot_ws/install/bumperbot_py_examples/share/bumperbot_py_examples/hook/pythonpath.ps1'
[4.746s] INFO:colcon.colcon_core.shell:Creating environment descriptor '/home/ml_nd/bumperbot_ws/install/bumperbot_py_examples/share/bumperbot_py_examples/hook/pythonpath.dsv'
[4.747s] INFO:colcon.colcon_core.shell:Creating environment hook '/home/ml_nd/bumperbot_ws/install/bumperbot_py_examples/share/bumperbot_py_examples/hook/pythonpath.sh'
[4.748s] Level 1:colcon.colcon_core.environment:checking '/home/ml_nd/bumperbot_ws/install/bumperbot_py_examples/bin'
[4.748s] Level 1:colcon.colcon_core.environment:create_environment_scripts_only(bumperbot_py_examples)
[4.777s] INFO:colcon.colcon_core.shell:Creating package script '/home/ml_nd/bumperbot_ws/install/bumperbot_py_examples/share/bumperbot_py_examples/package.ps1'
[4.778s] INFO:colcon.colcon_core.shell:Creating package descriptor '/home/ml_nd/bumperbot_ws/install/bumperbot_py_examples/share/bumperbot_py_examples/package.dsv'
[4.779s] INFO:colcon.colcon_core.shell:Creating package script '/home/ml_nd/bumperbot_ws/install/bumperbot_py_examples/share/bumperbot_py_examples/package.sh'
[4.781s] INFO:colcon.colcon_core.shell:Creating package script '/home/ml_nd/bumperbot_ws/install/bumperbot_py_examples/share/bumperbot_py_examples/package.bash'
[4.782s] INFO:colcon.colcon_core.shell:Creating package script '/home/ml_nd/bumperbot_ws/install/bumperbot_py_examples/share/bumperbot_py_examples/package.zsh'
[4.783s] Level 1:colcon.colcon_core.environment:create_file_with_runtime_dependencies(/home/ml_nd/bumperbot_ws/install/bumperbot_py_examples/share/colcon-core/packages/bumperbot_py_examples)
[9.998s] DEBUG:colcon.colcon_core.event_handler.log_command:Invoked command in '/home/ml_nd/bumperbot_ws/build/bumperbot_cpp_examples' returned '0': CMAKE_PREFIX_PATH=/opt/ros/humble /usr/bin/cmake --build /home/ml_nd/bumperbot_ws/build/bumperbot_cpp_examples -- -j4 -l4
[10.055s] DEBUG:colcon.colcon_core.event_handler.log_command:Invoking command in '/home/ml_nd/bumperbot_ws/build/bumperbot_cpp_examples': CMAKE_PREFIX_PATH=/opt/ros/humble /usr/bin/cmake --install /home/ml_nd/bumperbot_ws/build/bumperbot_cpp_examples
[10.071s] Level 1:colcon.colcon_core.environment:create_environment_scripts_only(bumperbot_cpp_examples)
[10.073s] DEBUG:colcon.colcon_core.event_handler.log_command:Invoked command in '/home/ml_nd/bumperbot_ws/build/bumperbot_cpp_examples' returned '0': CMAKE_PREFIX_PATH=/opt/ros/humble /usr/bin/cmake --install /home/ml_nd/bumperbot_ws/build/bumperbot_cpp_examples
[10.105s] Level 1:colcon.colcon_core.environment:checking '/home/ml_nd/bumperbot_ws/install/bumperbot_cpp_examples' for CMake module files
[10.106s] Level 1:colcon.colcon_core.environment:checking '/home/ml_nd/bumperbot_ws/install/bumperbot_cpp_examples' for CMake config files
[10.107s] Level 1:colcon.colcon_core.shell:create_environment_hook('bumperbot_cpp_examples', 'cmake_prefix_path')
[10.141s] INFO:colcon.colcon_core.shell:Creating environment hook '/home/ml_nd/bumperbot_ws/install/bumperbot_cpp_examples/share/bumperbot_cpp_examples/hook/cmake_prefix_path.ps1'
[10.143s] INFO:colcon.colcon_core.shell:Creating environment descriptor '/home/ml_nd/bumperbot_ws/install/bumperbot_cpp_examples/share/bumperbot_cpp_examples/hook/cmake_prefix_path.dsv'
[10.143s] INFO:colcon.colcon_core.shell:Creating environment hook '/home/ml_nd/bumperbot_ws/install/bumperbot_cpp_examples/share/bumperbot_cpp_examples/hook/cmake_prefix_path.sh'
[10.144s] Level 1:colcon.colcon_core.environment:checking '/home/ml_nd/bumperbot_ws/install/bumperbot_cpp_examples/lib'
[10.144s] Level 1:colcon.colcon_core.environment:checking '/home/ml_nd/bumperbot_ws/install/bumperbot_cpp_examples/bin'
[10.145s] Level 1:colcon.colcon_core.environment:checking '/home/ml_nd/bumperbot_ws/install/bumperbot_cpp_examples/lib/pkgconfig/bumperbot_cpp_examples.pc'
[10.145s] Level 1:colcon.colcon_core.environment:checking '/home/ml_nd/bumperbot_ws/install/bumperbot_cpp_examples/lib/python3.10/site-packages'
[10.145s] Level 1:colcon.colcon_core.environment:checking '/home/ml_nd/bumperbot_ws/install/bumperbot_cpp_examples/bin'
[10.173s] INFO:colcon.colcon_core.shell:Creating package script '/home/ml_nd/bumperbot_ws/install/bumperbot_cpp_examples/share/bumperbot_cpp_examples/package.ps1'
[10.173s] INFO:colcon.colcon_core.shell:Creating package descriptor '/home/ml_nd/bumperbot_ws/install/bumperbot_cpp_examples/share/bumperbot_cpp_examples/package.dsv'
[10.174s] INFO:colcon.colcon_core.shell:Creating package script '/home/ml_nd/bumperbot_ws/install/bumperbot_cpp_examples/share/bumperbot_cpp_examples/package.sh'
[10.175s] INFO:colcon.colcon_core.shell:Creating package script '/home/ml_nd/bumperbot_ws/install/bumperbot_cpp_examples/share/bumperbot_cpp_examples/package.bash'
[10.176s] INFO:colcon.colcon_core.shell:Creating package script '/home/ml_nd/bumperbot_ws/install/bumperbot_cpp_examples/share/bumperbot_cpp_examples/package.zsh'
[10.177s] Level 1:colcon.colcon_core.environment:create_file_with_runtime_dependencies(/home/ml_nd/bumperbot_ws/install/bumperbot_cpp_examples/share/colcon-core/packages/bumperbot_cpp_examples)
[10.264s] Level 1:colcon.colcon_core.environment:create_environment_scripts_only(bumperbot_cpp_examples)
[10.297s] Level 1:colcon.colcon_core.environment:checking '/home/ml_nd/bumperbot_ws/install/bumperbot_cpp_examples' for CMake module files
[10.299s] Level 1:colcon.colcon_core.environment:checking '/home/ml_nd/bumperbot_ws/install/bumperbot_cpp_examples' for CMake config files
[10.300s] Level 1:colcon.colcon_core.shell:create_environment_hook('bumperbot_cpp_examples', 'cmake_prefix_path')
[10.348s] INFO:colcon.colcon_core.shell:Creating environment hook '/home/ml_nd/bumperbot_ws/install/bumperbot_cpp_examples/share/bumperbot_cpp_examples/hook/cmake_prefix_path.ps1'
[10.349s] INFO:colcon.colcon_core.shell:Creating environment descriptor '/home/ml_nd/bumperbot_ws/install/bumperbot_cpp_examples/share/bumperbot_cpp_examples/hook/cmake_prefix_path.dsv'
[10.350s] INFO:colcon.colcon_core.shell:Creating environment hook '/home/ml_nd/bumperbot_ws/install/bumperbot_cpp_examples/share/bumperbot_cpp_examples/hook/cmake_prefix_path.sh'
[10.351s] Level 1:colcon.colcon_core.environment:checking '/home/ml_nd/bumperbot_ws/install/bumperbot_cpp_examples/lib'
[10.352s] Level 1:colcon.colcon_core.environment:checking '/home/ml_nd/bumperbot_ws/install/bumperbot_cpp_examples/bin'
[10.352s] Level 1:colcon.colcon_core.environment:checking '/home/ml_nd/bumperbot_ws/install/bumperbot_cpp_examples/lib/pkgconfig/bumperbot_cpp_examples.pc'
[10.353s] Level 1:colcon.colcon_core.environment:checking '/home/ml_nd/bumperbot_ws/install/bumperbot_cpp_examples/lib/python3.10/site-packages'
[10.353s] Level 1:colcon.colcon_core.environment:checking '/home/ml_nd/bumperbot_ws/install/bumperbot_cpp_examples/bin'
[10.397s] INFO:colcon.colcon_core.shell:Creating package script '/home/ml_nd/bumperbot_ws/install/bumperbot_cpp_examples/share/bumperbot_cpp_examples/package.ps1'
[10.398s] INFO:colcon.colcon_core.shell:Creating package descriptor '/home/ml_nd/bumperbot_ws/install/bumperbot_cpp_examples/share/bumperbot_cpp_examples/package.dsv'
[10.399s] INFO:colcon.colcon_core.shell:Creating package script '/home/ml_nd/bumperbot_ws/install/bumperbot_cpp_examples/share/bumperbot_cpp_examples/package.sh'
[10.400s] INFO:colcon.colcon_core.shell:Creating package script '/home/ml_nd/bumperbot_ws/install/bumperbot_cpp_examples/share/bumperbot_cpp_examples/package.bash'
[10.401s] INFO:colcon.colcon_core.shell:Creating package script '/home/ml_nd/bumperbot_ws/install/bumperbot_cpp_examples/share/bumperbot_cpp_examples/package.zsh'
[10.402s] Level 1:colcon.colcon_core.environment:create_file_with_runtime_dependencies(/home/ml_nd/bumperbot_ws/install/bumperbot_cpp_examples/share/colcon-core/packages/bumperbot_cpp_examples)
[10.403s] DEBUG:colcon.colcon_parallel_executor.executor.parallel:closing loop
[10.404s] DEBUG:colcon.colcon_parallel_executor.executor.parallel:loop closed
[10.404s] DEBUG:colcon.colcon_parallel_executor.executor.parallel:run_until_complete finished with '0'
[10.404s] DEBUG:colcon.colcon_core.event_reactor:joining thread
[10.462s] INFO:colcon.colcon_core.plugin_system:Skipping extension 'colcon_notification.desktop_notification.terminal_notifier': Not used on non-Darwin systems
[10.462s] INFO:colcon.colcon_core.plugin_system:Skipping extension 'colcon_notification.desktop_notification.win32': Not used on non-Windows systems
[10.462s] INFO:colcon.colcon_notification.desktop_notification:Sending desktop notification using 'notify2'
[10.491s] DEBUG:colcon.colcon_core.event_reactor:joined thread
[10.537s] INFO:colcon.colcon_core.shell:Creating prefix script '/home/ml_nd/bumperbot_ws/install/local_setup.ps1'
[10.540s] INFO:colcon.colcon_core.shell:Creating prefix util module '/home/ml_nd/bumperbot_ws/install/_local_setup_util_ps1.py'
[10.543s] INFO:colcon.colcon_core.shell:Creating prefix chain script '/home/ml_nd/bumperbot_ws/install/setup.ps1'
[10.589s] INFO:colcon.colcon_core.shell:Creating prefix script '/home/ml_nd/bumperbot_ws/install/local_setup.sh'
[10.590s] INFO:colcon.colcon_core.shell:Creating prefix util module '/home/ml_nd/bumperbot_ws/install/_local_setup_util_sh.py'
[10.591s] INFO:colcon.colcon_core.shell:Creating prefix chain script '/home/ml_nd/bumperbot_ws/install/setup.sh'
[10.632s] INFO:colcon.colcon_core.shell:Creating prefix script '/home/ml_nd/bumperbot_ws/install/local_setup.bash'
[10.633s] INFO:colcon.colcon_core.shell:Creating prefix chain script '/home/ml_nd/bumperbot_ws/install/setup.bash'
[10.675s] INFO:colcon.colcon_core.shell:Creating prefix script '/home/ml_nd/bumperbot_ws/install/local_setup.zsh'
[10.676s] INFO:colcon.colcon_core.shell:Creating prefix chain script '/home/ml_nd/bumperbot_ws/install/setup.zsh'
