[1.310s] Invoking command in '/home/ml_nd/bumperbot_ws/src/bumperbot_py_examples': PYTHONPATH=/home/ml_nd/bumperbot_ws/build/bumperbot_py_examples/prefix_override:/home/ml_nd/bumperbot_ws/install/bumperbot_py_examples/lib/python3.10/site-packages:${PYTHONPATH} /usr/bin/python3 setup.py egg_info --egg-base ../../build/bumperbot_py_examples build --build-base /home/ml_nd/bumperbot_ws/build/bumperbot_py_examples/build install --record /home/ml_nd/bumperbot_ws/build/bumperbot_py_examples/install.log --single-version-externally-managed
[1.693s] running egg_info
[1.694s] writing ../../build/bumperbot_py_examples/bumperbot_py_examples.egg-info/PKG-INFO
[1.695s] writing dependency_links to ../../build/bumperbot_py_examples/bumperbot_py_examples.egg-info/dependency_links.txt
[1.695s] writing entry points to ../../build/bumperbot_py_examples/bumperbot_py_examples.egg-info/entry_points.txt
[1.695s] writing requirements to ../../build/bumperbot_py_examples/bumperbot_py_examples.egg-info/requires.txt
[1.696s] writing top-level names to ../../build/bumperbot_py_examples/bumperbot_py_examples.egg-info/top_level.txt
[1.698s] reading manifest file '../../build/bumperbot_py_examples/bumperbot_py_examples.egg-info/SOURCES.txt'
[1.699s] writing manifest file '../../build/bumperbot_py_examples/bumperbot_py_examples.egg-info/SOURCES.txt'
[1.700s] running build
[1.700s] running build_py
[1.701s] running install
[1.702s] /usr/lib/python3/dist-packages/setuptools/command/install.py:34: SetuptoolsDeprecationWarning: setup.py install is deprecated. Use build and pip and other standards-based tools.
[1.702s]   warnings.warn(
[1.702s] running install_lib
[1.704s] running install_data
[1.705s] running install_egg_info
[1.707s] removing '/home/ml_nd/bumperbot_ws/install/bumperbot_py_examples/lib/python3.10/site-packages/bumperbot_py_examples-0.0.0-py3.10.egg-info' (and everything under it)
[1.708s] Copying ../../build/bumperbot_py_examples/bumperbot_py_examples.egg-info to /home/ml_nd/bumperbot_ws/install/bumperbot_py_examples/lib/python3.10/site-packages/bumperbot_py_examples-0.0.0-py3.10.egg-info
[1.709s] running install_scripts
[1.739s] Installing simple_publisher script to /home/ml_nd/bumperbot_ws/install/bumperbot_py_examples/lib/bumperbot_py_examples
[1.739s] Installing simple_subscriber script to /home/ml_nd/bumperbot_ws/install/bumperbot_py_examples/lib/bumperbot_py_examples
[1.740s] writing list of installed files to '/home/ml_nd/bumperbot_ws/build/bumperbot_py_examples/install.log'
[1.775s] Invoked command in '/home/ml_nd/bumperbot_ws/src/bumperbot_py_examples' returned '0': PYTHONPATH=/home/ml_nd/bumperbot_ws/build/bumperbot_py_examples/prefix_override:/home/ml_nd/bumperbot_ws/install/bumperbot_py_examples/lib/python3.10/site-packages:${PYTHONPATH} /usr/bin/python3 setup.py egg_info --egg-base ../../build/bumperbot_py_examples build --build-base /home/ml_nd/bumperbot_ws/build/bumperbot_py_examples/build install --record /home/ml_nd/bumperbot_ws/build/bumperbot_py_examples/install.log --single-version-externally-managed
