[0.088s] Invoking command in '/home/ml_nd/bumperbot_ws/build/bumperbot_localization': CMAKE_PREFIX_PATH=/opt/ros/humble /usr/bin/cmake /home/ml_nd/bumperbot_ws/src/bumperbot_localization -DCMAKE_INSTALL_PREFIX=/home/ml_nd/bumperbot_ws/install/bumperbot_localization
[0.238s] -- The C compiler identification is GNU 11.4.0
[0.408s] -- The CXX compiler identification is GNU 11.4.0
[0.411s] -- Detecting C compiler ABI info
[0.564s] -- Detecting C compiler ABI info - done
[0.579s] -- Check for working C compiler: /usr/bin/cc - skipped
[0.579s] -- Detecting C compile features
[0.581s] -- Detecting C compile features - done
[0.589s] -- Detecting CXX compiler ABI info
[0.752s] -- Detecting CXX compiler ABI info - done
[0.769s] -- Check for working CXX compiler: /usr/bin/c++ - skipped
[0.771s] -- Detecting CXX compile features
[0.772s] -- Detecting CXX compile features - done
[0.775s] -- Found ament_cmake: 1.3.7 (/opt/ros/humble/share/ament_cmake/cmake)
[1.049s] -- Found Python3: /usr/bin/python3.10 (found version "3.10.12") found components: Interpreter 
[1.172s] -- Found ament_lint_auto: 0.12.10 (/opt/ros/humble/share/ament_lint_auto/cmake)
[1.304s] -- Added test 'lint_cmake' to check CMake code style
[1.306s] -- Added test 'xmllint' to check XML markup files
[1.308s] -- Configuring done
[1.312s] -- Generating done
[1.313s] -- Build files have been written to: /home/ml_nd/bumperbot_ws/build/bumperbot_localization
[1.430s] Invoked command in '/home/ml_nd/bumperbot_ws/build/bumperbot_localization' returned '0': CMAKE_PREFIX_PATH=/opt/ros/humble /usr/bin/cmake /home/ml_nd/bumperbot_ws/src/bumperbot_localization -DCMAKE_INSTALL_PREFIX=/home/ml_nd/bumperbot_ws/install/bumperbot_localization
[1.432s] Invoking command in '/home/ml_nd/bumperbot_ws/build/bumperbot_localization': CMAKE_PREFIX_PATH=/opt/ros/humble /usr/bin/cmake --build /home/ml_nd/bumperbot_ws/build/bumperbot_localization -- -j4 -l4
[1.487s] Invoked command in '/home/ml_nd/bumperbot_ws/build/bumperbot_localization' returned '0': CMAKE_PREFIX_PATH=/opt/ros/humble /usr/bin/cmake --build /home/ml_nd/bumperbot_ws/build/bumperbot_localization -- -j4 -l4
[1.523s] Invoking command in '/home/ml_nd/bumperbot_ws/build/bumperbot_localization': CMAKE_PREFIX_PATH=/opt/ros/humble /usr/bin/cmake --install /home/ml_nd/bumperbot_ws/build/bumperbot_localization
[1.531s] -- Install configuration: ""
[1.531s] -- Installing: /home/ml_nd/bumperbot_ws/install/bumperbot_localization/share/ament_index/resource_index/package_run_dependencies/bumperbot_localization
[1.532s] -- Installing: /home/ml_nd/bumperbot_ws/install/bumperbot_localization/share/ament_index/resource_index/parent_prefix_path/bumperbot_localization
[1.532s] -- Installing: /home/ml_nd/bumperbot_ws/install/bumperbot_localization/share/bumperbot_localization/environment/ament_prefix_path.sh
[1.532s] -- Installing: /home/ml_nd/bumperbot_ws/install/bumperbot_localization/share/bumperbot_localization/environment/ament_prefix_path.dsv
[1.532s] -- Installing: /home/ml_nd/bumperbot_ws/install/bumperbot_localization/share/bumperbot_localization/environment/path.sh
[1.533s] -- Installing: /home/ml_nd/bumperbot_ws/install/bumperbot_localization/share/bumperbot_localization/environment/path.dsv
[1.534s] -- Installing: /home/ml_nd/bumperbot_ws/install/bumperbot_localization/share/bumperbot_localization/local_setup.bash
[1.534s] -- Installing: /home/ml_nd/bumperbot_ws/install/bumperbot_localization/share/bumperbot_localization/local_setup.sh
[1.534s] -- Installing: /home/ml_nd/bumperbot_ws/install/bumperbot_localization/share/bumperbot_localization/local_setup.zsh
[1.534s] -- Installing: /home/ml_nd/bumperbot_ws/install/bumperbot_localization/share/bumperbot_localization/local_setup.dsv
[1.536s] -- Installing: /home/ml_nd/bumperbot_ws/install/bumperbot_localization/share/bumperbot_localization/package.dsv
[1.536s] -- Installing: /home/ml_nd/bumperbot_ws/install/bumperbot_localization/share/ament_index/resource_index/packages/bumperbot_localization
[1.536s] -- Installing: /home/ml_nd/bumperbot_ws/install/bumperbot_localization/share/bumperbot_localization/cmake/bumperbot_localizationConfig.cmake
[1.536s] -- Installing: /home/ml_nd/bumperbot_ws/install/bumperbot_localization/share/bumperbot_localization/cmake/bumperbot_localizationConfig-version.cmake
[1.536s] -- Installing: /home/ml_nd/bumperbot_ws/install/bumperbot_localization/share/bumperbot_localization/package.xml
[1.844s] Invoked command in '/home/ml_nd/bumperbot_ws/build/bumperbot_localization' returned '0': CMAKE_PREFIX_PATH=/opt/ros/humble /usr/bin/cmake --install /home/ml_nd/bumperbot_ws/build/bumperbot_localization
