[0.084s] Invoking command in '/home/ml_nd/bumperbot_ws/build/bumperbot_localization': CMAKE_PREFIX_PATH=/opt/ros/humble /usr/bin/cmake --build /home/ml_nd/bumperbot_ws/build/bumperbot_localization -- -j4 -l4
[0.123s] -- Found ament_cmake: 1.3.7 (/opt/ros/humble/share/ament_cmake/cmake)
[0.524s] -- Found rclcpp: 16.0.8 (/opt/ros/humble/share/rclcpp/cmake)
[0.595s] -- Found rosidl_generator_c: 3.1.5 (/opt/ros/humble/share/rosidl_generator_c/cmake)
[0.603s] -- Found rosidl_adapter: 3.1.5 (/opt/ros/humble/share/rosidl_adapter/cmake)
[0.626s] -- Found rosidl_generator_cpp: 3.1.5 (/opt/ros/humble/share/rosidl_generator_cpp/cmake)
[0.657s] -- Using all available rosidl_typesupport_c: rosidl_typesupport_fastrtps_c;rosidl_typesupport_introspection_c
[0.719s] -- Using all available rosidl_typesupport_cpp: rosidl_typesupport_fastrtps_cpp;rosidl_typesupport_introspection_cpp
[0.836s] -- Found rmw_implementation_cmake: 6.1.1 (/opt/ros/humble/share/rmw_implementation_cmake/cmake)
[0.839s] -- Found rmw_fastrtps_cpp: 6.2.6 (/opt/ros/humble/share/rmw_fastrtps_cpp/cmake)
[1.011s] -- Found OpenSSL: /usr/lib/x86_64-linux-gnu/libcrypto.so (found version "3.0.2")  
[1.047s] -- Found FastRTPS: /opt/ros/humble/include  
[1.150s] -- Using RMW implementation 'rmw_fastrtps_cpp' as default
[1.169s] -- Looking for pthread.h
[1.286s] -- Looking for pthread.h - found
[1.287s] -- Performing Test CMAKE_HAVE_LIBC_PTHREAD
[1.411s] -- Performing Test CMAKE_HAVE_LIBC_PTHREAD - Success
[1.417s] -- Found Threads: TRUE  
[1.765s] -- Found rclpy: 3.3.11 (/opt/ros/humble/share/rclpy/cmake)
[1.767s] -- Found nav_msgs: 4.2.3 (/opt/ros/humble/share/nav_msgs/cmake)
[2.060s] -- Found sensor_msgs: 4.2.3 (/opt/ros/humble/share/sensor_msgs/cmake)
[2.503s] -- Configuring done
[2.509s] [31mCMake Error at CMakeLists.txt:21 (add_executable):
[2.510s]   Cannot find source file:
[2.510s] 
[2.510s]     src/imu_republisher.cpp
[2.512s] 
[2.512s]   Tried extensions .c .C .c++ .cc .cpp .cxx .cu .mpp .m .M .mm .ixx .cppm .h
[2.512s]   .hh .h++ .hm .hpp .hxx .in .txx .f .F .for .f77 .f90 .f95 .f03 .hip .ispc
[2.513s] 
[2.513s] [0m
[2.513s] [31mCMake Error at CMakeLists.txt:21 (add_executable):
[2.513s]   No SOURCES given to target: imu_republisher
[2.514s] 
[2.514s] [0m
[2.515s] [0mCMake Generate step failed.  Build files cannot be regenerated correctly.[0m
[2.520s] gmake: *** [Makefile:226: cmake_check_build_system] Error 1
[2.539s] Invoked command in '/home/ml_nd/bumperbot_ws/build/bumperbot_localization' returned '2': CMAKE_PREFIX_PATH=/opt/ros/humble /usr/bin/cmake --build /home/ml_nd/bumperbot_ws/build/bumperbot_localization -- -j4 -l4
