[0.260s] Invoking command in '/home/ml_nd/bumperbot_ws/build/bumperbot_cpp_examples': CMAKE_PREFIX_PATH=${CMAKE_PREFIX_PATH}:/home/ml_nd/bumperbot_ws/install/bumperbot_py_examples:/opt/ros/humble /usr/bin/cmake --build /home/ml_nd/bumperbot_ws/build/bumperbot_cpp_examples -- -j4 -l4
[0.355s] [ 33%] Built target simple_parameter
[0.356s] [ 66%] Built target simple_publisher
[0.360s] [100%] Built target simple_subscriber
[0.658s] Invoked command in '/home/ml_nd/bumperbot_ws/build/bumperbot_cpp_examples' returned '0': CMAKE_PREFIX_PATH=${CMAKE_PREFIX_PATH}:/home/ml_nd/bumperbot_ws/install/bumperbot_py_examples:/opt/ros/humble /usr/bin/cmake --build /home/ml_nd/bumperbot_ws/build/bumperbot_cpp_examples -- -j4 -l4
[0.702s] Invoking command in '/home/ml_nd/bumperbot_ws/build/bumperbot_cpp_examples': CMAKE_PREFIX_PATH=${CMAKE_PREFIX_PATH}:/home/ml_nd/bumperbot_ws/install/bumperbot_py_examples:/opt/ros/humble /usr/bin/cmake --install /home/ml_nd/bumperbot_ws/build/bumperbot_cpp_examples
[0.713s] -- Install configuration: ""
[0.714s] -- Up-to-date: /home/ml_nd/bumperbot_ws/install/bumperbot_cpp_examples/lib/bumperbot_cpp_examples/simple_publisher
[0.721s] -- Up-to-date: /home/ml_nd/bumperbot_ws/install/bumperbot_cpp_examples/lib/bumperbot_cpp_examples/simple_subscriber
[0.721s] -- Up-to-date: /home/ml_nd/bumperbot_ws/install/bumperbot_cpp_examples/lib/bumperbot_cpp_examples/simple_parameter
[0.721s] -- Up-to-date: /home/ml_nd/bumperbot_ws/install/bumperbot_cpp_examples/share/ament_index/resource_index/package_run_dependencies/bumperbot_cpp_examples
[0.722s] -- Up-to-date: /home/ml_nd/bumperbot_ws/install/bumperbot_cpp_examples/share/ament_index/resource_index/parent_prefix_path/bumperbot_cpp_examples
[0.722s] -- Up-to-date: /home/ml_nd/bumperbot_ws/install/bumperbot_cpp_examples/share/bumperbot_cpp_examples/environment/ament_prefix_path.sh
[0.722s] -- Up-to-date: /home/ml_nd/bumperbot_ws/install/bumperbot_cpp_examples/share/bumperbot_cpp_examples/environment/ament_prefix_path.dsv
[0.722s] -- Up-to-date: /home/ml_nd/bumperbot_ws/install/bumperbot_cpp_examples/share/bumperbot_cpp_examples/environment/path.sh
[0.722s] -- Up-to-date: /home/ml_nd/bumperbot_ws/install/bumperbot_cpp_examples/share/bumperbot_cpp_examples/environment/path.dsv
[0.723s] -- Up-to-date: /home/ml_nd/bumperbot_ws/install/bumperbot_cpp_examples/share/bumperbot_cpp_examples/local_setup.bash
[0.723s] -- Up-to-date: /home/ml_nd/bumperbot_ws/install/bumperbot_cpp_examples/share/bumperbot_cpp_examples/local_setup.sh
[0.723s] -- Up-to-date: /home/ml_nd/bumperbot_ws/install/bumperbot_cpp_examples/share/bumperbot_cpp_examples/local_setup.zsh
[0.726s] -- Up-to-date: /home/ml_nd/bumperbot_ws/install/bumperbot_cpp_examples/share/bumperbot_cpp_examples/local_setup.dsv
[0.726s] -- Installing: /home/ml_nd/bumperbot_ws/install/bumperbot_cpp_examples/share/bumperbot_cpp_examples/package.dsv
[0.727s] -- Up-to-date: /home/ml_nd/bumperbot_ws/install/bumperbot_cpp_examples/share/ament_index/resource_index/packages/bumperbot_cpp_examples
[0.727s] -- Up-to-date: /home/ml_nd/bumperbot_ws/install/bumperbot_cpp_examples/share/bumperbot_cpp_examples/cmake/bumperbot_cpp_examplesConfig.cmake
[0.727s] -- Up-to-date: /home/ml_nd/bumperbot_ws/install/bumperbot_cpp_examples/share/bumperbot_cpp_examples/cmake/bumperbot_cpp_examplesConfig-version.cmake
[0.728s] -- Up-to-date: /home/ml_nd/bumperbot_ws/install/bumperbot_cpp_examples/share/bumperbot_cpp_examples/package.xml
[0.796s] Invoked command in '/home/ml_nd/bumperbot_ws/build/bumperbot_cpp_examples' returned '0': CMAKE_PREFIX_PATH=${CMAKE_PREFIX_PATH}:/home/ml_nd/bumperbot_ws/install/bumperbot_py_examples:/opt/ros/humble /usr/bin/cmake --install /home/ml_nd/bumperbot_ws/build/bumperbot_cpp_examples
