[0.166s] Invoking command in '/home/ml_nd/bumperbot_ws/build/bumperbot_msgs': CMAKE_PREFIX_PATH=/opt/ros/humble /usr/bin/cmake --build /home/ml_nd/bumperbot_ws/build/bumperbot_msgs -- -j4 -l4
[0.253s] [ 10%] Built target bumperbot_msgs__rosidl_generator_c
[0.279s] [ 10%] Built target ament_cmake_python_copy_bumperbot_msgs
[0.288s] [ 12%] Built target bumperbot_msgs__cpp
[0.296s] [ 23%] Built target bumperbot_msgs__rosidl_typesupport_introspection_c
[0.301s] [ 33%] Built target bumperbot_msgs__rosidl_typesupport_fastrtps_c
[0.353s] [ 43%] Built target bumperbot_msgs__rosidl_typesupport_c
[0.366s] [ 53%] Built target bumperbot_msgs__rosidl_typesupport_cpp
[0.376s] [ 64%] Built target bumperbot_msgs__rosidl_typesupport_fastrtps_cpp
[0.396s] [ 74%] Built target bumperbot_msgs__rosidl_typesupport_introspection_cpp
[0.420s] [ 74%] Built target bumperbot_msgs
[0.448s] [ 76%] Built target bumperbot_msgs__py
[0.477s] [ 84%] Built target bumperbot_msgs__rosidl_generator_py
[0.511s] [ 89%] Built target bumperbot_msgs__rosidl_typesupport_c__pyext
[0.512s] [ 94%] Built target bumperbot_msgs__rosidl_typesupport_fastrtps_c__pyext
[0.514s] [100%] Built target bumperbot_msgs__rosidl_typesupport_introspection_c__pyext
[0.661s] running egg_info
[0.662s] writing bumperbot_msgs.egg-info/PKG-INFO
[0.662s] writing dependency_links to bumperbot_msgs.egg-info/dependency_links.txt
[0.662s] writing top-level names to bumperbot_msgs.egg-info/top_level.txt
[0.665s] reading manifest file 'bumperbot_msgs.egg-info/SOURCES.txt'
[0.665s] writing manifest file 'bumperbot_msgs.egg-info/SOURCES.txt'
[0.691s] [100%] Built target ament_cmake_python_build_bumperbot_msgs_egg
