[0.088s] Invoking command in '/home/ml_nd/bumperbot_ws/build/bumperbot_localization': CMAKE_PREFIX_PATH=/opt/ros/humble /usr/bin/cmake --build /home/ml_nd/bumperbot_ws/build/bumperbot_localization -- -j4 -l4
[0.139s] -- Found ament_cmake: 1.3.7 (/opt/ros/humble/share/ament_cmake/cmake)
[0.646s] -- Found rclcpp: 16.0.8 (/opt/ros/humble/share/rclcpp/cmake)
[0.722s] -- Found rosidl_generator_c: 3.1.5 (/opt/ros/humble/share/rosidl_generator_c/cmake)
[0.729s] -- Found rosidl_adapter: 3.1.5 (/opt/ros/humble/share/rosidl_adapter/cmake)
[0.766s] -- Found rosidl_generator_cpp: 3.1.5 (/opt/ros/humble/share/rosidl_generator_cpp/cmake)
[0.808s] -- Using all available rosidl_typesupport_c: rosidl_typesupport_fastrtps_c;rosidl_typesupport_introspection_c
[0.859s] -- Using all available rosidl_typesupport_cpp: rosidl_typesupport_fastrtps_cpp;rosidl_typesupport_introspection_cpp
[1.059s] -- Found rmw_implementation_cmake: 6.1.1 (/opt/ros/humble/share/rmw_implementation_cmake/cmake)
[1.062s] -- Found rmw_fastrtps_cpp: 6.2.6 (/opt/ros/humble/share/rmw_fastrtps_cpp/cmake)
[1.312s] -- Using RMW implementation 'rmw_fastrtps_cpp' as default
[1.751s] -- Found rclpy: 3.3.11 (/opt/ros/humble/share/rclpy/cmake)
[1.751s] -- Found nav_msgs: 4.2.3 (/opt/ros/humble/share/nav_msgs/cmake)
[2.142s] -- Found sensor_msgs: 4.2.3 (/opt/ros/humble/share/sensor_msgs/cmake)
[2.623s] -- Configuring done
[2.647s] -- Generating done
[2.651s] -- Build files have been written to: /home/ml_nd/bumperbot_ws/build/bumperbot_localization
[2.770s] [ 25%] [32mBuilding CXX object CMakeFiles/kalman_filter.dir/src/kalman_filter.cpp.o[0m
[2.786s] [ 50%] [32mBuilding CXX object CMakeFiles/imu_republisher.dir/src/imu_republisher.cpp.o[0m
[2.868s] [ 50%] Built target ament_cmake_python_copy_bumperbot_localization
[3.861s] running egg_info
[3.862s] creating bumperbot_localization.egg-info
[3.862s] writing bumperbot_localization.egg-info/PKG-INFO
[3.863s] writing dependency_links to bumperbot_localization.egg-info/dependency_links.txt
[3.863s] writing top-level names to bumperbot_localization.egg-info/top_level.txt
[3.863s] writing manifest file 'bumperbot_localization.egg-info/SOURCES.txt'
[3.867s] reading manifest file 'bumperbot_localization.egg-info/SOURCES.txt'
[3.868s] writing manifest file 'bumperbot_localization.egg-info/SOURCES.txt'
[3.951s] [ 50%] Built target ament_cmake_python_build_bumperbot_localization_egg
[13.682s] [ 75%] [32m[1mLinking CXX executable imu_republisher[0m
[14.222s] [ 75%] Built target imu_republisher
[15.784s] [100%] [32m[1mLinking CXX executable kalman_filter[0m
[16.470s] [100%] Built target kalman_filter
[16.481s] Invoked command in '/home/ml_nd/bumperbot_ws/build/bumperbot_localization' returned '0': CMAKE_PREFIX_PATH=/opt/ros/humble /usr/bin/cmake --build /home/ml_nd/bumperbot_ws/build/bumperbot_localization -- -j4 -l4
[16.524s] Invoking command in '/home/ml_nd/bumperbot_ws/build/bumperbot_localization': CMAKE_PREFIX_PATH=/opt/ros/humble /usr/bin/cmake --install /home/ml_nd/bumperbot_ws/build/bumperbot_localization
[16.535s] -- Install configuration: ""
[16.535s] -- Installing: /home/ml_nd/bumperbot_ws/install/bumperbot_localization/share/bumperbot_localization/environment/pythonpath.sh
[16.535s] -- Installing: /home/ml_nd/bumperbot_ws/install/bumperbot_localization/share/bumperbot_localization/environment/pythonpath.dsv
[16.535s] -- Installing: /home/ml_nd/bumperbot_ws/install/bumperbot_localization/local/lib/python3.10/dist-packages/bumperbot_localization-0.0.0-py3.10.egg-info
[16.536s] -- Installing: /home/ml_nd/bumperbot_ws/install/bumperbot_localization/local/lib/python3.10/dist-packages/bumperbot_localization-0.0.0-py3.10.egg-info/SOURCES.txt
[16.536s] -- Installing: /home/ml_nd/bumperbot_ws/install/bumperbot_localization/local/lib/python3.10/dist-packages/bumperbot_localization-0.0.0-py3.10.egg-info/dependency_links.txt
[16.536s] -- Installing: /home/ml_nd/bumperbot_ws/install/bumperbot_localization/local/lib/python3.10/dist-packages/bumperbot_localization-0.0.0-py3.10.egg-info/top_level.txt
[16.536s] -- Installing: /home/ml_nd/bumperbot_ws/install/bumperbot_localization/local/lib/python3.10/dist-packages/bumperbot_localization-0.0.0-py3.10.egg-info/PKG-INFO
[16.536s] -- Installing: /home/ml_nd/bumperbot_ws/install/bumperbot_localization/local/lib/python3.10/dist-packages/bumperbot_localization
[16.537s] -- Installing: /home/ml_nd/bumperbot_ws/install/bumperbot_localization/local/lib/python3.10/dist-packages/bumperbot_localization/imu_republisher.py
[16.538s] -- Installing: /home/ml_nd/bumperbot_ws/install/bumperbot_localization/local/lib/python3.10/dist-packages/bumperbot_localization/kalman_filter.py
[16.538s] -- Installing: /home/ml_nd/bumperbot_ws/install/bumperbot_localization/local/lib/python3.10/dist-packages/bumperbot_localization/__init__.py
[16.569s] Listing '/home/ml_nd/bumperbot_ws/install/bumperbot_localization/local/lib/python3.10/dist-packages/bumperbot_localization'...
[16.569s] Compiling '/home/ml_nd/bumperbot_ws/install/bumperbot_localization/local/lib/python3.10/dist-packages/bumperbot_localization/__init__.py'...
[16.569s] Compiling '/home/ml_nd/bumperbot_ws/install/bumperbot_localization/local/lib/python3.10/dist-packages/bumperbot_localization/imu_republisher.py'...
[16.570s] Compiling '/home/ml_nd/bumperbot_ws/install/bumperbot_localization/local/lib/python3.10/dist-packages/bumperbot_localization/kalman_filter.py'...
[16.575s] -- Installing: /home/ml_nd/bumperbot_ws/install/bumperbot_localization/include/include
[16.576s] -- Installing: /home/ml_nd/bumperbot_ws/install/bumperbot_localization/include/include/bumperbot_localization
[16.576s] -- Installing: /home/ml_nd/bumperbot_ws/install/bumperbot_localization/include/include/bumperbot_localization/kalman_filter.hpp
[16.576s] -- Installing: /home/ml_nd/bumperbot_ws/install/bumperbot_localization/lib/bumperbot_localization/kalman_filter
[16.581s] -- Set runtime path of "/home/ml_nd/bumperbot_ws/install/bumperbot_localization/lib/bumperbot_localization/kalman_filter" to ""
[16.581s] -- Installing: /home/ml_nd/bumperbot_ws/install/bumperbot_localization/lib/bumperbot_localization/imu_republisher
[16.585s] -- Set runtime path of "/home/ml_nd/bumperbot_ws/install/bumperbot_localization/lib/bumperbot_localization/imu_republisher" to ""
[16.585s] [31mCMake Error at cmake_install.cmake:114 (file):
[16.585s]   file INSTALL cannot find
[16.585s]   "/home/ml_nd/bumperbot_ws/src/bumperbot_localization/launch": No such file
[16.585s]   or directory.
[16.586s] 
[16.586s] [0m
[16.587s] Invoked command in '/home/ml_nd/bumperbot_ws/build/bumperbot_localization' returned '1': CMAKE_PREFIX_PATH=/opt/ros/humble /usr/bin/cmake --install /home/ml_nd/bumperbot_ws/build/bumperbot_localization
