[0.132s] Invoking command in '/home/ml_nd/bumperbot_ws/build/bumperbot_description': CMAKE_PREFIX_PATH=/opt/ros/humble /usr/bin/cmake --build /home/ml_nd/bumperbot_ws/build/bumperbot_description -- -j4 -l4
[0.162s] -- Found ament_cmake: 1.3.7 (/opt/ros/humble/share/ament_cmake/cmake)
[0.333s] -- Found urdf: 2.6.0 (/opt/ros/humble/share/urdf/cmake)
[0.400s] -- Found ament_lint_auto: 0.12.10 (/opt/ros/humble/share/ament_lint_auto/cmake)
[0.474s] -- Added test 'copyright' to check source files copyright and LICENSE
[0.478s] -- Added test 'lint_cmake' to check CMake code style
[0.480s] -- Added test 'xmllint' to check XML markup files
[0.481s] -- Configuring done
[0.485s] -- Generating done
[0.486s] -- Build files have been written to: /home/ml_nd/bumperbot_ws/build/bumperbot_description
[0.536s] Invoked command in '/home/ml_nd/bumperbot_ws/build/bumperbot_description' returned '0': CMAKE_PREFIX_PATH=/opt/ros/humble /usr/bin/cmake --build /home/ml_nd/bumperbot_ws/build/bumperbot_description -- -j4 -l4
[0.574s] Invoking command in '/home/ml_nd/bumperbot_ws/build/bumperbot_description': CMAKE_PREFIX_PATH=/opt/ros/humble /usr/bin/cmake --install /home/ml_nd/bumperbot_ws/build/bumperbot_description
[0.585s] -- Install configuration: ""
[0.586s] [31mCMake Error at cmake_install.cmake:46 (file):
[0.586s]   file INSTALL cannot find
[0.586s]   "/home/ml_nd/bumperbot_ws/src/bumperbot_description/launch": No such file
[0.586s]   or directory.
[0.586s] 
[0.586s] [0m
[0.590s] Invoked command in '/home/ml_nd/bumperbot_ws/build/bumperbot_description' returned '1': CMAKE_PREFIX_PATH=/opt/ros/humble /usr/bin/cmake --install /home/ml_nd/bumperbot_ws/build/bumperbot_description
