[1.052s] DEBUG:colcon:Command line arguments: ['/home/ml_nd/.local/bin/colcon', 'build']
[1.053s] DEBUG:colcon:Parsed command line arguments: Namespace(log_base=None, log_level=None, verb_name='build', build_base='build', install_base='install', merge_install=False, symlink_install=False, test_result_base=None, continue_on_error=False, executor='parallel', parallel_workers=4, event_handlers=None, ignore_user_meta=False, metas=['./colcon.meta'], base_paths=['.'], packages_ignore=None, packages_ignore_regex=None, paths=None, packages_up_to=None, packages_up_to_regex=None, packages_above=None, packages_above_and_dependencies=None, packages_above_depth=None, packages_select_by_dep=None, packages_skip_by_dep=None, packages_skip_up_to=None, packages_select_build_failed=False, packages_skip_build_finished=False, packages_select_test_failures=False, packages_skip_test_passed=False, packages_select=None, packages_skip=None, packages_select_regex=None, packages_skip_regex=None, packages_start=None, packages_end=None, allow_overriding=[], cmake_args=None, cmake_target=None, cmake_target_skip_unavailable=False, cmake_clean_cache=False, cmake_clean_first=False, cmake_force_configure=False, ament_cmake_args=None, catkin_cmake_args=None, catkin_skip_building_tests=False, verb_parser=<colcon_defaults.argument_parser.defaults.DefaultArgumentsDecorator object at 0x7fbad402d840>, verb_extension=<colcon_core.verb.build.BuildVerb object at 0x7fbad402ca90>, main=<bound method BuildVerb.main of <colcon_core.verb.build.BuildVerb object at 0x7fbad402ca90>>)
[1.101s] Level 1:colcon.colcon_core.package_discovery:discover_packages(colcon_meta) check parameters
[1.102s] Level 1:colcon.colcon_core.package_discovery:discover_packages(recursive) check parameters
[1.102s] Level 1:colcon.colcon_core.package_discovery:discover_packages(ignore) check parameters
[1.102s] Level 1:colcon.colcon_core.package_discovery:discover_packages(path) check parameters
[1.102s] Level 1:colcon.colcon_core.package_discovery:discover_packages(colcon_meta) discover
[1.102s] Level 1:colcon.colcon_core.package_discovery:discover_packages(recursive) discover
[1.102s] INFO:colcon.colcon_core.package_discovery:Crawling recursively for packages in '/home/ml_nd/bumperbot_ws'
[1.102s] Level 1:colcon.colcon_core.package_identification:_identify(.) by extensions ['ignore', 'ignore_ament_install']
[1.102s] Level 1:colcon.colcon_core.package_identification:_identify(.) by extension 'ignore'
[1.102s] Level 1:colcon.colcon_core.package_identification:_identify(.) by extension 'ignore_ament_install'
[1.102s] Level 1:colcon.colcon_core.package_identification:_identify(.) by extensions ['colcon_pkg']
[1.102s] Level 1:colcon.colcon_core.package_identification:_identify(.) by extension 'colcon_pkg'
[1.102s] Level 1:colcon.colcon_core.package_identification:_identify(.) by extensions ['colcon_meta']
[1.102s] Level 1:colcon.colcon_core.package_identification:_identify(.) by extension 'colcon_meta'
[1.102s] Level 1:colcon.colcon_core.package_identification:_identify(.) by extensions ['ros']
[1.102s] Level 1:colcon.colcon_core.package_identification:_identify(.) by extension 'ros'
[1.114s] Level 1:colcon.colcon_core.package_identification:_identify(.) by extensions ['cmake', 'python']
[1.114s] Level 1:colcon.colcon_core.package_identification:_identify(.) by extension 'cmake'
[1.114s] Level 1:colcon.colcon_core.package_identification:_identify(.) by extension 'python'
[1.114s] Level 1:colcon.colcon_core.package_identification:_identify(.) by extensions ['python_setup_py']
[1.114s] Level 1:colcon.colcon_core.package_identification:_identify(.) by extension 'python_setup_py'
[1.115s] Level 1:colcon.colcon_core.package_identification:_identify(build) by extensions ['ignore', 'ignore_ament_install']
[1.115s] Level 1:colcon.colcon_core.package_identification:_identify(build) by extension 'ignore'
[1.115s] Level 1:colcon.colcon_core.package_identification:_identify(build) ignored
[1.115s] Level 1:colcon.colcon_core.package_identification:_identify(install) by extensions ['ignore', 'ignore_ament_install']
[1.115s] Level 1:colcon.colcon_core.package_identification:_identify(install) by extension 'ignore'
[1.115s] Level 1:colcon.colcon_core.package_identification:_identify(install) ignored
[1.115s] Level 1:colcon.colcon_core.package_identification:_identify(log) by extensions ['ignore', 'ignore_ament_install']
[1.116s] Level 1:colcon.colcon_core.package_identification:_identify(log) by extension 'ignore'
[1.116s] Level 1:colcon.colcon_core.package_identification:_identify(log) ignored
[1.116s] Level 1:colcon.colcon_core.package_identification:_identify(src) by extensions ['ignore', 'ignore_ament_install']
[1.116s] Level 1:colcon.colcon_core.package_identification:_identify(src) by extension 'ignore'
[1.116s] Level 1:colcon.colcon_core.package_identification:_identify(src) by extension 'ignore_ament_install'
[1.116s] Level 1:colcon.colcon_core.package_identification:_identify(src) by extensions ['colcon_pkg']
[1.116s] Level 1:colcon.colcon_core.package_identification:_identify(src) by extension 'colcon_pkg'
[1.116s] Level 1:colcon.colcon_core.package_identification:_identify(src) by extensions ['colcon_meta']
[1.116s] Level 1:colcon.colcon_core.package_identification:_identify(src) by extension 'colcon_meta'
[1.116s] Level 1:colcon.colcon_core.package_identification:_identify(src) by extensions ['ros']
[1.116s] Level 1:colcon.colcon_core.package_identification:_identify(src) by extension 'ros'
[1.116s] Level 1:colcon.colcon_core.package_identification:_identify(src) by extensions ['cmake', 'python']
[1.116s] Level 1:colcon.colcon_core.package_identification:_identify(src) by extension 'cmake'
[1.116s] Level 1:colcon.colcon_core.package_identification:_identify(src) by extension 'python'
[1.117s] Level 1:colcon.colcon_core.package_identification:_identify(src) by extensions ['python_setup_py']
[1.117s] Level 1:colcon.colcon_core.package_identification:_identify(src) by extension 'python_setup_py'
[1.117s] Level 1:colcon.colcon_core.package_identification:_identify(src/bumperbot_cpp_examples) by extensions ['ignore', 'ignore_ament_install']
[1.117s] Level 1:colcon.colcon_core.package_identification:_identify(src/bumperbot_cpp_examples) by extension 'ignore'
[1.117s] Level 1:colcon.colcon_core.package_identification:_identify(src/bumperbot_cpp_examples) by extension 'ignore_ament_install'
[1.117s] Level 1:colcon.colcon_core.package_identification:_identify(src/bumperbot_cpp_examples) by extensions ['colcon_pkg']
[1.117s] Level 1:colcon.colcon_core.package_identification:_identify(src/bumperbot_cpp_examples) by extension 'colcon_pkg'
[1.117s] Level 1:colcon.colcon_core.package_identification:_identify(src/bumperbot_cpp_examples) by extensions ['colcon_meta']
[1.117s] Level 1:colcon.colcon_core.package_identification:_identify(src/bumperbot_cpp_examples) by extension 'colcon_meta'
[1.117s] Level 1:colcon.colcon_core.package_identification:_identify(src/bumperbot_cpp_examples) by extensions ['ros']
[1.117s] Level 1:colcon.colcon_core.package_identification:_identify(src/bumperbot_cpp_examples) by extension 'ros'
[1.121s] DEBUG:colcon.colcon_core.package_identification:Package 'src/bumperbot_cpp_examples' with type 'ros.ament_cmake' and name 'bumperbot_cpp_examples'
[1.121s] Level 1:colcon.colcon_core.package_identification:_identify(src/bumperbot_description) by extensions ['ignore', 'ignore_ament_install']
[1.121s] Level 1:colcon.colcon_core.package_identification:_identify(src/bumperbot_description) by extension 'ignore'
[1.121s] Level 1:colcon.colcon_core.package_identification:_identify(src/bumperbot_description) by extension 'ignore_ament_install'
[1.121s] Level 1:colcon.colcon_core.package_identification:_identify(src/bumperbot_description) by extensions ['colcon_pkg']
[1.122s] Level 1:colcon.colcon_core.package_identification:_identify(src/bumperbot_description) by extension 'colcon_pkg'
[1.122s] Level 1:colcon.colcon_core.package_identification:_identify(src/bumperbot_description) by extensions ['colcon_meta']
[1.122s] Level 1:colcon.colcon_core.package_identification:_identify(src/bumperbot_description) by extension 'colcon_meta'
[1.122s] Level 1:colcon.colcon_core.package_identification:_identify(src/bumperbot_description) by extensions ['ros']
[1.122s] Level 1:colcon.colcon_core.package_identification:_identify(src/bumperbot_description) by extension 'ros'
[1.122s] DEBUG:colcon.colcon_core.package_identification:Package 'src/bumperbot_description' with type 'ros.ament_cmake' and name 'bumperbot_description'
[1.123s] Level 1:colcon.colcon_core.package_identification:_identify(src/bumperbot_py_examples) by extensions ['ignore', 'ignore_ament_install']
[1.123s] Level 1:colcon.colcon_core.package_identification:_identify(src/bumperbot_py_examples) by extension 'ignore'
[1.123s] Level 1:colcon.colcon_core.package_identification:_identify(src/bumperbot_py_examples) by extension 'ignore_ament_install'
[1.123s] Level 1:colcon.colcon_core.package_identification:_identify(src/bumperbot_py_examples) by extensions ['colcon_pkg']
[1.123s] Level 1:colcon.colcon_core.package_identification:_identify(src/bumperbot_py_examples) by extension 'colcon_pkg'
[1.123s] Level 1:colcon.colcon_core.package_identification:_identify(src/bumperbot_py_examples) by extensions ['colcon_meta']
[1.123s] Level 1:colcon.colcon_core.package_identification:_identify(src/bumperbot_py_examples) by extension 'colcon_meta'
[1.123s] Level 1:colcon.colcon_core.package_identification:_identify(src/bumperbot_py_examples) by extensions ['ros']
[1.123s] Level 1:colcon.colcon_core.package_identification:_identify(src/bumperbot_py_examples) by extension 'ros'
[1.124s] DEBUG:colcon.colcon_core.package_identification:Package 'src/bumperbot_py_examples' with type 'ros.ament_python' and name 'bumperbot_py_examples'
[1.124s] Level 1:colcon.colcon_core.package_discovery:discover_packages(recursive) using defaults
[1.124s] Level 1:colcon.colcon_core.package_discovery:discover_packages(ignore) discover
[1.124s] Level 1:colcon.colcon_core.package_discovery:discover_packages(ignore) using defaults
[1.124s] Level 1:colcon.colcon_core.package_discovery:discover_packages(path) discover
[1.124s] Level 1:colcon.colcon_core.package_discovery:discover_packages(path) using defaults
[1.225s] Level 1:colcon.colcon_core.package_discovery:discover_packages(prefix_path) check parameters
[1.225s] Level 1:colcon.colcon_core.package_discovery:discover_packages(prefix_path) discover
[1.267s] DEBUG:colcon.colcon_installed_package_information.package_discovery:Found 327 installed packages in /opt/ros/humble
[1.271s] Level 1:colcon.colcon_core.package_discovery:discover_packages(prefix_path) using defaults
[1.382s] Level 5:colcon.colcon_core.verb:set package 'bumperbot_cpp_examples' build argument 'cmake_args' from command line to 'None'
[1.382s] Level 5:colcon.colcon_core.verb:set package 'bumperbot_cpp_examples' build argument 'cmake_target' from command line to 'None'
[1.382s] Level 5:colcon.colcon_core.verb:set package 'bumperbot_cpp_examples' build argument 'cmake_target_skip_unavailable' from command line to 'False'
[1.382s] Level 5:colcon.colcon_core.verb:set package 'bumperbot_cpp_examples' build argument 'cmake_clean_cache' from command line to 'False'
[1.382s] Level 5:colcon.colcon_core.verb:set package 'bumperbot_cpp_examples' build argument 'cmake_clean_first' from command line to 'False'
[1.382s] Level 5:colcon.colcon_core.verb:set package 'bumperbot_cpp_examples' build argument 'cmake_force_configure' from command line to 'False'
[1.382s] Level 5:colcon.colcon_core.verb:set package 'bumperbot_cpp_examples' build argument 'ament_cmake_args' from command line to 'None'
[1.382s] Level 5:colcon.colcon_core.verb:set package 'bumperbot_cpp_examples' build argument 'catkin_cmake_args' from command line to 'None'
[1.382s] Level 5:colcon.colcon_core.verb:set package 'bumperbot_cpp_examples' build argument 'catkin_skip_building_tests' from command line to 'False'
[1.382s] DEBUG:colcon.colcon_core.verb:Building package 'bumperbot_cpp_examples' with the following arguments: {'ament_cmake_args': None, 'build_base': '/home/ml_nd/bumperbot_ws/build/bumperbot_cpp_examples', 'catkin_cmake_args': None, 'catkin_skip_building_tests': False, 'cmake_args': None, 'cmake_clean_cache': False, 'cmake_clean_first': False, 'cmake_force_configure': False, 'cmake_target': None, 'cmake_target_skip_unavailable': False, 'install_base': '/home/ml_nd/bumperbot_ws/install/bumperbot_cpp_examples', 'merge_install': False, 'path': '/home/ml_nd/bumperbot_ws/src/bumperbot_cpp_examples', 'symlink_install': False, 'test_result_base': None}
[1.398s] Level 5:colcon.colcon_core.verb:set package 'bumperbot_description' build argument 'cmake_args' from command line to 'None'
[1.398s] Level 5:colcon.colcon_core.verb:set package 'bumperbot_description' build argument 'cmake_target' from command line to 'None'
[1.398s] Level 5:colcon.colcon_core.verb:set package 'bumperbot_description' build argument 'cmake_target_skip_unavailable' from command line to 'False'
[1.398s] Level 5:colcon.colcon_core.verb:set package 'bumperbot_description' build argument 'cmake_clean_cache' from command line to 'False'
[1.398s] Level 5:colcon.colcon_core.verb:set package 'bumperbot_description' build argument 'cmake_clean_first' from command line to 'False'
[1.398s] Level 5:colcon.colcon_core.verb:set package 'bumperbot_description' build argument 'cmake_force_configure' from command line to 'False'
[1.398s] Level 5:colcon.colcon_core.verb:set package 'bumperbot_description' build argument 'ament_cmake_args' from command line to 'None'
[1.398s] Level 5:colcon.colcon_core.verb:set package 'bumperbot_description' build argument 'catkin_cmake_args' from command line to 'None'
[1.398s] Level 5:colcon.colcon_core.verb:set package 'bumperbot_description' build argument 'catkin_skip_building_tests' from command line to 'False'
[1.398s] DEBUG:colcon.colcon_core.verb:Building package 'bumperbot_description' with the following arguments: {'ament_cmake_args': None, 'build_base': '/home/ml_nd/bumperbot_ws/build/bumperbot_description', 'catkin_cmake_args': None, 'catkin_skip_building_tests': False, 'cmake_args': None, 'cmake_clean_cache': False, 'cmake_clean_first': False, 'cmake_force_configure': False, 'cmake_target': None, 'cmake_target_skip_unavailable': False, 'install_base': '/home/ml_nd/bumperbot_ws/install/bumperbot_description', 'merge_install': False, 'path': '/home/ml_nd/bumperbot_ws/src/bumperbot_description', 'symlink_install': False, 'test_result_base': None}
[1.414s] Level 5:colcon.colcon_core.verb:set package 'bumperbot_py_examples' build argument 'cmake_args' from command line to 'None'
[1.415s] Level 5:colcon.colcon_core.verb:set package 'bumperbot_py_examples' build argument 'cmake_target' from command line to 'None'
[1.415s] Level 5:colcon.colcon_core.verb:set package 'bumperbot_py_examples' build argument 'cmake_target_skip_unavailable' from command line to 'False'
[1.415s] Level 5:colcon.colcon_core.verb:set package 'bumperbot_py_examples' build argument 'cmake_clean_cache' from command line to 'False'
[1.415s] Level 5:colcon.colcon_core.verb:set package 'bumperbot_py_examples' build argument 'cmake_clean_first' from command line to 'False'
[1.415s] Level 5:colcon.colcon_core.verb:set package 'bumperbot_py_examples' build argument 'cmake_force_configure' from command line to 'False'
[1.415s] Level 5:colcon.colcon_core.verb:set package 'bumperbot_py_examples' build argument 'ament_cmake_args' from command line to 'None'
[1.415s] Level 5:colcon.colcon_core.verb:set package 'bumperbot_py_examples' build argument 'catkin_cmake_args' from command line to 'None'
[1.415s] Level 5:colcon.colcon_core.verb:set package 'bumperbot_py_examples' build argument 'catkin_skip_building_tests' from command line to 'False'
[1.415s] DEBUG:colcon.colcon_core.verb:Building package 'bumperbot_py_examples' with the following arguments: {'ament_cmake_args': None, 'build_base': '/home/ml_nd/bumperbot_ws/build/bumperbot_py_examples', 'catkin_cmake_args': None, 'catkin_skip_building_tests': False, 'cmake_args': None, 'cmake_clean_cache': False, 'cmake_clean_first': False, 'cmake_force_configure': False, 'cmake_target': None, 'cmake_target_skip_unavailable': False, 'install_base': '/home/ml_nd/bumperbot_ws/install/bumperbot_py_examples', 'merge_install': False, 'path': '/home/ml_nd/bumperbot_ws/src/bumperbot_py_examples', 'symlink_install': False, 'test_result_base': None}
[1.430s] INFO:colcon.colcon_core.executor:Executing jobs using 'parallel' executor
[1.446s] DEBUG:colcon.colcon_parallel_executor.executor.parallel:run_until_complete
[1.446s] INFO:colcon.colcon_ros.task.ament_cmake.build:Building ROS package in '/home/ml_nd/bumperbot_ws/src/bumperbot_cpp_examples' with build type 'ament_cmake'
[1.446s] INFO:colcon.colcon_cmake.task.cmake.build:Building CMake package in '/home/ml_nd/bumperbot_ws/src/bumperbot_cpp_examples'
[1.464s] INFO:colcon.colcon_core.plugin_system:Skipping extension 'colcon_core.shell.bat': Not used on non-Windows systems
[1.464s] INFO:colcon.colcon_core.shell:Skip shell extension 'powershell' for command environment: Not usable outside of PowerShell
[1.464s] DEBUG:colcon.colcon_core.shell:Skip shell extension 'dsv' for command environment
[1.499s] INFO:colcon.colcon_ros.task.ament_cmake.build:Building ROS package in '/home/ml_nd/bumperbot_ws/src/bumperbot_description' with build type 'ament_cmake'
[1.499s] INFO:colcon.colcon_cmake.task.cmake.build:Building CMake package in '/home/ml_nd/bumperbot_ws/src/bumperbot_description'
[1.517s] INFO:colcon.colcon_core.shell:Skip shell extension 'powershell' for command environment: Not usable outside of PowerShell
[1.517s] DEBUG:colcon.colcon_core.shell:Skip shell extension 'dsv' for command environment
[1.553s] INFO:colcon.colcon_ros.task.ament_python.build:Building ROS package in '/home/ml_nd/bumperbot_ws/src/bumperbot_py_examples' with build type 'ament_python'
[1.553s] Level 1:colcon.colcon_core.shell:create_environment_hook('bumperbot_py_examples', 'ament_prefix_path')
[1.571s] INFO:colcon.colcon_core.shell:Creating environment hook '/home/ml_nd/bumperbot_ws/install/bumperbot_py_examples/share/bumperbot_py_examples/hook/ament_prefix_path.ps1'
[1.571s] INFO:colcon.colcon_core.shell:Creating environment descriptor '/home/ml_nd/bumperbot_ws/install/bumperbot_py_examples/share/bumperbot_py_examples/hook/ament_prefix_path.dsv'
[1.572s] INFO:colcon.colcon_core.shell:Creating environment hook '/home/ml_nd/bumperbot_ws/install/bumperbot_py_examples/share/bumperbot_py_examples/hook/ament_prefix_path.sh'
[1.589s] INFO:colcon.colcon_core.shell:Skip shell extension 'powershell' for command environment: Not usable outside of PowerShell
[1.589s] DEBUG:colcon.colcon_core.shell:Skip shell extension 'dsv' for command environment
[1.628s] DEBUG:colcon.colcon_core.event_handler.log_command:Invoking command in '/home/ml_nd/bumperbot_ws/build/bumperbot_cpp_examples': CMAKE_PREFIX_PATH=/opt/ros/humble /usr/bin/cmake --build /home/ml_nd/bumperbot_ws/build/bumperbot_cpp_examples -- -j4 -l4
[1.633s] DEBUG:colcon.colcon_core.event_handler.log_command:Invoking command in '/home/ml_nd/bumperbot_ws/build/bumperbot_description': CMAKE_PREFIX_PATH=/opt/ros/humble /usr/bin/cmake --build /home/ml_nd/bumperbot_ws/build/bumperbot_description -- -j4 -l4
[2.009s] INFO:colcon.colcon_core.task.python.build:Building Python package in '/home/ml_nd/bumperbot_ws/src/bumperbot_py_examples'
[2.027s] INFO:colcon.colcon_core.shell:Skip shell extension 'powershell' for command environment: Not usable outside of PowerShell
[2.027s] DEBUG:colcon.colcon_core.shell:Skip shell extension 'dsv' for command environment
[2.063s] DEBUG:colcon.colcon_core.event_handler.log_command:Invoked command in '/home/ml_nd/bumperbot_ws/build/bumperbot_description' returned '0': CMAKE_PREFIX_PATH=/opt/ros/humble /usr/bin/cmake --build /home/ml_nd/bumperbot_ws/build/bumperbot_description -- -j4 -l4
[2.109s] DEBUG:colcon.colcon_core.event_handler.log_command:Invoking command in '/home/ml_nd/bumperbot_ws/build/bumperbot_description': CMAKE_PREFIX_PATH=/opt/ros/humble /usr/bin/cmake --install /home/ml_nd/bumperbot_ws/build/bumperbot_description
[2.124s] Level 1:colcon.colcon_core.environment:create_environment_scripts_only(bumperbot_description)
[2.132s] DEBUG:colcon.colcon_core.event_handler.log_command:Invoked command in '/home/ml_nd/bumperbot_ws/build/bumperbot_description' returned '0': CMAKE_PREFIX_PATH=/opt/ros/humble /usr/bin/cmake --install /home/ml_nd/bumperbot_ws/build/bumperbot_description
[2.147s] Level 1:colcon.colcon_core.environment:checking '/home/ml_nd/bumperbot_ws/install/bumperbot_description' for CMake module files
[2.147s] Level 1:colcon.colcon_core.environment:checking '/home/ml_nd/bumperbot_ws/install/bumperbot_description' for CMake config files
[2.148s] Level 1:colcon.colcon_core.shell:create_environment_hook('bumperbot_description', 'cmake_prefix_path')
[2.167s] INFO:colcon.colcon_core.shell:Creating environment hook '/home/ml_nd/bumperbot_ws/install/bumperbot_description/share/bumperbot_description/hook/cmake_prefix_path.ps1'
[2.167s] INFO:colcon.colcon_core.shell:Creating environment descriptor '/home/ml_nd/bumperbot_ws/install/bumperbot_description/share/bumperbot_description/hook/cmake_prefix_path.dsv'
[2.168s] INFO:colcon.colcon_core.shell:Creating environment hook '/home/ml_nd/bumperbot_ws/install/bumperbot_description/share/bumperbot_description/hook/cmake_prefix_path.sh'
[2.169s] Level 1:colcon.colcon_core.environment:checking '/home/ml_nd/bumperbot_ws/install/bumperbot_description/bin'
[2.169s] Level 1:colcon.colcon_core.environment:checking '/home/ml_nd/bumperbot_ws/install/bumperbot_description/lib/pkgconfig/bumperbot_description.pc'
[2.169s] Level 1:colcon.colcon_core.environment:checking '/home/ml_nd/bumperbot_ws/install/bumperbot_description/lib/python3.10/site-packages'
[2.169s] Level 1:colcon.colcon_core.environment:checking '/home/ml_nd/bumperbot_ws/install/bumperbot_description/bin'
[2.189s] INFO:colcon.colcon_core.shell:Creating package script '/home/ml_nd/bumperbot_ws/install/bumperbot_description/share/bumperbot_description/package.ps1'
[2.190s] INFO:colcon.colcon_core.shell:Creating package descriptor '/home/ml_nd/bumperbot_ws/install/bumperbot_description/share/bumperbot_description/package.dsv'
[2.191s] INFO:colcon.colcon_core.shell:Creating package script '/home/ml_nd/bumperbot_ws/install/bumperbot_description/share/bumperbot_description/package.sh'
[2.192s] INFO:colcon.colcon_core.shell:Creating package script '/home/ml_nd/bumperbot_ws/install/bumperbot_description/share/bumperbot_description/package.bash'
[2.193s] INFO:colcon.colcon_core.shell:Creating package script '/home/ml_nd/bumperbot_ws/install/bumperbot_description/share/bumperbot_description/package.zsh'
[2.194s] Level 1:colcon.colcon_core.environment:create_file_with_runtime_dependencies(/home/ml_nd/bumperbot_ws/install/bumperbot_description/share/colcon-core/packages/bumperbot_description)
[2.236s] Level 1:colcon.colcon_core.environment:create_environment_scripts_only(bumperbot_description)
[2.254s] Level 1:colcon.colcon_core.environment:checking '/home/ml_nd/bumperbot_ws/install/bumperbot_description' for CMake module files
[2.254s] Level 1:colcon.colcon_core.environment:checking '/home/ml_nd/bumperbot_ws/install/bumperbot_description' for CMake config files
[2.255s] Level 1:colcon.colcon_core.shell:create_environment_hook('bumperbot_description', 'cmake_prefix_path')
[2.285s] INFO:colcon.colcon_core.shell:Creating environment hook '/home/ml_nd/bumperbot_ws/install/bumperbot_description/share/bumperbot_description/hook/cmake_prefix_path.ps1'
[2.285s] INFO:colcon.colcon_core.shell:Creating environment descriptor '/home/ml_nd/bumperbot_ws/install/bumperbot_description/share/bumperbot_description/hook/cmake_prefix_path.dsv'
[2.286s] INFO:colcon.colcon_core.shell:Creating environment hook '/home/ml_nd/bumperbot_ws/install/bumperbot_description/share/bumperbot_description/hook/cmake_prefix_path.sh'
[2.286s] Level 1:colcon.colcon_core.environment:checking '/home/ml_nd/bumperbot_ws/install/bumperbot_description/bin'
[2.287s] Level 1:colcon.colcon_core.environment:checking '/home/ml_nd/bumperbot_ws/install/bumperbot_description/lib/pkgconfig/bumperbot_description.pc'
[2.287s] Level 1:colcon.colcon_core.environment:checking '/home/ml_nd/bumperbot_ws/install/bumperbot_description/lib/python3.10/site-packages'
[2.287s] Level 1:colcon.colcon_core.environment:checking '/home/ml_nd/bumperbot_ws/install/bumperbot_description/bin'
[2.316s] INFO:colcon.colcon_core.shell:Creating package script '/home/ml_nd/bumperbot_ws/install/bumperbot_description/share/bumperbot_description/package.ps1'
[2.317s] INFO:colcon.colcon_core.shell:Creating package descriptor '/home/ml_nd/bumperbot_ws/install/bumperbot_description/share/bumperbot_description/package.dsv'
[2.318s] INFO:colcon.colcon_core.shell:Creating package script '/home/ml_nd/bumperbot_ws/install/bumperbot_description/share/bumperbot_description/package.sh'
[2.318s] INFO:colcon.colcon_core.shell:Creating package script '/home/ml_nd/bumperbot_ws/install/bumperbot_description/share/bumperbot_description/package.bash'
[2.319s] INFO:colcon.colcon_core.shell:Creating package script '/home/ml_nd/bumperbot_ws/install/bumperbot_description/share/bumperbot_description/package.zsh'
[2.319s] Level 1:colcon.colcon_core.environment:create_file_with_runtime_dependencies(/home/ml_nd/bumperbot_ws/install/bumperbot_description/share/colcon-core/packages/bumperbot_description)
[2.660s] DEBUG:colcon.colcon_core.event_handler.log_command:Invoked command in '/home/ml_nd/bumperbot_ws/build/bumperbot_cpp_examples' returned '0': CMAKE_PREFIX_PATH=/opt/ros/humble /usr/bin/cmake --build /home/ml_nd/bumperbot_ws/build/bumperbot_cpp_examples -- -j4 -l4
[2.723s] DEBUG:colcon.colcon_core.event_handler.log_command:Invoking command in '/home/ml_nd/bumperbot_ws/build/bumperbot_cpp_examples': CMAKE_PREFIX_PATH=/opt/ros/humble /usr/bin/cmake --install /home/ml_nd/bumperbot_ws/build/bumperbot_cpp_examples
[2.768s] DEBUG:colcon.colcon_core.event_handler.log_command:Invoking command in '/home/ml_nd/bumperbot_ws/src/bumperbot_py_examples': PYTHONPATH=/home/ml_nd/bumperbot_ws/build/bumperbot_py_examples/prefix_override:/home/ml_nd/bumperbot_ws/install/bumperbot_py_examples/lib/python3.10/site-packages:${PYTHONPATH} /usr/bin/python3 setup.py egg_info --egg-base ../../build/bumperbot_py_examples build --build-base /home/ml_nd/bumperbot_ws/build/bumperbot_py_examples/build install --record /home/ml_nd/bumperbot_ws/build/bumperbot_py_examples/install.log --single-version-externally-managed
[2.773s] Level 1:colcon.colcon_core.environment:create_environment_scripts_only(bumperbot_cpp_examples)
[2.776s] DEBUG:colcon.colcon_core.event_handler.log_command:Invoked command in '/home/ml_nd/bumperbot_ws/build/bumperbot_cpp_examples' returned '0': CMAKE_PREFIX_PATH=/opt/ros/humble /usr/bin/cmake --install /home/ml_nd/bumperbot_ws/build/bumperbot_cpp_examples
[2.834s] Level 1:colcon.colcon_core.environment:checking '/home/ml_nd/bumperbot_ws/install/bumperbot_cpp_examples' for CMake module files
[2.834s] Level 1:colcon.colcon_core.environment:checking '/home/ml_nd/bumperbot_ws/install/bumperbot_cpp_examples' for CMake config files
[2.835s] Level 1:colcon.colcon_core.shell:create_environment_hook('bumperbot_cpp_examples', 'cmake_prefix_path')
[2.864s] INFO:colcon.colcon_core.shell:Creating environment hook '/home/ml_nd/bumperbot_ws/install/bumperbot_cpp_examples/share/bumperbot_cpp_examples/hook/cmake_prefix_path.ps1'
[2.865s] INFO:colcon.colcon_core.shell:Creating environment descriptor '/home/ml_nd/bumperbot_ws/install/bumperbot_cpp_examples/share/bumperbot_cpp_examples/hook/cmake_prefix_path.dsv'
[2.865s] INFO:colcon.colcon_core.shell:Creating environment hook '/home/ml_nd/bumperbot_ws/install/bumperbot_cpp_examples/share/bumperbot_cpp_examples/hook/cmake_prefix_path.sh'
[2.866s] Level 1:colcon.colcon_core.environment:checking '/home/ml_nd/bumperbot_ws/install/bumperbot_cpp_examples/lib'
[2.866s] Level 1:colcon.colcon_core.environment:checking '/home/ml_nd/bumperbot_ws/install/bumperbot_cpp_examples/bin'
[2.867s] Level 1:colcon.colcon_core.environment:checking '/home/ml_nd/bumperbot_ws/install/bumperbot_cpp_examples/lib/pkgconfig/bumperbot_cpp_examples.pc'
[2.867s] Level 1:colcon.colcon_core.environment:checking '/home/ml_nd/bumperbot_ws/install/bumperbot_cpp_examples/lib/python3.10/site-packages'
[2.868s] Level 1:colcon.colcon_core.environment:checking '/home/ml_nd/bumperbot_ws/install/bumperbot_cpp_examples/bin'
[2.905s] INFO:colcon.colcon_core.shell:Creating package script '/home/ml_nd/bumperbot_ws/install/bumperbot_cpp_examples/share/bumperbot_cpp_examples/package.ps1'
[2.906s] INFO:colcon.colcon_core.shell:Creating package descriptor '/home/ml_nd/bumperbot_ws/install/bumperbot_cpp_examples/share/bumperbot_cpp_examples/package.dsv'
[2.907s] INFO:colcon.colcon_core.shell:Creating package script '/home/ml_nd/bumperbot_ws/install/bumperbot_cpp_examples/share/bumperbot_cpp_examples/package.sh'
[2.908s] INFO:colcon.colcon_core.shell:Creating package script '/home/ml_nd/bumperbot_ws/install/bumperbot_cpp_examples/share/bumperbot_cpp_examples/package.bash'
[2.909s] INFO:colcon.colcon_core.shell:Creating package script '/home/ml_nd/bumperbot_ws/install/bumperbot_cpp_examples/share/bumperbot_cpp_examples/package.zsh'
[2.910s] Level 1:colcon.colcon_core.environment:create_file_with_runtime_dependencies(/home/ml_nd/bumperbot_ws/install/bumperbot_cpp_examples/share/colcon-core/packages/bumperbot_cpp_examples)
[3.014s] Level 1:colcon.colcon_core.environment:create_environment_scripts_only(bumperbot_cpp_examples)
[3.044s] Level 1:colcon.colcon_core.environment:checking '/home/ml_nd/bumperbot_ws/install/bumperbot_cpp_examples' for CMake module files
[3.045s] Level 1:colcon.colcon_core.environment:checking '/home/ml_nd/bumperbot_ws/install/bumperbot_cpp_examples' for CMake config files
[3.046s] Level 1:colcon.colcon_core.shell:create_environment_hook('bumperbot_cpp_examples', 'cmake_prefix_path')
[3.079s] INFO:colcon.colcon_core.shell:Creating environment hook '/home/ml_nd/bumperbot_ws/install/bumperbot_cpp_examples/share/bumperbot_cpp_examples/hook/cmake_prefix_path.ps1'
[3.080s] INFO:colcon.colcon_core.shell:Creating environment descriptor '/home/ml_nd/bumperbot_ws/install/bumperbot_cpp_examples/share/bumperbot_cpp_examples/hook/cmake_prefix_path.dsv'
[3.080s] INFO:colcon.colcon_core.shell:Creating environment hook '/home/ml_nd/bumperbot_ws/install/bumperbot_cpp_examples/share/bumperbot_cpp_examples/hook/cmake_prefix_path.sh'
[3.081s] Level 1:colcon.colcon_core.environment:checking '/home/ml_nd/bumperbot_ws/install/bumperbot_cpp_examples/lib'
[3.081s] Level 1:colcon.colcon_core.environment:checking '/home/ml_nd/bumperbot_ws/install/bumperbot_cpp_examples/bin'
[3.081s] Level 1:colcon.colcon_core.environment:checking '/home/ml_nd/bumperbot_ws/install/bumperbot_cpp_examples/lib/pkgconfig/bumperbot_cpp_examples.pc'
[3.082s] Level 1:colcon.colcon_core.environment:checking '/home/ml_nd/bumperbot_ws/install/bumperbot_cpp_examples/lib/python3.10/site-packages'
[3.082s] Level 1:colcon.colcon_core.environment:checking '/home/ml_nd/bumperbot_ws/install/bumperbot_cpp_examples/bin'
[3.115s] INFO:colcon.colcon_core.shell:Creating package script '/home/ml_nd/bumperbot_ws/install/bumperbot_cpp_examples/share/bumperbot_cpp_examples/package.ps1'
[3.116s] INFO:colcon.colcon_core.shell:Creating package descriptor '/home/ml_nd/bumperbot_ws/install/bumperbot_cpp_examples/share/bumperbot_cpp_examples/package.dsv'
[3.116s] INFO:colcon.colcon_core.shell:Creating package script '/home/ml_nd/bumperbot_ws/install/bumperbot_cpp_examples/share/bumperbot_cpp_examples/package.sh'
[3.117s] INFO:colcon.colcon_core.shell:Creating package script '/home/ml_nd/bumperbot_ws/install/bumperbot_cpp_examples/share/bumperbot_cpp_examples/package.bash'
[3.118s] INFO:colcon.colcon_core.shell:Creating package script '/home/ml_nd/bumperbot_ws/install/bumperbot_cpp_examples/share/bumperbot_cpp_examples/package.zsh'
[3.118s] Level 1:colcon.colcon_core.environment:create_file_with_runtime_dependencies(/home/ml_nd/bumperbot_ws/install/bumperbot_cpp_examples/share/colcon-core/packages/bumperbot_cpp_examples)
[3.344s] DEBUG:colcon.colcon_core.event_handler.log_command:Invoked command in '/home/ml_nd/bumperbot_ws/src/bumperbot_py_examples' returned '0': PYTHONPATH=/home/ml_nd/bumperbot_ws/build/bumperbot_py_examples/prefix_override:/home/ml_nd/bumperbot_ws/install/bumperbot_py_examples/lib/python3.10/site-packages:${PYTHONPATH} /usr/bin/python3 setup.py egg_info --egg-base ../../build/bumperbot_py_examples build --build-base /home/ml_nd/bumperbot_ws/build/bumperbot_py_examples/build install --record /home/ml_nd/bumperbot_ws/build/bumperbot_py_examples/install.log --single-version-externally-managed
[3.359s] Level 1:colcon.colcon_core.environment:checking '/home/ml_nd/bumperbot_ws/install/bumperbot_py_examples' for CMake module files
[3.360s] Level 1:colcon.colcon_core.environment:checking '/home/ml_nd/bumperbot_ws/install/bumperbot_py_examples' for CMake config files
[3.361s] Level 1:colcon.colcon_core.environment:checking '/home/ml_nd/bumperbot_ws/install/bumperbot_py_examples/lib'
[3.361s] Level 1:colcon.colcon_core.environment:checking '/home/ml_nd/bumperbot_ws/install/bumperbot_py_examples/bin'
[3.361s] Level 1:colcon.colcon_core.environment:checking '/home/ml_nd/bumperbot_ws/install/bumperbot_py_examples/lib/pkgconfig/bumperbot_py_examples.pc'
[3.362s] Level 1:colcon.colcon_core.environment:checking '/home/ml_nd/bumperbot_ws/install/bumperbot_py_examples/lib/python3.10/site-packages'
[3.362s] Level 1:colcon.colcon_core.shell:create_environment_hook('bumperbot_py_examples', 'pythonpath')
[3.384s] INFO:colcon.colcon_core.shell:Creating environment hook '/home/ml_nd/bumperbot_ws/install/bumperbot_py_examples/share/bumperbot_py_examples/hook/pythonpath.ps1'
[3.385s] INFO:colcon.colcon_core.shell:Creating environment descriptor '/home/ml_nd/bumperbot_ws/install/bumperbot_py_examples/share/bumperbot_py_examples/hook/pythonpath.dsv'
[3.385s] INFO:colcon.colcon_core.shell:Creating environment hook '/home/ml_nd/bumperbot_ws/install/bumperbot_py_examples/share/bumperbot_py_examples/hook/pythonpath.sh'
[3.386s] Level 1:colcon.colcon_core.environment:checking '/home/ml_nd/bumperbot_ws/install/bumperbot_py_examples/bin'
[3.386s] Level 1:colcon.colcon_core.environment:create_environment_scripts_only(bumperbot_py_examples)
[3.405s] INFO:colcon.colcon_core.shell:Creating package script '/home/ml_nd/bumperbot_ws/install/bumperbot_py_examples/share/bumperbot_py_examples/package.ps1'
[3.406s] INFO:colcon.colcon_core.shell:Creating package descriptor '/home/ml_nd/bumperbot_ws/install/bumperbot_py_examples/share/bumperbot_py_examples/package.dsv'
[3.406s] INFO:colcon.colcon_core.shell:Creating package script '/home/ml_nd/bumperbot_ws/install/bumperbot_py_examples/share/bumperbot_py_examples/package.sh'
[3.407s] INFO:colcon.colcon_core.shell:Creating package script '/home/ml_nd/bumperbot_ws/install/bumperbot_py_examples/share/bumperbot_py_examples/package.bash'
[3.408s] INFO:colcon.colcon_core.shell:Creating package script '/home/ml_nd/bumperbot_ws/install/bumperbot_py_examples/share/bumperbot_py_examples/package.zsh'
[3.408s] Level 1:colcon.colcon_core.environment:create_file_with_runtime_dependencies(/home/ml_nd/bumperbot_ws/install/bumperbot_py_examples/share/colcon-core/packages/bumperbot_py_examples)
[3.409s] DEBUG:colcon.colcon_parallel_executor.executor.parallel:closing loop
[3.409s] DEBUG:colcon.colcon_parallel_executor.executor.parallel:loop closed
[3.410s] DEBUG:colcon.colcon_parallel_executor.executor.parallel:run_until_complete finished with '0'
[3.410s] DEBUG:colcon.colcon_core.event_reactor:joining thread
[3.446s] INFO:colcon.colcon_core.plugin_system:Skipping extension 'colcon_notification.desktop_notification.terminal_notifier': Not used on non-Darwin systems
[3.446s] INFO:colcon.colcon_core.plugin_system:Skipping extension 'colcon_notification.desktop_notification.win32': Not used on non-Windows systems
[3.446s] INFO:colcon.colcon_notification.desktop_notification:Sending desktop notification using 'notify2'
[3.464s] DEBUG:colcon.colcon_core.event_reactor:joined thread
[3.489s] INFO:colcon.colcon_core.shell:Creating prefix script '/home/ml_nd/bumperbot_ws/install/local_setup.ps1'
[3.491s] INFO:colcon.colcon_core.shell:Creating prefix util module '/home/ml_nd/bumperbot_ws/install/_local_setup_util_ps1.py'
[3.493s] INFO:colcon.colcon_core.shell:Creating prefix chain script '/home/ml_nd/bumperbot_ws/install/setup.ps1'
[3.519s] INFO:colcon.colcon_core.shell:Creating prefix script '/home/ml_nd/bumperbot_ws/install/local_setup.sh'
[3.521s] INFO:colcon.colcon_core.shell:Creating prefix util module '/home/ml_nd/bumperbot_ws/install/_local_setup_util_sh.py'
[3.521s] INFO:colcon.colcon_core.shell:Creating prefix chain script '/home/ml_nd/bumperbot_ws/install/setup.sh'
[3.542s] INFO:colcon.colcon_core.shell:Creating prefix script '/home/ml_nd/bumperbot_ws/install/local_setup.bash'
[3.543s] INFO:colcon.colcon_core.shell:Creating prefix chain script '/home/ml_nd/bumperbot_ws/install/setup.bash'
[3.560s] INFO:colcon.colcon_core.shell:Creating prefix script '/home/ml_nd/bumperbot_ws/install/local_setup.zsh'
[3.561s] INFO:colcon.colcon_core.shell:Creating prefix chain script '/home/ml_nd/bumperbot_ws/install/setup.zsh'
