[1.689s] Invoking command in '/home/ml_nd/bumperbot_ws/build/bumperbot_controller': CMAKE_PREFIX_PATH=/opt/ros/humble /usr/bin/cmake --build /home/ml_nd/bumperbot_ws/build/bumperbot_controller -- -j4 -l4
[2.232s] [100%] Built target simple_controller
[2.403s] [100%] Built target ament_cmake_python_copy_bumperbot_controller
[4.290s] running egg_info
[4.294s] writing bumperbot_controller.egg-info/PKG-INFO
[4.294s] writing dependency_links to bumperbot_controller.egg-info/dependency_links.txt
[4.295s] writing top-level names to bumperbot_controller.egg-info/top_level.txt
[4.313s] reading manifest file 'bumperbot_controller.egg-info/SOURCES.txt'
[4.314s] writing manifest file 'bumperbot_controller.egg-info/SOURCES.txt'
[4.531s] [100%] Built target ament_cmake_python_build_bumperbot_controller_egg
[4.637s] Invoked command in '/home/ml_nd/bumperbot_ws/build/bumperbot_controller' returned '0': CMAKE_PREFIX_PATH=/opt/ros/humble /usr/bin/cmake --build /home/ml_nd/bumperbot_ws/build/bumperbot_controller -- -j4 -l4
[5.789s] Invoking command in '/home/ml_nd/bumperbot_ws/build/bumperbot_controller': CMAKE_PREFIX_PATH=/opt/ros/humble /usr/bin/cmake --install /home/ml_nd/bumperbot_ws/build/bumperbot_controller
[5.942s] -- Install configuration: ""
[5.942s] -- Up-to-date: /home/ml_nd/bumperbot_ws/install/bumperbot_controller/share/bumperbot_controller/environment/pythonpath.sh
[5.943s] -- Up-to-date: /home/ml_nd/bumperbot_ws/install/bumperbot_controller/share/bumperbot_controller/environment/pythonpath.dsv
[5.952s] -- Up-to-date: /home/ml_nd/bumperbot_ws/install/bumperbot_controller/local/lib/python3.10/dist-packages/bumperbot_controller-0.0.0-py3.10.egg-info
[5.953s] -- Installing: /home/ml_nd/bumperbot_ws/install/bumperbot_controller/local/lib/python3.10/dist-packages/bumperbot_controller-0.0.0-py3.10.egg-info/SOURCES.txt
[5.954s] -- Installing: /home/ml_nd/bumperbot_ws/install/bumperbot_controller/local/lib/python3.10/dist-packages/bumperbot_controller-0.0.0-py3.10.egg-info/dependency_links.txt
[5.955s] -- Installing: /home/ml_nd/bumperbot_ws/install/bumperbot_controller/local/lib/python3.10/dist-packages/bumperbot_controller-0.0.0-py3.10.egg-info/top_level.txt
[5.967s] -- Installing: /home/ml_nd/bumperbot_ws/install/bumperbot_controller/local/lib/python3.10/dist-packages/bumperbot_controller-0.0.0-py3.10.egg-info/PKG-INFO
[5.980s] -- Up-to-date: /home/ml_nd/bumperbot_ws/install/bumperbot_controller/local/lib/python3.10/dist-packages/bumperbot_controller
[5.980s] -- Up-to-date: /home/ml_nd/bumperbot_ws/install/bumperbot_controller/local/lib/python3.10/dist-packages/bumperbot_controller/simple_controller.py
[5.981s] -- Up-to-date: /home/ml_nd/bumperbot_ws/install/bumperbot_controller/local/lib/python3.10/dist-packages/bumperbot_controller/__init__.py
[6.412s] Listing '/home/ml_nd/bumperbot_ws/install/bumperbot_controller/local/lib/python3.10/dist-packages/bumperbot_controller'...
[6.443s] -- Up-to-date: /home/ml_nd/bumperbot_ws/install/bumperbot_controller/include/include
[6.443s] -- Up-to-date: /home/ml_nd/bumperbot_ws/install/bumperbot_controller/include/include/bumperbot_controller
[6.444s] -- Up-to-date: /home/ml_nd/bumperbot_ws/install/bumperbot_controller/include/include/bumperbot_controller/simple_controller.hpp
[6.444s] -- Up-to-date: /home/ml_nd/bumperbot_ws/install/bumperbot_controller/lib/bumperbot_controller/simple_controller
[6.444s] -- Up-to-date: /home/ml_nd/bumperbot_ws/install/bumperbot_controller/share/bumperbot_controller/launch
[6.444s] -- Up-to-date: /home/ml_nd/bumperbot_ws/install/bumperbot_controller/share/bumperbot_controller/launch/controller.launch.py
[6.445s] -- Installing: /home/ml_nd/bumperbot_ws/install/bumperbot_controller/share/bumperbot_controller/launch/joystick_teleop.launch.py
[6.445s] -- Up-to-date: /home/ml_nd/bumperbot_ws/install/bumperbot_controller/share/bumperbot_controller/config
[6.445s] -- Installing: /home/ml_nd/bumperbot_ws/install/bumperbot_controller/share/bumperbot_controller/config/joy_teleop.yaml
[6.445s] -- Installing: /home/ml_nd/bumperbot_ws/install/bumperbot_controller/share/bumperbot_controller/config/joy_config.yaml
[6.446s] -- Up-to-date: /home/ml_nd/bumperbot_ws/install/bumperbot_controller/share/bumperbot_controller/config/bumperbot_controllers.yaml
[6.446s] -- Up-to-date: /home/ml_nd/bumperbot_ws/install/bumperbot_controller/lib/bumperbot_controller/simple_controller.py
[6.447s] -- Up-to-date: /home/ml_nd/bumperbot_ws/install/bumperbot_controller/share/ament_index/resource_index/package_run_dependencies/bumperbot_controller
[6.447s] -- Up-to-date: /home/ml_nd/bumperbot_ws/install/bumperbot_controller/share/ament_index/resource_index/parent_prefix_path/bumperbot_controller
[6.448s] -- Up-to-date: /home/ml_nd/bumperbot_ws/install/bumperbot_controller/share/bumperbot_controller/environment/ament_prefix_path.sh
[6.448s] -- Up-to-date: /home/ml_nd/bumperbot_ws/install/bumperbot_controller/share/bumperbot_controller/environment/ament_prefix_path.dsv
[6.449s] -- Up-to-date: /home/ml_nd/bumperbot_ws/install/bumperbot_controller/share/bumperbot_controller/environment/path.sh
[6.450s] -- Up-to-date: /home/ml_nd/bumperbot_ws/install/bumperbot_controller/share/bumperbot_controller/environment/path.dsv
[6.451s] -- Up-to-date: /home/ml_nd/bumperbot_ws/install/bumperbot_controller/share/bumperbot_controller/local_setup.bash
[6.460s] -- Up-to-date: /home/ml_nd/bumperbot_ws/install/bumperbot_controller/share/bumperbot_controller/local_setup.sh
[6.460s] -- Up-to-date: /home/ml_nd/bumperbot_ws/install/bumperbot_controller/share/bumperbot_controller/local_setup.zsh
[6.461s] -- Up-to-date: /home/ml_nd/bumperbot_ws/install/bumperbot_controller/share/bumperbot_controller/local_setup.dsv
[6.461s] -- Installing: /home/ml_nd/bumperbot_ws/install/bumperbot_controller/share/bumperbot_controller/package.dsv
[6.461s] -- Up-to-date: /home/ml_nd/bumperbot_ws/install/bumperbot_controller/share/ament_index/resource_index/packages/bumperbot_controller
[6.461s] -- Up-to-date: /home/ml_nd/bumperbot_ws/install/bumperbot_controller/share/bumperbot_controller/cmake/bumperbot_controllerConfig.cmake
[6.462s] -- Up-to-date: /home/ml_nd/bumperbot_ws/install/bumperbot_controller/share/bumperbot_controller/cmake/bumperbot_controllerConfig-version.cmake
[6.462s] -- Up-to-date: /home/ml_nd/bumperbot_ws/install/bumperbot_controller/share/bumperbot_controller/package.xml
[7.262s] Invoked command in '/home/ml_nd/bumperbot_ws/build/bumperbot_controller' returned '0': CMAKE_PREFIX_PATH=/opt/ros/humble /usr/bin/cmake --install /home/ml_nd/bumperbot_ws/build/bumperbot_controller
